# JRE version: Java(TM) SE Runtime Environment (8.0_111-b14) (build 1.8.0_111-b14)
# Java VM: Java HotSpot(TM) 64-Bit Server VM (25.111-b14 mixed mode windows-amd64 compressed oops)
Heap:
 PSYoungGen      total 244736K, used 187322K [0x00000000d5b80000, 0x00000000e5f00000, 0x0000000100000000)
  eden space 231424K, 75% used [0x00000000d5b80000,0x00000000e0570820,0x00000000e3d80000)
  from space 13312K, 99% used [0x00000000e5200000,0x00000000e5efe040,0x00000000e5f00000)
  to   space 16896K, 0% used [0x00000000e3e00000,0x00000000e3e00000,0x00000000e4e80000)
 ParOldGen       total 106496K, used 74600K [0x0000000081200000, 0x0000000087a00000, 0x00000000d5b80000)
  object space 106496K, 70% used [0x0000000081200000,0x0000000085ada1b8,0x0000000087a00000)
 Metaspace       used 26449K, capacity 26881K, committed 27136K, reserved 1073152K
  class space    used 3867K, capacity 4000K, committed 4096K, reserved 1048576K
GC Heap History (10 events):
Event: 5.843 GC heap before
{Heap before GC invocations=8 (full 2):
 PSYoungGen      total 133120K, used 12291K [0x00000000d5b80000, 0x00000000ded80000, 0x0000000100000000)
  eden space 119808K, 0% used [0x00000000d5b80000,0x00000000d5b80000,0x00000000dd080000)
  from space 13312K, 92% used [0x00000000ddf80000,0x00000000deb80f48,0x00000000dec80000)
  to   space 14848K, 0% used [0x00000000dd080000,0x00000000dd080000,0x00000000ddf00000)
 ParOldGen       total 57344K, used 40847K [0x0000000081200000, 0x0000000084a00000, 0x00000000d5b80000)
  object space 57344K, 71% used [0x0000000081200000,0x00000000839e3d18,0x0000000084a00000)
 Metaspace       used 25478K, capacity 25857K, committed 25984K, reserved 1071104K
  class space    used 3845K, capacity 3936K, committed 3968K, reserved 1048576K
Event: 5.894 GC heap after
Heap after GC invocations=8 (full 2):
 PSYoungGen      total 133120K, used 0K [0x00000000d5b80000, 0x00000000ded80000, 0x0000000100000000)
  eden space 119808K, 0% used [0x00000000d5b80000,0x00000000d5b80000,0x00000000dd080000)
  from space 13312K, 0% used [0x00000000ddf80000,0x00000000ddf80000,0x00000000dec80000)
  to   space 14848K, 0% used [0x00000000dd080000,0x00000000dd080000,0x00000000ddf00000)
 ParOldGen       total 106496K, used 33536K [0x0000000081200000, 0x0000000087a00000, 0x00000000d5b80000)
  object space 106496K, 31% used [0x0000000081200000,0x00000000832c0118,0x0000000087a00000)
 Metaspace       used 25478K, capacity 25857K, committed 25984K, reserved 1071104K
  class space    used 3845K, capacity 3936K, committed 3968K, reserved 1048576K
}
Event: 6.951 GC heap before
{Heap before GC invocations=9 (full 2):
 PSYoungGen      total 133120K, used 118877K [0x00000000d5b80000, 0x00000000ded80000, 0x0000000100000000)
  eden space 119808K, 99% used [0x00000000d5b80000,0x00000000dcf97470,0x00000000dd080000)
  from space 13312K, 0% used [0x00000000ddf80000,0x00000000ddf80000,0x00000000dec80000)
  to   space 14848K, 0% used [0x00000000dd080000,0x00000000dd080000,0x00000000ddf00000)
 ParOldGen       total 106496K, used 33536K [0x0000000081200000, 0x0000000087a00000, 0x00000000d5b80000)
  object space 106496K, 31% used [0x0000000081200000,0x00000000832c0118,0x0000000087a00000)
 Metaspace       used 25885K, capacity 26273K, committed 26496K, reserved 1071104K
  class space    used 3855K, capacity 3968K, committed 3968K, reserved 1048576K
Event: 6.959 GC heap after
Heap after GC invocations=9 (full 2):
 PSYoungGen      total 134656K, used 7808K [0x00000000d5b80000, 0x00000000e3180000, 0x0000000100000000)
  eden space 119808K, 0% used [0x00000000d5b80000,0x00000000d5b80000,0x00000000dd080000)
  from space 14848K, 52% used [0x00000000dd080000,0x00000000dd820070,0x00000000ddf00000)
  to   space 14336K, 0% used [0x00000000e2380000,0x00000000e2380000,0x00000000e3180000)
 ParOldGen       total 106496K, used 33544K [0x0000000081200000, 0x0000000087a00000, 0x00000000d5b80000)
  object space 106496K, 31% used [0x0000000081200000,0x00000000832c2118,0x0000000087a00000)
 Metaspace       used 25885K, capacity 26273K, committed 26496K, reserved 1071104K
  class space    used 3855K, capacity 3968K, committed 3968K, reserved 1048576K
}
Event: 7.943 GC heap before
{Heap before GC invocations=10 (full 2):
 PSYoungGen      total 134656K, used 127616K [0x00000000d5b80000, 0x00000000e3180000, 0x0000000100000000)
  eden space 119808K, 100% used [0x00000000d5b80000,0x00000000dd080000,0x00000000dd080000)
  from space 14848K, 52% used [0x00000000dd080000,0x00000000dd820070,0x00000000ddf00000)
  to   space 14336K, 0% used [0x00000000e2380000,0x00000000e2380000,0x00000000e3180000)
 ParOldGen       total 106496K, used 33544K [0x0000000081200000, 0x0000000087a00000, 0x00000000d5b80000)
  object space 106496K, 31% used [0x0000000081200000,0x00000000832c2118,0x0000000087a00000)
 Metaspace       used 26031K, capacity 26401K, committed 26496K, reserved 1071104K
  class space    used 3855K, capacity 3968K, committed 3968K, reserved 1048576K
Event: 7.949 GC heap after
Heap after GC invocations=10 (full 2):
 PSYoungGen      total 189440K, used 5024K [0x00000000d5b80000, 0x00000000e2980000, 0x0000000100000000)
  eden space 183296K, 0% used [0x00000000d5b80000,0x00000000d5b80000,0x00000000e0e80000)
  from space 6144K, 81% used [0x00000000e2380000,0x00000000e2868010,0x00000000e2980000)
  to   space 13824K, 0% used [0x00000000e0e80000,0x00000000e0e80000,0x00000000e1c00000)
 ParOldGen       total 106496K, used 33552K [0x0000000081200000, 0x0000000087a00000, 0x00000000d5b80000)
  object space 106496K, 31% used [0x0000000081200000,0x00000000832c4118,0x0000000087a00000)
 Metaspace       used 26031K, capacity 26401K, committed 26496K, reserved 1071104K
  class space    used 3855K, capacity 3968K, committed 3968K, reserved 1048576K
}
Event: 9.424 GC heap before
{Heap before GC invocations=11 (full 2):
 PSYoungGen      total 189440K, used 187274K [0x00000000d5b80000, 0x00000000e2980000, 0x0000000100000000)
  eden space 183296K, 99% used [0x00000000d5b80000,0x00000000e0d7ab10,0x00000000e0e80000)
  from space 6144K, 81% used [0x00000000e2380000,0x00000000e2868010,0x00000000e2980000)
  to   space 13824K, 0% used [0x00000000e0e80000,0x00000000e0e80000,0x00000000e1c00000)
 ParOldGen       total 106496K, used 33552K [0x0000000081200000, 0x0000000087a00000, 0x00000000d5b80000)
  object space 106496K, 31% used [0x0000000081200000,0x00000000832c4118,0x0000000087a00000)
 Metaspace       used 26188K, capacity 26593K, committed 26752K, reserved 1073152K
  class space    used 3855K, capacity 3968K, committed 3968K, reserved 1048576K
Event: 9.436 GC heap after
Heap after GC invocations=11 (full 2):
 PSYoungGen      total 197120K, used 13688K [0x00000000d5b80000, 0x00000000e6180000, 0x0000000100000000)
  eden space 183296K, 0% used [0x00000000d5b80000,0x00000000d5b80000,0x00000000e0e80000)
  from space 13824K, 99% used [0x00000000e0e80000,0x00000000e1bde040,0x00000000e1c00000)
  to   space 15872K, 0% used [0x00000000e5200000,0x00000000e5200000,0x00000000e6180000)
 ParOldGen       total 106496K, used 54040K [0x0000000081200000, 0x0000000087a00000, 0x00000000d5b80000)
  object space 106496K, 50% used [0x0000000081200000,0x00000000846c6168,0x0000000087a00000)
 Metaspace       used 26188K, capacity 26593K, committed 26752K, reserved 1073152K
  class space    used 3855K, capacity 3968K, committed 3968K, reserved 1048576K
}
Event: 10.691 GC heap before
{Heap before GC invocations=12 (full 2):
 PSYoungGen      total 197120K, used 196984K [0x00000000d5b80000, 0x00000000e6180000, 0x0000000100000000)
  eden space 183296K, 100% used [0x00000000d5b80000,0x00000000e0e80000,0x00000000e0e80000)
  from space 13824K, 99% used [0x00000000e0e80000,0x00000000e1bde040,0x00000000e1c00000)
  to   space 15872K, 0% used [0x00000000e5200000,0x00000000e5200000,0x00000000e6180000)
 ParOldGen       total 106496K, used 54040K [0x0000000081200000, 0x0000000087a00000, 0x00000000d5b80000)
  object space 106496K, 50% used [0x0000000081200000,0x00000000846c6168,0x0000000087a00000)
 Metaspace       used 26203K, capacity 26657K, committed 26752K, reserved 1073152K
  class space    used 3855K, capacity 3968K, committed 3968K, reserved 1048576K
Event: 10.700 GC heap after
Heap after GC invocations=12 (full 2):
 PSYoungGen      total 244736K, used 13304K [0x00000000d5b80000, 0x00000000e5f00000, 0x0000000100000000)
  eden space 231424K, 0% used [0x00000000d5b80000,0x00000000d5b80000,0x00000000e3d80000)
  from space 13312K, 99% used [0x00000000e5200000,0x00000000e5efe040,0x00000000e5f00000)
  to   space 16896K, 0% used [0x00000000e3e00000,0x00000000e3e00000,0x00000000e4e80000)
 ParOldGen       total 106496K, used 74600K [0x0000000081200000, 0x0000000087a00000, 0x00000000d5b80000)
  object space 106496K, 70% used [0x0000000081200000,0x0000000085ada1b8,0x0000000087a00000)
 Metaspace       used 26203K, capacity 26657K, committed 26752K, reserved 1073152K
  class space    used 3855K, capacity 3968K, committed 3968K, reserved 1048576K
}

