# JRE version: Java(TM) SE Runtime Environment (8.0_111-b14) (build 1.8.0_111-b14)
# Java VM: Java HotSpot(TM) 64-Bit Server VM (25.111-b14 mixed mode windows-amd64 compressed oops)
Heap:
 PSYoungGen      total 323584K, used 150550K [0x00000000d5b80000, 0x00000000eba00000, 0x0000000100000000)
  eden space 299520K, 44% used [0x00000000d5b80000,0x00000000ddcd3708,0x00000000e8000000)
  from space 24064K, 75% used [0x00000000ea280000,0x00000000eb432370,0x00000000eba00000)
  to   space 29696K, 0% used [0x00000000e8000000,0x00000000e8000000,0x00000000e9d00000)
 ParOldGen       total 103424K, used 41407K [0x0000000081200000, 0x0000000087700000, 0x00000000d5b80000)
  object space 103424K, 40% used [0x0000000081200000,0x0000000083a6fe08,0x0000000087700000)
 Metaspace       used 26627K, capacity 27009K, committed 27392K, reserved 1073152K
  class space    used 3884K, capacity 4000K, committed 4096K, reserved 1048576K
GC Heap History (10 events):
Event: 9.574 GC heap before
{Heap before GC invocations=8 (full 1):
 PSYoungGen      total 130048K, used 127179K [0x00000000d5b80000, 0x00000000de400000, 0x0000000100000000)
  eden space 122368K, 97% used [0x00000000d5b80000,0x00000000dd094b80,0x00000000dd300000)
  from space 7680K, 94% used [0x00000000ddc80000,0x00000000de39e2c8,0x00000000de400000)
  to   space 8704K, 0% used [0x00000000dd300000,0x00000000dd300000,0x00000000ddb80000)
 ParOldGen       total 53248K, used 12897K [0x0000000081200000, 0x0000000084600000, 0x00000000d5b80000)
  object space 53248K, 24% used [0x0000000081200000,0x0000000081e984f0,0x0000000084600000)
 Metaspace       used 26288K, capacity 26753K, committed 27136K, reserved 1073152K
  class space    used 3875K, capacity 4000K, committed 4096K, reserved 1048576K
Event: 9.596 GC heap after
Heap after GC invocations=8 (full 1):
 PSYoungGen      total 131072K, used 8675K [0x00000000d5b80000, 0x00000000e6900000, 0x0000000100000000)
  eden space 122368K, 0% used [0x00000000d5b80000,0x00000000d5b80000,0x00000000dd300000)
  from space 8704K, 99% used [0x00000000dd300000,0x00000000ddb78e30,0x00000000ddb80000)
  to   space 27648K, 0% used [0x00000000e4e00000,0x00000000e4e00000,0x00000000e6900000)
 ParOldGen       total 53248K, used 48754K [0x0000000081200000, 0x0000000084600000, 0x00000000d5b80000)
  object space 53248K, 91% used [0x0000000081200000,0x000000008419c8d0,0x0000000084600000)
 Metaspace       used 26288K, capacity 26753K, committed 27136K, reserved 1073152K
  class space    used 3875K, capacity 4000K, committed 4096K, reserved 1048576K
}
Event: 9.596 GC heap before
{Heap before GC invocations=9 (full 2):
 PSYoungGen      total 131072K, used 8675K [0x00000000d5b80000, 0x00000000e6900000, 0x0000000100000000)
  eden space 122368K, 0% used [0x00000000d5b80000,0x00000000d5b80000,0x00000000dd300000)
  from space 8704K, 99% used [0x00000000dd300000,0x00000000ddb78e30,0x00000000ddb80000)
  to   space 27648K, 0% used [0x00000000e4e00000,0x00000000e4e00000,0x00000000e6900000)
 ParOldGen       total 53248K, used 48754K [0x0000000081200000, 0x0000000084600000, 0x00000000d5b80000)
  object space 53248K, 91% used [0x0000000081200000,0x000000008419c8d0,0x0000000084600000)
 Metaspace       used 26288K, capacity 26753K, committed 27136K, reserved 1073152K
  class space    used 3875K, capacity 4000K, committed 4096K, reserved 1048576K
Event: 9.647 GC heap after
Heap after GC invocations=9 (full 2):
 PSYoungGen      total 131072K, used 0K [0x00000000d5b80000, 0x00000000e6900000, 0x0000000100000000)
  eden space 122368K, 0% used [0x00000000d5b80000,0x00000000d5b80000,0x00000000dd300000)
  from space 8704K, 0% used [0x00000000dd300000,0x00000000dd300000,0x00000000ddb80000)
  to   space 27648K, 0% used [0x00000000e4e00000,0x00000000e4e00000,0x00000000e6900000)
 ParOldGen       total 103424K, used 37119K [0x0000000081200000, 0x0000000087700000, 0x00000000d5b80000)
  object space 103424K, 35% used [0x0000000081200000,0x000000008363fd20,0x0000000087700000)
 Metaspace       used 26288K, capacity 26753K, committed 27136K, reserved 1073152K
  class space    used 3875K, capacity 4000K, committed 4096K, reserved 1048576K
}
Event: 10.825 GC heap before
{Heap before GC invocations=10 (full 2):
 PSYoungGen      total 131072K, used 122368K [0x00000000d5b80000, 0x00000000e6900000, 0x0000000100000000)
  eden space 122368K, 100% used [0x00000000d5b80000,0x00000000dd300000,0x00000000dd300000)
  from space 8704K, 0% used [0x00000000dd300000,0x00000000dd300000,0x00000000ddb80000)
  to   space 27648K, 0% used [0x00000000e4e00000,0x00000000e4e00000,0x00000000e6900000)
 ParOldGen       total 103424K, used 37119K [0x0000000081200000, 0x0000000087700000, 0x00000000d5b80000)
  object space 103424K, 35% used [0x0000000081200000,0x000000008363fd20,0x0000000087700000)
 Metaspace       used 26386K, capacity 26817K, committed 27136K, reserved 1073152K
  class space    used 3876K, capacity 4000K, committed 4096K, reserved 1048576K
Event: 10.836 GC heap after
Heap after GC invocations=10 (full 2):
 PSYoungGen      total 242176K, used 25536K [0x00000000d5b80000, 0x00000000e6b00000, 0x0000000100000000)
  eden space 214528K, 0% used [0x00000000d5b80000,0x00000000d5b80000,0x00000000e2d00000)
  from space 27648K, 92% used [0x00000000e4e00000,0x00000000e66f0060,0x00000000e6900000)
  to   space 31744K, 0% used [0x00000000e2d00000,0x00000000e2d00000,0x00000000e4c00000)
 ParOldGen       total 103424K, used 41223K [0x0000000081200000, 0x0000000087700000, 0x00000000d5b80000)
  object space 103424K, 39% used [0x0000000081200000,0x0000000083a41d30,0x0000000087700000)
 Metaspace       used 26386K, capacity 26817K, committed 27136K, reserved 1073152K
  class space    used 3876K, capacity 4000K, committed 4096K, reserved 1048576K
}
Event: 12.734 GC heap before
{Heap before GC invocations=11 (full 2):
 PSYoungGen      total 242176K, used 240064K [0x00000000d5b80000, 0x00000000e6b00000, 0x0000000100000000)
  eden space 214528K, 100% used [0x00000000d5b80000,0x00000000e2d00000,0x00000000e2d00000)
  from space 27648K, 92% used [0x00000000e4e00000,0x00000000e66f0060,0x00000000e6900000)
  to   space 31744K, 0% used [0x00000000e2d00000,0x00000000e2d00000,0x00000000e4c00000)
 ParOldGen       total 103424K, used 41223K [0x0000000081200000, 0x0000000087700000, 0x00000000d5b80000)
  object space 103424K, 39% used [0x0000000081200000,0x0000000083a41d30,0x0000000087700000)
 Metaspace       used 26502K, capacity 26881K, committed 27136K, reserved 1073152K
  class space    used 3881K, capacity 4000K, committed 4096K, reserved 1048576K
Event: 12.743 GC heap after
Heap after GC invocations=11 (full 2):
 PSYoungGen      total 246272K, used 13886K [0x00000000d5b80000, 0x00000000ebf80000, 0x0000000100000000)
  eden space 214528K, 0% used [0x00000000d5b80000,0x00000000d5b80000,0x00000000e2d00000)
  from space 31744K, 43% used [0x00000000e2d00000,0x00000000e3a8fa50,0x00000000e4c00000)
  to   space 29696K, 0% used [0x00000000ea280000,0x00000000ea280000,0x00000000ebf80000)
 ParOldGen       total 103424K, used 41231K [0x0000000081200000, 0x0000000087700000, 0x00000000d5b80000)
  object space 103424K, 39% used [0x0000000081200000,0x0000000083a43d30,0x0000000087700000)
 Metaspace       used 26502K, capacity 26881K, committed 27136K, reserved 1073152K
  class space    used 3881K, capacity 4000K, committed 4096K, reserved 1048576K
}
Event: 14.528 GC heap before
{Heap before GC invocations=12 (full 2):
 PSYoungGen      total 246272K, used 228414K [0x00000000d5b80000, 0x00000000ebf80000, 0x0000000100000000)
  eden space 214528K, 100% used [0x00000000d5b80000,0x00000000e2d00000,0x00000000e2d00000)
  from space 31744K, 43% used [0x00000000e2d00000,0x00000000e3a8fa50,0x00000000e4c00000)
  to   space 29696K, 0% used [0x00000000ea280000,0x00000000ea280000,0x00000000ebf80000)
 ParOldGen       total 103424K, used 41231K [0x0000000081200000, 0x0000000087700000, 0x00000000d5b80000)
  object space 103424K, 39% used [0x0000000081200000,0x0000000083a43e08,0x0000000087700000)
 Metaspace       used 26559K, capacity 26945K, committed 27136K, reserved 1073152K
  class space    used 3882K, capacity 4000K, committed 4096K, reserved 1048576K
Event: 14.540 GC heap after
Heap after GC invocations=12 (full 2):
 PSYoungGen      total 323584K, used 18120K [0x00000000d5b80000, 0x00000000eba00000, 0x0000000100000000)
  eden space 299520K, 0% used [0x00000000d5b80000,0x00000000d5b80000,0x00000000e8000000)
  from space 24064K, 75% used [0x00000000ea280000,0x00000000eb432370,0x00000000eba00000)
  to   space 29696K, 0% used [0x00000000e8000000,0x00000000e8000000,0x00000000e9d00000)
 ParOldGen       total 103424K, used 41407K [0x0000000081200000, 0x0000000087700000, 0x00000000d5b80000)
  object space 103424K, 40% used [0x0000000081200000,0x0000000083a6fe08,0x0000000087700000)
 Metaspace       used 26559K, capacity 26945K, committed 27136K, reserved 1073152K
  class space    used 3882K, capacity 4000K, committed 4096K, reserved 1048576K
}

