# JRE version: Java(TM) SE Runtime Environment (8.0_111-b14) (build 1.8.0_111-b14)
# Java VM: Java HotSpot(TM) 64-Bit Server VM (25.111-b14 mixed mode windows-amd64 compressed oops)
Heap:
 PSYoungGen      total 246272K, used 55090K [0x00000000d5b80000, 0x00000000e8400000, 0x0000000100000000)
  eden space 228352K, 20% used [0x00000000d5b80000,0x00000000d8a13b18,0x00000000e3a80000)
  from space 17920K, 41% used [0x00000000e3a80000,0x00000000e41b8ed0,0x00000000e4c00000)
  to   space 17408K, 0% used [0x00000000e7300000,0x00000000e7300000,0x00000000e8400000)
 ParOldGen       total 122368K, used 53210K [0x0000000081200000, 0x0000000088980000, 0x00000000d5b80000)
  object space 122368K, 43% used [0x0000000081200000,0x00000000845f69b8,0x0000000088980000)
 Metaspace       used 26564K, capacity 27009K, committed 27392K, reserved 1073152K
  class space    used 3880K, capacity 4000K, committed 4096K, reserved 1048576K
GC Heap History (10 events):
Event: 10.999 GC heap before
{Heap before GC invocations=11 (full 2):
 PSYoungGen      total 160256K, used 159808K [0x00000000d5b80000, 0x00000000e1000000, 0x0000000100000000)
  eden space 146944K, 100% used [0x00000000d5b80000,0x00000000deb00000,0x00000000deb00000)
  from space 13312K, 96% used [0x00000000e0300000,0x00000000e0f90030,0x00000000e1000000)
  to   space 16384K, 0% used [0x00000000df000000,0x00000000df000000,0x00000000e0000000)
 ParOldGen       total 122368K, used 36802K [0x0000000081200000, 0x0000000088980000, 0x00000000d5b80000)
  object space 122368K, 30% used [0x0000000081200000,0x00000000835f0978,0x0000000088980000)
 Metaspace       used 26292K, capacity 26753K, committed 27136K, reserved 1073152K
  class space    used 3871K, capacity 4000K, committed 4096K, reserved 1048576K
Event: 11.007 GC heap after
Heap after GC invocations=11 (full 2):
 PSYoungGen      total 168448K, used 13472K [0x00000000d5b80000, 0x00000000e3780000, 0x0000000100000000)
  eden space 152064K, 0% used [0x00000000d5b80000,0x00000000d5b80000,0x00000000df000000)
  from space 16384K, 82% used [0x00000000df000000,0x00000000dfd28030,0x00000000e0000000)
  to   space 17408K, 0% used [0x00000000e2680000,0x00000000e2680000,0x00000000e3780000)
 ParOldGen       total 122368K, used 49098K [0x0000000081200000, 0x0000000088980000, 0x00000000d5b80000)
  object space 122368K, 40% used [0x0000000081200000,0x00000000841f29a8,0x0000000088980000)
 Metaspace       used 26292K, capacity 26753K, committed 27136K, reserved 1073152K
  class space    used 3871K, capacity 4000K, committed 4096K, reserved 1048576K
}
Event: 12.411 GC heap before
{Heap before GC invocations=12 (full 2):
 PSYoungGen      total 168448K, used 165536K [0x00000000d5b80000, 0x00000000e3780000, 0x0000000100000000)
  eden space 152064K, 100% used [0x00000000d5b80000,0x00000000df000000,0x00000000df000000)
  from space 16384K, 82% used [0x00000000df000000,0x00000000dfd28030,0x00000000e0000000)
  to   space 17408K, 0% used [0x00000000e2680000,0x00000000e2680000,0x00000000e3780000)
 ParOldGen       total 122368K, used 49098K [0x0000000081200000, 0x0000000088980000, 0x00000000d5b80000)
  object space 122368K, 40% used [0x0000000081200000,0x00000000841f29a8,0x0000000088980000)
 Metaspace       used 26343K, capacity 26817K, committed 27136K, reserved 1073152K
  class space    used 3871K, capacity 4000K, committed 4096K, reserved 1048576K
Event: 12.418 GC heap after
Heap after GC invocations=12 (full 2):
 PSYoungGen      total 206848K, used 13496K [0x00000000d5b80000, 0x00000000e3c80000, 0x0000000100000000)
  eden space 189440K, 0% used [0x00000000d5b80000,0x00000000d5b80000,0x00000000e1480000)
  from space 17408K, 77% used [0x00000000e2680000,0x00000000e33ae040,0x00000000e3780000)
  to   space 18432K, 0% used [0x00000000e1480000,0x00000000e1480000,0x00000000e2680000)
 ParOldGen       total 122368K, used 53202K [0x0000000081200000, 0x0000000088980000, 0x00000000d5b80000)
  object space 122368K, 43% used [0x0000000081200000,0x00000000845f49b8,0x0000000088980000)
 Metaspace       used 26343K, capacity 26817K, committed 27136K, reserved 1073152K
  class space    used 3871K, capacity 4000K, committed 4096K, reserved 1048576K
}
Event: 14.697 GC heap before
{Heap before GC invocations=13 (full 2):
 PSYoungGen      total 206848K, used 202936K [0x00000000d5b80000, 0x00000000e3c80000, 0x0000000100000000)
  eden space 189440K, 100% used [0x00000000d5b80000,0x00000000e1480000,0x00000000e1480000)
  from space 17408K, 77% used [0x00000000e2680000,0x00000000e33ae040,0x00000000e3780000)
  to   space 18432K, 0% used [0x00000000e1480000,0x00000000e1480000,0x00000000e2680000)
 ParOldGen       total 122368K, used 53202K [0x0000000081200000, 0x0000000088980000, 0x00000000d5b80000)
  object space 122368K, 43% used [0x0000000081200000,0x00000000845f49b8,0x0000000088980000)
 Metaspace       used 26454K, capacity 26817K, committed 27136K, reserved 1073152K
  class space    used 3876K, capacity 4000K, committed 4096K, reserved 1048576K
Event: 14.701 GC heap after
Heap after GC invocations=13 (full 2):
 PSYoungGen      total 207872K, used 1930K [0x00000000d5b80000, 0x00000000e6580000, 0x0000000100000000)
  eden space 189440K, 0% used [0x00000000d5b80000,0x00000000d5b80000,0x00000000e1480000)
  from space 18432K, 10% used [0x00000000e1480000,0x00000000e1662b38,0x00000000e2680000)
  to   space 18944K, 0% used [0x00000000e5300000,0x00000000e5300000,0x00000000e6580000)
 ParOldGen       total 122368K, used 53210K [0x0000000081200000, 0x0000000088980000, 0x00000000d5b80000)
  object space 122368K, 43% used [0x0000000081200000,0x00000000845f69b8,0x0000000088980000)
 Metaspace       used 26454K, capacity 26817K, committed 27136K, reserved 1073152K
  class space    used 3876K, capacity 4000K, committed 4096K, reserved 1048576K
}
Event: 20.957 GC heap before
{Heap before GC invocations=14 (full 2):
 PSYoungGen      total 207872K, used 191370K [0x00000000d5b80000, 0x00000000e6580000, 0x0000000100000000)
  eden space 189440K, 100% used [0x00000000d5b80000,0x00000000e1480000,0x00000000e1480000)
  from space 18432K, 10% used [0x00000000e1480000,0x00000000e1662b38,0x00000000e2680000)
  to   space 18944K, 0% used [0x00000000e5300000,0x00000000e5300000,0x00000000e6580000)
 ParOldGen       total 122368K, used 53210K [0x0000000081200000, 0x0000000088980000, 0x00000000d5b80000)
  object space 122368K, 43% used [0x0000000081200000,0x00000000845f69b8,0x0000000088980000)
 Metaspace       used 26494K, capacity 26945K, committed 27136K, reserved 1073152K
  class space    used 3877K, capacity 4000K, committed 4096K, reserved 1048576K
Event: 20.968 GC heap after
Heap after GC invocations=14 (full 2):
 PSYoungGen      total 239104K, used 6755K [0x00000000d5b80000, 0x00000000e5d80000, 0x0000000100000000)
  eden space 228352K, 0% used [0x00000000d5b80000,0x00000000d5b80000,0x00000000e3a80000)
  from space 10752K, 62% used [0x00000000e5300000,0x00000000e5998ed0,0x00000000e5d80000)
  to   space 17920K, 0% used [0x00000000e3a80000,0x00000000e3a80000,0x00000000e4c00000)
 ParOldGen       total 122368K, used 53210K [0x0000000081200000, 0x0000000088980000, 0x00000000d5b80000)
  object space 122368K, 43% used [0x0000000081200000,0x00000000845f69b8,0x0000000088980000)
 Metaspace       used 26494K, capacity 26945K, committed 27136K, reserved 1073152K
  class space    used 3877K, capacity 4000K, committed 4096K, reserved 1048576K
}
Event: 28.879 GC heap before
{Heap before GC invocations=15 (full 2):
 PSYoungGen      total 239104K, used 235107K [0x00000000d5b80000, 0x00000000e5d80000, 0x0000000100000000)
  eden space 228352K, 100% used [0x00000000d5b80000,0x00000000e3a80000,0x00000000e3a80000)
  from space 10752K, 62% used [0x00000000e5300000,0x00000000e5998ed0,0x00000000e5d80000)
  to   space 17920K, 0% used [0x00000000e3a80000,0x00000000e3a80000,0x00000000e4c00000)
 ParOldGen       total 122368K, used 53210K [0x0000000081200000, 0x0000000088980000, 0x00000000d5b80000)
  object space 122368K, 43% used [0x0000000081200000,0x00000000845f69b8,0x0000000088980000)
 Metaspace       used 26494K, capacity 26945K, committed 27136K, reserved 1073152K
  class space    used 3877K, capacity 4000K, committed 4096K, reserved 1048576K
Event: 28.891 GC heap after
Heap after GC invocations=15 (full 2):
 PSYoungGen      total 246272K, used 7395K [0x00000000d5b80000, 0x00000000e8400000, 0x0000000100000000)
  eden space 228352K, 0% used [0x00000000d5b80000,0x00000000d5b80000,0x00000000e3a80000)
  from space 17920K, 41% used [0x00000000e3a80000,0x00000000e41b8ed0,0x00000000e4c00000)
  to   space 17408K, 0% used [0x00000000e7300000,0x00000000e7300000,0x00000000e8400000)
 ParOldGen       total 122368K, used 53210K [0x0000000081200000, 0x0000000088980000, 0x00000000d5b80000)
  object space 122368K, 43% used [0x0000000081200000,0x00000000845f69b8,0x0000000088980000)
 Metaspace       used 26494K, capacity 26945K, committed 27136K, reserved 1073152K
  class space    used 3877K, capacity 4000K, committed 4096K, reserved 1048576K
}

