# JRE version: Java(TM) SE Runtime Environment (8.0_111-b14) (build 1.8.0_111-b14)
# Java VM: Java HotSpot(TM) 64-Bit Server VM (25.111-b14 mixed mode windows-amd64 compressed oops)
Heap:
 PSYoungGen      total 231936K, used 27071K [0x00000000d5b80000, 0x00000000e8980000, 0x0000000100000000)
  eden space 220672K, 12% used [0x00000000d5b80000,0x00000000d75efda0,0x00000000e3300000)
  from space 11264K, 0% used [0x00000000e3300000,0x00000000e3300000,0x00000000e3e00000)
  to   space 12288K, 0% used [0x00000000e7d80000,0x00000000e7d80000,0x00000000e8980000)
 ParOldGen       total 138240K, used 37971K [0x0000000081200000, 0x0000000089900000, 0x00000000d5b80000)
  object space 138240K, 27% used [0x0000000081200000,0x0000000083714d30,0x0000000089900000)
 Metaspace       used 26536K, capacity 26913K, committed 27264K, reserved 1073152K
  class space    used 3869K, capacity 3968K, committed 3968K, reserved 1048576K
GC Heap History (10 events):
Event: 11.214 GC heap before
{Heap before GC invocations=10 (full 2):
 PSYoungGen      total 115712K, used 103253K [0x00000000d5b80000, 0x00000000e1e80000, 0x0000000100000000)
  eden space 105472K, 97% used [0x00000000d5b80000,0x00000000dc055600,0x00000000dc280000)
  from space 10240K, 0% used [0x00000000dc280000,0x00000000dc280000,0x00000000dcc80000)
  to   space 10240K, 0% used [0x00000000e1480000,0x00000000e1480000,0x00000000e1e80000)
 ParOldGen       total 117248K, used 41107K [0x0000000081200000, 0x0000000088480000, 0x00000000d5b80000)
  object space 117248K, 35% used [0x0000000081200000,0x0000000083a24ff0,0x0000000088480000)
 Metaspace       used 26224K, capacity 26657K, committed 27008K, reserved 1073152K
  class space    used 3861K, capacity 3968K, committed 3968K, reserved 1048576K
Event: 11.220 GC heap after
Heap after GC invocations=10 (full 2):
 PSYoungGen      total 176128K, used 8864K [0x00000000d5b80000, 0x00000000e1d80000, 0x0000000100000000)
  eden space 166912K, 0% used [0x00000000d5b80000,0x00000000d5b80000,0x00000000dfe80000)
  from space 9216K, 96% used [0x00000000e1480000,0x00000000e1d28020,0x00000000e1d80000)
  to   space 10752K, 0% used [0x00000000e0880000,0x00000000e0880000,0x00000000e1300000)
 ParOldGen       total 117248K, used 57500K [0x0000000081200000, 0x0000000088480000, 0x00000000d5b80000)
  object space 117248K, 49% used [0x0000000081200000,0x0000000084a27030,0x0000000088480000)
 Metaspace       used 26224K, capacity 26657K, committed 27008K, reserved 1073152K
  class space    used 3861K, capacity 3968K, committed 3968K, reserved 1048576K
}
Event: 12.512 GC heap before
{Heap before GC invocations=11 (full 2):
 PSYoungGen      total 176128K, used 175776K [0x00000000d5b80000, 0x00000000e1d80000, 0x0000000100000000)
  eden space 166912K, 100% used [0x00000000d5b80000,0x00000000dfe80000,0x00000000dfe80000)
  from space 9216K, 96% used [0x00000000e1480000,0x00000000e1d28020,0x00000000e1d80000)
  to   space 10752K, 0% used [0x00000000e0880000,0x00000000e0880000,0x00000000e1300000)
 ParOldGen       total 117248K, used 57508K [0x0000000081200000, 0x0000000088480000, 0x00000000d5b80000)
  object space 117248K, 49% used [0x0000000081200000,0x0000000084a29040,0x0000000088480000)
 Metaspace       used 26302K, capacity 26721K, committed 27008K, reserved 1073152K
  class space    used 3861K, capacity 3968K, committed 3968K, reserved 1048576K
Event: 12.521 GC heap after
Heap after GC invocations=11 (full 2):
 PSYoungGen      total 187904K, used 9464K [0x00000000d5b80000, 0x00000000e4900000, 0x0000000100000000)
  eden space 177152K, 0% used [0x00000000d5b80000,0x00000000d5b80000,0x00000000e0880000)
  from space 10752K, 88% used [0x00000000e0880000,0x00000000e11be030,0x00000000e1300000)
  to   space 11264K, 0% used [0x00000000e3e00000,0x00000000e3e00000,0x00000000e4900000)
 ParOldGen       total 117248K, used 65708K [0x0000000081200000, 0x0000000088480000, 0x00000000d5b80000)
  object space 117248K, 56% used [0x0000000081200000,0x000000008522b060,0x0000000088480000)
 Metaspace       used 26302K, capacity 26721K, committed 27008K, reserved 1073152K
  class space    used 3861K, capacity 3968K, committed 3968K, reserved 1048576K
}
Event: 14.066 GC heap before
{Heap before GC invocations=12 (full 2):
 PSYoungGen      total 187904K, used 186616K [0x00000000d5b80000, 0x00000000e4900000, 0x0000000100000000)
  eden space 177152K, 100% used [0x00000000d5b80000,0x00000000e0880000,0x00000000e0880000)
  from space 10752K, 88% used [0x00000000e0880000,0x00000000e11be030,0x00000000e1300000)
  to   space 11264K, 0% used [0x00000000e3e00000,0x00000000e3e00000,0x00000000e4900000)
 ParOldGen       total 117248K, used 65709K [0x0000000081200000, 0x0000000088480000, 0x00000000d5b80000)
  object space 117248K, 56% used [0x0000000081200000,0x000000008522b648,0x0000000088480000)
 Metaspace       used 26463K, capacity 26849K, committed 27008K, reserved 1073152K
  class space    used 3867K, capacity 3968K, committed 3968K, reserved 1048576K
Event: 14.072 GC heap after
Heap after GC invocations=12 (full 2):
 PSYoungGen      total 231936K, used 4270K [0x00000000d5b80000, 0x00000000e5080000, 0x0000000100000000)
  eden space 220672K, 0% used [0x00000000d5b80000,0x00000000d5b80000,0x00000000e3300000)
  from space 11264K, 37% used [0x00000000e3e00000,0x00000000e422bab0,0x00000000e4900000)
  to   space 11264K, 0% used [0x00000000e3300000,0x00000000e3300000,0x00000000e3e00000)
 ParOldGen       total 117248K, used 65885K [0x0000000081200000, 0x0000000088480000, 0x00000000d5b80000)
  object space 117248K, 56% used [0x0000000081200000,0x0000000085257648,0x0000000088480000)
 Metaspace       used 26463K, capacity 26849K, committed 27008K, reserved 1073152K
  class space    used 3867K, capacity 3968K, committed 3968K, reserved 1048576K
}
Event: 15.655 GC heap before
{Heap before GC invocations=13 (full 2):
 PSYoungGen      total 231936K, used 221202K [0x00000000d5b80000, 0x00000000e5080000, 0x0000000100000000)
  eden space 220672K, 98% used [0x00000000d5b80000,0x00000000e2f590f8,0x00000000e3300000)
  from space 11264K, 37% used [0x00000000e3e00000,0x00000000e422bab0,0x00000000e4900000)
  to   space 11264K, 0% used [0x00000000e3300000,0x00000000e3300000,0x00000000e3e00000)
 ParOldGen       total 117248K, used 65885K [0x0000000081200000, 0x0000000088480000, 0x00000000d5b80000)
  object space 117248K, 56% used [0x0000000081200000,0x0000000085257648,0x0000000088480000)
 Metaspace       used 26471K, capacity 26849K, committed 27008K, reserved 1073152K
  class space    used 3867K, capacity 3968K, committed 3968K, reserved 1048576K
Event: 15.676 GC heap after
Heap after GC invocations=13 (full 2):
 PSYoungGen      total 231936K, used 10024K [0x00000000d5b80000, 0x00000000e8980000, 0x0000000100000000)
  eden space 220672K, 0% used [0x00000000d5b80000,0x00000000d5b80000,0x00000000e3300000)
  from space 11264K, 88% used [0x00000000e3300000,0x00000000e3cca350,0x00000000e3e00000)
  to   space 12288K, 0% used [0x00000000e7d80000,0x00000000e7d80000,0x00000000e8980000)
 ParOldGen       total 117248K, used 94701K [0x0000000081200000, 0x0000000088480000, 0x00000000d5b80000)
  object space 117248K, 80% used [0x0000000081200000,0x0000000086e7b6c8,0x0000000088480000)
 Metaspace       used 26471K, capacity 26849K, committed 27008K, reserved 1073152K
  class space    used 3867K, capacity 3968K, committed 3968K, reserved 1048576K
}
Event: 15.676 GC heap before
{Heap before GC invocations=14 (full 3):
 PSYoungGen      total 231936K, used 10024K [0x00000000d5b80000, 0x00000000e8980000, 0x0000000100000000)
  eden space 220672K, 0% used [0x00000000d5b80000,0x00000000d5b80000,0x00000000e3300000)
  from space 11264K, 88% used [0x00000000e3300000,0x00000000e3cca350,0x00000000e3e00000)
  to   space 12288K, 0% used [0x00000000e7d80000,0x00000000e7d80000,0x00000000e8980000)
 ParOldGen       total 117248K, used 94701K [0x0000000081200000, 0x0000000088480000, 0x00000000d5b80000)
  object space 117248K, 80% used [0x0000000081200000,0x0000000086e7b6c8,0x0000000088480000)
 Metaspace       used 26471K, capacity 26849K, committed 27008K, reserved 1073152K
  class space    used 3867K, capacity 3968K, committed 3968K, reserved 1048576K
Event: 15.750 GC heap after
Heap after GC invocations=14 (full 3):
 PSYoungGen      total 231936K, used 0K [0x00000000d5b80000, 0x00000000e8980000, 0x0000000100000000)
  eden space 220672K, 0% used [0x00000000d5b80000,0x00000000d5b80000,0x00000000e3300000)
  from space 11264K, 0% used [0x00000000e3300000,0x00000000e3300000,0x00000000e3e00000)
  to   space 12288K, 0% used [0x00000000e7d80000,0x00000000e7d80000,0x00000000e8980000)
 ParOldGen       total 138240K, used 37971K [0x0000000081200000, 0x0000000089900000, 0x00000000d5b80000)
  object space 138240K, 27% used [0x0000000081200000,0x0000000083714d30,0x0000000089900000)
 Metaspace       used 26471K, capacity 26849K, committed 27008K, reserved 1073152K
  class space    used 3867K, capacity 3968K, committed 3968K, reserved 1048576K
}

