# JRE version: Java(TM) SE Runtime Environment (8.0_111-b14) (build 1.8.0_111-b14)
# Java VM: Java HotSpot(TM) 64-Bit Server VM (25.111-b14 mixed mode windows-amd64 compressed oops)
Heap:
 PSYoungGen      total 373760K, used 97215K [0x00000000d5b80000, 0x00000000f3880000, 0x0000000100000000)
  eden space 271360K, 35% used [0x00000000d5b80000,0x00000000db905b28,0x00000000e6480000)
  from space 102400K, 1% used [0x00000000ed480000,0x00000000ed5ea310,0x00000000f3880000)
  to   space 108544K, 0% used [0x00000000e6480000,0x00000000e6480000,0x00000000ece80000)
 ParOldGen       total 245760K, used 106119K [0x0000000081200000, 0x0000000090200000, 0x00000000d5b80000)
  object space 245760K, 43% used [0x0000000081200000,0x00000000879a1f30,0x0000000090200000)
 Metaspace       used 27202K, capacity 27553K, committed 27648K, reserved 1073152K
  class space    used 3983K, capacity 4096K, committed 4096K, reserved 1048576K
GC Heap History (10 events):
Event: 47.515 GC heap before
{Heap before GC invocations=22 (full 4):
 PSYoungGen      total 375296K, used 262112K [0x00000000d5b80000, 0x00000000f4080000, 0x0000000100000000)
  eden space 260608K, 100% used [0x00000000d5b80000,0x00000000e5a00000,0x00000000e5a00000)
  from space 114688K, 1% used [0x00000000e5a00000,0x00000000e5b78000,0x00000000eca00000)
  to   space 111104K, 0% used [0x00000000ed400000,0x00000000ed400000,0x00000000f4080000)
 ParOldGen       total 245760K, used 67881K [0x0000000081200000, 0x0000000090200000, 0x00000000d5b80000)
  object space 245760K, 27% used [0x0000000081200000,0x000000008544a5f0,0x0000000090200000)
 Metaspace       used 27169K, capacity 27553K, committed 27648K, reserved 1073152K
  class space    used 3983K, capacity 4096K, committed 4096K, reserved 1048576K
Event: 47.546 GC heap after
Heap after GC invocations=22 (full 4):
 PSYoungGen      total 370688K, used 90053K [0x00000000d5b80000, 0x00000000f5b80000, 0x0000000100000000)
  eden space 259584K, 0% used [0x00000000d5b80000,0x00000000d5b80000,0x00000000e5900000)
  from space 111104K, 81% used [0x00000000ed400000,0x00000000f2bf15c0,0x00000000f4080000)
  to   space 125952K, 0% used [0x00000000e5900000,0x00000000e5900000,0x00000000ed400000)
 ParOldGen       total 245760K, used 106111K [0x0000000081200000, 0x0000000090200000, 0x00000000d5b80000)
  object space 245760K, 43% used [0x0000000081200000,0x000000008799ff30,0x0000000090200000)
 Metaspace       used 27169K, capacity 27553K, committed 27648K, reserved 1073152K
  class space    used 3983K, capacity 4096K, committed 4096K, reserved 1048576K
}
Event: 52.068 GC heap before
{Heap before GC invocations=23 (full 4):
 PSYoungGen      total 370688K, used 348570K [0x00000000d5b80000, 0x00000000f5b80000, 0x0000000100000000)
  eden space 259584K, 99% used [0x00000000d5b80000,0x00000000e57f5440,0x00000000e5900000)
  from space 111104K, 81% used [0x00000000ed400000,0x00000000f2bf15c0,0x00000000f4080000)
  to   space 125952K, 0% used [0x00000000e5900000,0x00000000e5900000,0x00000000ed400000)
 ParOldGen       total 245760K, used 106111K [0x0000000081200000, 0x0000000090200000, 0x00000000d5b80000)
  object space 245760K, 43% used [0x0000000081200000,0x000000008799ff30,0x0000000090200000)
 Metaspace       used 27185K, capacity 27553K, committed 27648K, reserved 1073152K
  class space    used 3983K, capacity 4096K, committed 4096K, reserved 1048576K
Event: 52.074 GC heap after
Heap after GC invocations=23 (full 4):
 PSYoungGen      total 385536K, used 1576K [0x00000000d5b80000, 0x00000000f5100000, 0x0000000100000000)
  eden space 259584K, 0% used [0x00000000d5b80000,0x00000000d5b80000,0x00000000e5900000)
  from space 125952K, 1% used [0x00000000e5900000,0x00000000e5a8a310,0x00000000ed400000)
  to   space 122368K, 0% used [0x00000000ed980000,0x00000000ed980000,0x00000000f5100000)
 ParOldGen       total 245760K, used 106111K [0x0000000081200000, 0x0000000090200000, 0x00000000d5b80000)
  object space 245760K, 43% used [0x0000000081200000,0x000000008799ff30,0x0000000090200000)
 Metaspace       used 27185K, capacity 27553K, committed 27648K, reserved 1073152K
  class space    used 3983K, capacity 4096K, committed 4096K, reserved 1048576K
}
Event: 59.301 GC heap before
{Heap before GC invocations=24 (full 4):
 PSYoungGen      total 385536K, used 260655K [0x00000000d5b80000, 0x00000000f5100000, 0x0000000100000000)
  eden space 259584K, 99% used [0x00000000d5b80000,0x00000000e5881b60,0x00000000e5900000)
  from space 125952K, 1% used [0x00000000e5900000,0x00000000e5a8a310,0x00000000ed400000)
  to   space 122368K, 0% used [0x00000000ed980000,0x00000000ed980000,0x00000000f5100000)
 ParOldGen       total 245760K, used 106111K [0x0000000081200000, 0x0000000090200000, 0x00000000d5b80000)
  object space 245760K, 43% used [0x0000000081200000,0x000000008799ff30,0x0000000090200000)
 Metaspace       used 27188K, capacity 27553K, committed 27648K, reserved 1073152K
  class space    used 3983K, capacity 4096K, committed 4096K, reserved 1048576K
Event: 59.305 GC heap after
Heap after GC invocations=24 (full 4):
 PSYoungGen      total 377856K, used 1672K [0x00000000d5b80000, 0x00000000f4600000, 0x0000000100000000)
  eden space 266752K, 0% used [0x00000000d5b80000,0x00000000d5b80000,0x00000000e6000000)
  from space 111104K, 1% used [0x00000000ed980000,0x00000000edb22310,0x00000000f4600000)
  to   space 117760K, 0% used [0x00000000e6000000,0x00000000e6000000,0x00000000ed300000)
 ParOldGen       total 245760K, used 106111K [0x0000000081200000, 0x0000000090200000, 0x00000000d5b80000)
  object space 245760K, 43% used [0x0000000081200000,0x000000008799ff30,0x0000000090200000)
 Metaspace       used 27188K, capacity 27553K, committed 27648K, reserved 1073152K
  class space    used 3983K, capacity 4096K, committed 4096K, reserved 1048576K
}
Event: 67.226 GC heap before
{Heap before GC invocations=25 (full 4):
 PSYoungGen      total 377856K, used 268424K [0x00000000d5b80000, 0x00000000f4600000, 0x0000000100000000)
  eden space 266752K, 100% used [0x00000000d5b80000,0x00000000e6000000,0x00000000e6000000)
  from space 111104K, 1% used [0x00000000ed980000,0x00000000edb22310,0x00000000f4600000)
  to   space 117760K, 0% used [0x00000000e6000000,0x00000000e6000000,0x00000000ed300000)
 ParOldGen       total 245760K, used 106111K [0x0000000081200000, 0x0000000090200000, 0x00000000d5b80000)
  object space 245760K, 43% used [0x0000000081200000,0x000000008799ff30,0x0000000090200000)
 Metaspace       used 27188K, capacity 27553K, committed 27648K, reserved 1073152K
  class space    used 3983K, capacity 4096K, committed 4096K, reserved 1048576K
Event: 67.231 GC heap after
Heap after GC invocations=25 (full 4):
 PSYoungGen      total 384512K, used 1544K [0x00000000d5b80000, 0x00000000f4380000, 0x0000000100000000)
  eden space 266752K, 0% used [0x00000000d5b80000,0x00000000d5b80000,0x00000000e6000000)
  from space 117760K, 1% used [0x00000000e6000000,0x00000000e6182310,0x00000000ed300000)
  to   space 113664K, 0% used [0x00000000ed480000,0x00000000ed480000,0x00000000f4380000)
 ParOldGen       total 245760K, used 106111K [0x0000000081200000, 0x0000000090200000, 0x00000000d5b80000)
  object space 245760K, 43% used [0x0000000081200000,0x000000008799ff30,0x0000000090200000)
 Metaspace       used 27188K, capacity 27553K, committed 27648K, reserved 1073152K
  class space    used 3983K, capacity 4096K, committed 4096K, reserved 1048576K
}
Event: 79.416 GC heap before
{Heap before GC invocations=26 (full 4):
 PSYoungGen      total 384512K, used 266965K [0x00000000d5b80000, 0x00000000f4380000, 0x0000000100000000)
  eden space 266752K, 99% used [0x00000000d5b80000,0x00000000e5eb3460,0x00000000e6000000)
  from space 117760K, 1% used [0x00000000e6000000,0x00000000e6182310,0x00000000ed300000)
  to   space 113664K, 0% used [0x00000000ed480000,0x00000000ed480000,0x00000000f4380000)
 ParOldGen       total 245760K, used 106111K [0x0000000081200000, 0x0000000090200000, 0x00000000d5b80000)
  object space 245760K, 43% used [0x0000000081200000,0x000000008799ff30,0x0000000090200000)
 Metaspace       used 27194K, capacity 27553K, committed 27648K, reserved 1073152K
  class space    used 3983K, capacity 4096K, committed 4096K, reserved 1048576K
Event: 79.421 GC heap after
Heap after GC invocations=26 (full 4):
 PSYoungGen      total 373760K, used 1448K [0x00000000d5b80000, 0x00000000f3880000, 0x0000000100000000)
  eden space 271360K, 0% used [0x00000000d5b80000,0x00000000d5b80000,0x00000000e6480000)
  from space 102400K, 1% used [0x00000000ed480000,0x00000000ed5ea310,0x00000000f3880000)
  to   space 108544K, 0% used [0x00000000e6480000,0x00000000e6480000,0x00000000ece80000)
 ParOldGen       total 245760K, used 106119K [0x0000000081200000, 0x0000000090200000, 0x00000000d5b80000)
  object space 245760K, 43% used [0x0000000081200000,0x00000000879a1f30,0x0000000090200000)
 Metaspace       used 27194K, capacity 27553K, committed 27648K, reserved 1073152K
  class space    used 3983K, capacity 4096K, committed 4096K, reserved 1048576K
}

