# JRE version: Java(TM) SE Runtime Environment (8.0_111-b14) (build 1.8.0_111-b14)
# Java VM: Java HotSpot(TM) 64-Bit Server VM (25.111-b14 mixed mode windows-amd64 compressed oops)
Heap:
 PSYoungGen      total 344576K, used 26275K [0x00000000d5b80000, 0x00000000ebf00000, 0x0000000100000000)
  eden space 327168K, 7% used [0x00000000d5b80000,0x00000000d735eb90,0x00000000e9b00000)
  from space 17408K, 10% used [0x00000000eae00000,0x00000000eafca310,0x00000000ebf00000)
  to   space 18432K, 0% used [0x00000000e9b00000,0x00000000e9b00000,0x00000000ead00000)
 ParOldGen       total 361984K, used 193933K [0x0000000081200000, 0x0000000097380000, 0x00000000d5b80000)
  object space 361984K, 53% used [0x0000000081200000,0x000000008cf63640,0x0000000097380000)
 Metaspace       used 27487K, capacity 27905K, committed 28288K, reserved 1073152K
  class space    used 4012K, capacity 4128K, committed 4224K, reserved 1048576K
GC Heap History (10 events):
Event: 217.865 GC heap before
{Heap before GC invocations=46 (full 6):
 PSYoungGen      total 349696K, used 324362K [0x00000000d5b80000, 0x00000000ec980000, 0x0000000100000000)
  eden space 323584K, 99% used [0x00000000d5b80000,0x00000000e9698678,0x00000000e9780000)
  from space 26112K, 6% used [0x00000000e9780000,0x00000000e992a310,0x00000000eb100000)
  to   space 24576K, 0% used [0x00000000eb180000,0x00000000eb180000,0x00000000ec980000)
 ParOldGen       total 361984K, used 182657K [0x0000000081200000, 0x0000000097380000, 0x00000000d5b80000)
  object space 361984K, 50% used [0x0000000081200000,0x000000008c4605c0,0x0000000097380000)
 Metaspace       used 27252K, capacity 27617K, committed 27904K, reserved 1073152K
  class space    used 3981K, capacity 4096K, committed 4096K, reserved 1048576K
Event: 217.874 GC heap after
Heap after GC invocations=46 (full 6):
 PSYoungGen      total 346112K, used 1672K [0x00000000d5b80000, 0x00000000ec600000, 0x0000000100000000)
  eden space 325120K, 0% used [0x00000000d5b80000,0x00000000d5b80000,0x00000000e9900000)
  from space 20992K, 7% used [0x00000000eb180000,0x00000000eb322310,0x00000000ec600000)
  to   space 23040K, 0% used [0x00000000e9900000,0x00000000e9900000,0x00000000eaf80000)
 ParOldGen       total 361984K, used 182657K [0x0000000081200000, 0x0000000097380000, 0x00000000d5b80000)
  object space 361984K, 50% used [0x0000000081200000,0x000000008c4605c0,0x0000000097380000)
 Metaspace       used 27252K, capacity 27617K, committed 27904K, reserved 1073152K
  class space    used 3981K, capacity 4096K, committed 4096K, reserved 1048576K
}
Event: 238.385 GC heap before
{Heap before GC invocations=47 (full 6):
 PSYoungGen      total 346112K, used 325880K [0x00000000d5b80000, 0x00000000ec600000, 0x0000000100000000)
  eden space 325120K, 99% used [0x00000000d5b80000,0x00000000e981bcf0,0x00000000e9900000)
  from space 20992K, 7% used [0x00000000eb180000,0x00000000eb322310,0x00000000ec600000)
  to   space 23040K, 0% used [0x00000000e9900000,0x00000000e9900000,0x00000000eaf80000)
 ParOldGen       total 361984K, used 182657K [0x0000000081200000, 0x0000000097380000, 0x00000000d5b80000)
  object space 361984K, 50% used [0x0000000081200000,0x000000008c4605c0,0x0000000097380000)
 Metaspace       used 27252K, capacity 27617K, committed 27904K, reserved 1073152K
  class space    used 3981K, capacity 4096K, committed 4096K, reserved 1048576K
Event: 238.393 GC heap after
Heap after GC invocations=47 (full 6):
 PSYoungGen      total 348160K, used 1640K [0x00000000d5b80000, 0x00000000ec580000, 0x0000000100000000)
  eden space 325120K, 0% used [0x00000000d5b80000,0x00000000d5b80000,0x00000000e9900000)
  from space 23040K, 7% used [0x00000000e9900000,0x00000000e9a9a310,0x00000000eaf80000)
  to   space 22016K, 0% used [0x00000000eb000000,0x00000000eb000000,0x00000000ec580000)
 ParOldGen       total 361984K, used 182665K [0x0000000081200000, 0x0000000097380000, 0x00000000d5b80000)
  object space 361984K, 50% used [0x0000000081200000,0x000000008c4625c0,0x0000000097380000)
 Metaspace       used 27252K, capacity 27617K, committed 27904K, reserved 1073152K
  class space    used 3981K, capacity 4096K, committed 4096K, reserved 1048576K
}
Event: 253.882 GC heap before
{Heap before GC invocations=48 (full 6):
 PSYoungGen      total 348160K, used 325596K [0x00000000d5b80000, 0x00000000ec580000, 0x0000000100000000)
  eden space 325120K, 99% used [0x00000000d5b80000,0x00000000e97dcfe0,0x00000000e9900000)
  from space 23040K, 7% used [0x00000000e9900000,0x00000000e9a9a310,0x00000000eaf80000)
  to   space 22016K, 0% used [0x00000000eb000000,0x00000000eb000000,0x00000000ec580000)
 ParOldGen       total 361984K, used 184071K [0x0000000081200000, 0x0000000097380000, 0x00000000d5b80000)
  object space 361984K, 50% used [0x0000000081200000,0x000000008c5c1ed0,0x0000000097380000)
 Metaspace       used 27434K, capacity 27841K, committed 28288K, reserved 1073152K
  class space    used 4012K, capacity 4128K, committed 4224K, reserved 1048576K
Event: 253.893 GC heap after
Heap after GC invocations=48 (full 6):
 PSYoungGen      total 344576K, used 1640K [0x00000000d5b80000, 0x00000000ec200000, 0x0000000100000000)
  eden space 326144K, 0% used [0x00000000d5b80000,0x00000000d5b80000,0x00000000e9a00000)
  from space 18432K, 8% used [0x00000000eb000000,0x00000000eb19a310,0x00000000ec200000)
  to   space 20480K, 0% used [0x00000000e9a00000,0x00000000e9a00000,0x00000000eae00000)
 ParOldGen       total 361984K, used 184079K [0x0000000081200000, 0x0000000097380000, 0x00000000d5b80000)
  object space 361984K, 50% used [0x0000000081200000,0x000000008c5c3ed0,0x0000000097380000)
 Metaspace       used 27434K, capacity 27841K, committed 28288K, reserved 1073152K
  class space    used 4012K, capacity 4128K, committed 4224K, reserved 1048576K
}
Event: 265.830 GC heap before
{Heap before GC invocations=49 (full 6):
 PSYoungGen      total 344576K, used 327784K [0x00000000d5b80000, 0x00000000ec200000, 0x0000000100000000)
  eden space 326144K, 100% used [0x00000000d5b80000,0x00000000e9a00000,0x00000000e9a00000)
  from space 18432K, 8% used [0x00000000eb000000,0x00000000eb19a310,0x00000000ec200000)
  to   space 20480K, 0% used [0x00000000e9a00000,0x00000000e9a00000,0x00000000eae00000)
 ParOldGen       total 361984K, used 193925K [0x0000000081200000, 0x0000000097380000, 0x00000000d5b80000)
  object space 361984K, 53% used [0x0000000081200000,0x000000008cf61640,0x0000000097380000)
 Metaspace       used 27477K, capacity 27905K, committed 28288K, reserved 1073152K
  class space    used 4012K, capacity 4128K, committed 4224K, reserved 1048576K
Event: 265.839 GC heap after
Heap after GC invocations=49 (full 6):
 PSYoungGen      total 346624K, used 1768K [0x00000000d5b80000, 0x00000000ec100000, 0x0000000100000000)
  eden space 326144K, 0% used [0x00000000d5b80000,0x00000000d5b80000,0x00000000e9a00000)
  from space 20480K, 8% used [0x00000000e9a00000,0x00000000e9bba310,0x00000000eae00000)
  to   space 19456K, 0% used [0x00000000eae00000,0x00000000eae00000,0x00000000ec100000)
 ParOldGen       total 361984K, used 193933K [0x0000000081200000, 0x0000000097380000, 0x00000000d5b80000)
  object space 361984K, 53% used [0x0000000081200000,0x000000008cf63640,0x0000000097380000)
 Metaspace       used 27477K, capacity 27905K, committed 28288K, reserved 1073152K
  class space    used 4012K, capacity 4128K, committed 4224K, reserved 1048576K
}
Event: 281.099 GC heap before
{Heap before GC invocations=50 (full 6):
 PSYoungGen      total 346624K, used 327912K [0x00000000d5b80000, 0x00000000ec100000, 0x0000000100000000)
  eden space 326144K, 100% used [0x00000000d5b80000,0x00000000e9a00000,0x00000000e9a00000)
  from space 20480K, 8% used [0x00000000e9a00000,0x00000000e9bba310,0x00000000eae00000)
  to   space 19456K, 0% used [0x00000000eae00000,0x00000000eae00000,0x00000000ec100000)
 ParOldGen       total 361984K, used 193933K [0x0000000081200000, 0x0000000097380000, 0x00000000d5b80000)
  object space 361984K, 53% used [0x0000000081200000,0x000000008cf63640,0x0000000097380000)
 Metaspace       used 27477K, capacity 27905K, committed 28288K, reserved 1073152K
  class space    used 4012K, capacity 4128K, committed 4224K, reserved 1048576K
Event: 281.112 GC heap after
Heap after GC invocations=50 (full 6):
 PSYoungGen      total 344576K, used 1832K [0x00000000d5b80000, 0x00000000ebf00000, 0x0000000100000000)
  eden space 327168K, 0% used [0x00000000d5b80000,0x00000000d5b80000,0x00000000e9b00000)
  from space 17408K, 10% used [0x00000000eae00000,0x00000000eafca310,0x00000000ebf00000)
  to   space 18432K, 0% used [0x00000000e9b00000,0x00000000e9b00000,0x00000000ead00000)
 ParOldGen       total 361984K, used 193933K [0x0000000081200000, 0x0000000097380000, 0x00000000d5b80000)
  object space 361984K, 53% used [0x0000000081200000,0x000000008cf63640,0x0000000097380000)
 Metaspace       used 27477K, capacity 27905K, committed 28288K, reserved 1073152K
  class space    used 4012K, capacity 4128K, committed 4224K, reserved 1048576K
}

