# JRE version: Java(TM) SE Runtime Environment (8.0_111-b14) (build 1.8.0_111-b14)
# Java VM: Java HotSpot(TM) 64-Bit Server VM (25.111-b14 mixed mode windows-amd64 compressed oops)
Heap:
 PSYoungGen      total 314880K, used 157261K [0x00000000d5b80000, 0x00000000f1600000, 0x0000000100000000)
  eden space 294400K, 50% used [0x00000000d5b80000,0x00000000dee1a7b8,0x00000000e7b00000)
  from space 20480K, 34% used [0x00000000e7b00000,0x00000000e81f8ec0,0x00000000e8f00000)
  to   space 19456K, 0% used [0x00000000f0300000,0x00000000f0300000,0x00000000f1600000)
 ParOldGen       total 57344K, used 41041K [0x0000000081200000, 0x0000000084a00000, 0x00000000d5b80000)
  object space 57344K, 71% used [0x0000000081200000,0x0000000083a14578,0x0000000084a00000)
 Metaspace       used 26466K, capacity 26881K, committed 27136K, reserved 1073152K
  class space    used 3868K, capacity 4000K, committed 4096K, reserved 1048576K
GC Heap History (10 events):
Event: 10.173 GC heap before
{Heap before GC invocations=8 (full 1):
 PSYoungGen      total 125440K, used 124581K [0x00000000d5b80000, 0x00000000de880000, 0x0000000100000000)
  eden space 113664K, 100% used [0x00000000d5b80000,0x00000000dca80000,0x00000000dca80000)
  from space 11776K, 92% used [0x00000000dd800000,0x00000000de2a95c0,0x00000000de380000)
  to   space 13824K, 0% used [0x00000000dca80000,0x00000000dca80000,0x00000000dd800000)
 ParOldGen       total 57344K, used 16207K [0x0000000081200000, 0x0000000084a00000, 0x00000000d5b80000)
  object space 57344K, 28% used [0x0000000081200000,0x00000000821d3c58,0x0000000084a00000)
 Metaspace       used 25941K, capacity 26337K, committed 26496K, reserved 1071104K
  class space    used 3855K, capacity 3968K, committed 3968K, reserved 1048576K
Event: 10.187 GC heap after
Heap after GC invocations=8 (full 1):
 PSYoungGen      total 127488K, used 13813K [0x00000000d5b80000, 0x00000000e4700000, 0x0000000100000000)
  eden space 113664K, 0% used [0x00000000d5b80000,0x00000000d5b80000,0x00000000dca80000)
  from space 13824K, 99% used [0x00000000dca80000,0x00000000dd7fd590,0x00000000dd800000)
  to   space 17408K, 0% used [0x00000000e3600000,0x00000000e3600000,0x00000000e4700000)
 ParOldGen       total 57344K, used 18814K [0x0000000081200000, 0x0000000084a00000, 0x00000000d5b80000)
  object space 57344K, 32% used [0x0000000081200000,0x000000008245fb28,0x0000000084a00000)
 Metaspace       used 25941K, capacity 26337K, committed 26496K, reserved 1071104K
  class space    used 3855K, capacity 3968K, committed 3968K, reserved 1048576K
}
Event: 11.100 GC heap before
{Heap before GC invocations=9 (full 1):
 PSYoungGen      total 127488K, used 127477K [0x00000000d5b80000, 0x00000000e4700000, 0x0000000100000000)
  eden space 113664K, 100% used [0x00000000d5b80000,0x00000000dca80000,0x00000000dca80000)
  from space 13824K, 99% used [0x00000000dca80000,0x00000000dd7fd590,0x00000000dd800000)
  to   space 17408K, 0% used [0x00000000e3600000,0x00000000e3600000,0x00000000e4700000)
 ParOldGen       total 57344K, used 18992K [0x0000000081200000, 0x0000000084a00000, 0x00000000d5b80000)
  object space 57344K, 33% used [0x0000000081200000,0x000000008248c1c8,0x0000000084a00000)
 Metaspace       used 26136K, capacity 26529K, committed 26752K, reserved 1073152K
  class space    used 3855K, capacity 3968K, committed 3968K, reserved 1048576K
Event: 11.116 GC heap after
Heap after GC invocations=9 (full 1):
 PSYoungGen      total 222208K, used 14151K [0x00000000d5b80000, 0x00000000e4980000, 0x0000000100000000)
  eden space 204800K, 0% used [0x00000000d5b80000,0x00000000d5b80000,0x00000000e2380000)
  from space 17408K, 81% used [0x00000000e3600000,0x00000000e43d1e30,0x00000000e4700000)
  to   space 18944K, 0% used [0x00000000e2380000,0x00000000e2380000,0x00000000e3600000)
 ParOldGen       total 57344K, used 31542K [0x0000000081200000, 0x0000000084a00000, 0x00000000d5b80000)
  object space 57344K, 55% used [0x0000000081200000,0x00000000830cd8f8,0x0000000084a00000)
 Metaspace       used 26136K, capacity 26529K, committed 26752K, reserved 1073152K
  class space    used 3855K, capacity 3968K, committed 3968K, reserved 1048576K
}
Event: 12.825 GC heap before
{Heap before GC invocations=10 (full 1):
 PSYoungGen      total 222208K, used 218951K [0x00000000d5b80000, 0x00000000e4980000, 0x0000000100000000)
  eden space 204800K, 100% used [0x00000000d5b80000,0x00000000e2380000,0x00000000e2380000)
  from space 17408K, 81% used [0x00000000e3600000,0x00000000e43d1e30,0x00000000e4700000)
  to   space 18944K, 0% used [0x00000000e2380000,0x00000000e2380000,0x00000000e3600000)
 ParOldGen       total 57344K, used 35644K [0x0000000081200000, 0x0000000084a00000, 0x00000000d5b80000)
  object space 57344K, 62% used [0x0000000081200000,0x00000000834cf198,0x0000000084a00000)
 Metaspace       used 26245K, capacity 26657K, committed 26752K, reserved 1073152K
  class space    used 3855K, capacity 3968K, committed 3968K, reserved 1048576K
Event: 12.832 GC heap after
Heap after GC invocations=10 (full 1):
 PSYoungGen      total 223744K, used 13712K [0x00000000d5b80000, 0x00000000ea780000, 0x0000000100000000)
  eden space 204800K, 0% used [0x00000000d5b80000,0x00000000d5b80000,0x00000000e2380000)
  from space 18944K, 72% used [0x00000000e2380000,0x00000000e30e4040,0x00000000e3600000)
  to   space 19968K, 0% used [0x00000000e9400000,0x00000000e9400000,0x00000000ea780000)
 ParOldGen       total 57344K, used 40689K [0x0000000081200000, 0x0000000084a00000, 0x00000000d5b80000)
  object space 57344K, 70% used [0x0000000081200000,0x00000000839bc558,0x0000000084a00000)
 Metaspace       used 26245K, capacity 26657K, committed 26752K, reserved 1073152K
  class space    used 3855K, capacity 3968K, committed 3968K, reserved 1048576K
}
Event: 14.702 GC heap before
{Heap before GC invocations=11 (full 1):
 PSYoungGen      total 223744K, used 218512K [0x00000000d5b80000, 0x00000000ea780000, 0x0000000100000000)
  eden space 204800K, 100% used [0x00000000d5b80000,0x00000000e2380000,0x00000000e2380000)
  from space 18944K, 72% used [0x00000000e2380000,0x00000000e30e4040,0x00000000e3600000)
  to   space 19968K, 0% used [0x00000000e9400000,0x00000000e9400000,0x00000000ea780000)
 ParOldGen       total 57344K, used 40689K [0x0000000081200000, 0x0000000084a00000, 0x00000000d5b80000)
  object space 57344K, 70% used [0x0000000081200000,0x00000000839bc558,0x0000000084a00000)
 Metaspace       used 26388K, capacity 26817K, committed 27136K, reserved 1073152K
  class space    used 3864K, capacity 4000K, committed 4096K, reserved 1048576K
Event: 14.706 GC heap after
Heap after GC invocations=11 (full 1):
 PSYoungGen      total 309760K, used 1740K [0x00000000d5b80000, 0x00000000ea300000, 0x0000000100000000)
  eden space 294400K, 0% used [0x00000000d5b80000,0x00000000d5b80000,0x00000000e7b00000)
  from space 15360K, 11% used [0x00000000e9400000,0x00000000e95b32f0,0x00000000ea300000)
  to   space 20480K, 0% used [0x00000000e7b00000,0x00000000e7b00000,0x00000000e8f00000)
 ParOldGen       total 57344K, used 40801K [0x0000000081200000, 0x0000000084a00000, 0x00000000d5b80000)
  object space 57344K, 71% used [0x0000000081200000,0x00000000839d8568,0x0000000084a00000)
 Metaspace       used 26388K, capacity 26817K, committed 27136K, reserved 1073152K
  class space    used 3864K, capacity 4000K, committed 4096K, reserved 1048576K
}
Event: 22.827 GC heap before
{Heap before GC invocations=12 (full 1):
 PSYoungGen      total 309760K, used 296140K [0x00000000d5b80000, 0x00000000ea300000, 0x0000000100000000)
  eden space 294400K, 100% used [0x00000000d5b80000,0x00000000e7b00000,0x00000000e7b00000)
  from space 15360K, 11% used [0x00000000e9400000,0x00000000e95b32f0,0x00000000ea300000)
  to   space 20480K, 0% used [0x00000000e7b00000,0x00000000e7b00000,0x00000000e8f00000)
 ParOldGen       total 57344K, used 40801K [0x0000000081200000, 0x0000000084a00000, 0x00000000d5b80000)
  object space 57344K, 71% used [0x0000000081200000,0x00000000839d8568,0x0000000084a00000)
 Metaspace       used 26399K, capacity 26817K, committed 27136K, reserved 1073152K
  class space    used 3865K, capacity 4000K, committed 4096K, reserved 1048576K
Event: 22.840 GC heap after
Heap after GC invocations=12 (full 1):
 PSYoungGen      total 314880K, used 7139K [0x00000000d5b80000, 0x00000000f1600000, 0x0000000100000000)
  eden space 294400K, 0% used [0x00000000d5b80000,0x00000000d5b80000,0x00000000e7b00000)
  from space 20480K, 34% used [0x00000000e7b00000,0x00000000e81f8ec0,0x00000000e8f00000)
  to   space 19456K, 0% used [0x00000000f0300000,0x00000000f0300000,0x00000000f1600000)
 ParOldGen       total 57344K, used 41041K [0x0000000081200000, 0x0000000084a00000, 0x00000000d5b80000)
  object space 57344K, 71% used [0x0000000081200000,0x0000000083a14578,0x0000000084a00000)
 Metaspace       used 26399K, capacity 26817K, committed 27136K, reserved 1073152K
  class space    used 3865K, capacity 4000K, committed 4096K, reserved 1048576K
}

