# JRE version: Java(TM) SE Runtime Environment (8.0_111-b14) (build 1.8.0_111-b14)
# Java VM: Java HotSpot(TM) 64-Bit Server VM (25.111-b14 mixed mode windows-amd64 compressed oops)
Heap:
 PSYoungGen      total 295936K, used 179108K [0x00000000d5b80000, 0x00000000e9d80000, 0x0000000100000000)
  eden space 269312K, 59% used [0x00000000d5b80000,0x00000000df89f030,0x00000000e6280000)
  from space 26624K, 68% used [0x00000000e8380000,0x00000000e954a370,0x00000000e9d80000)
  to   space 30208K, 0% used [0x00000000e6280000,0x00000000e6280000,0x00000000e8000000)
 ParOldGen       total 105472K, used 44702K [0x0000000081200000, 0x0000000087900000, 0x00000000d5b80000)
  object space 105472K, 42% used [0x0000000081200000,0x0000000083da79e0,0x0000000087900000)
 Metaspace       used 26630K, capacity 27009K, committed 27392K, reserved 1073152K
  class space    used 3881K, capacity 4000K, committed 4096K, reserved 1048576K
GC Heap History (10 events):
Event: 9.805 GC heap before
{Heap before GC invocations=8 (full 1):
 PSYoungGen      total 126464K, used 125758K [0x00000000d5b80000, 0x00000000de300000, 0x0000000100000000)
  eden space 117760K, 99% used [0x00000000d5b80000,0x00000000dce077a8,0x00000000dce80000)
  from space 8704K, 97% used [0x00000000dda80000,0x00000000de2c8428,0x00000000de300000)
  to   space 10240K, 0% used [0x00000000dcf00000,0x00000000dcf00000,0x00000000dd900000)
 ParOldGen       total 54784K, used 12316K [0x0000000081200000, 0x0000000084780000, 0x00000000d5b80000)
  object space 54784K, 22% used [0x0000000081200000,0x0000000081e07198,0x0000000084780000)
 Metaspace       used 26310K, capacity 26753K, committed 27136K, reserved 1073152K
  class space    used 3872K, capacity 4000K, committed 4096K, reserved 1048576K
Event: 9.826 GC heap after
Heap after GC invocations=8 (full 1):
 PSYoungGen      total 128512K, used 10229K [0x00000000d5b80000, 0x00000000e5780000, 0x0000000100000000)
  eden space 118272K, 0% used [0x00000000d5b80000,0x00000000d5b80000,0x00000000dcf00000)
  from space 10240K, 99% used [0x00000000dcf00000,0x00000000dd8fd5a0,0x00000000dd900000)
  to   space 26624K, 0% used [0x00000000e3d80000,0x00000000e3d80000,0x00000000e5780000)
 ParOldGen       total 54784K, used 42492K [0x0000000081200000, 0x0000000084780000, 0x00000000d5b80000)
  object space 54784K, 77% used [0x0000000081200000,0x0000000083b7f218,0x0000000084780000)
 Metaspace       used 26310K, capacity 26753K, committed 27136K, reserved 1073152K
  class space    used 3872K, capacity 4000K, committed 4096K, reserved 1048576K
}
Event: 9.827 GC heap before
{Heap before GC invocations=9 (full 2):
 PSYoungGen      total 128512K, used 10229K [0x00000000d5b80000, 0x00000000e5780000, 0x0000000100000000)
  eden space 118272K, 0% used [0x00000000d5b80000,0x00000000d5b80000,0x00000000dcf00000)
  from space 10240K, 99% used [0x00000000dcf00000,0x00000000dd8fd5a0,0x00000000dd900000)
  to   space 26624K, 0% used [0x00000000e3d80000,0x00000000e3d80000,0x00000000e5780000)
 ParOldGen       total 54784K, used 42492K [0x0000000081200000, 0x0000000084780000, 0x00000000d5b80000)
  object space 54784K, 77% used [0x0000000081200000,0x0000000083b7f218,0x0000000084780000)
 Metaspace       used 26310K, capacity 26753K, committed 27136K, reserved 1073152K
  class space    used 3872K, capacity 4000K, committed 4096K, reserved 1048576K
Event: 9.879 GC heap after
Heap after GC invocations=9 (full 2):
 PSYoungGen      total 128512K, used 0K [0x00000000d5b80000, 0x00000000e5780000, 0x0000000100000000)
  eden space 118272K, 0% used [0x00000000d5b80000,0x00000000d5b80000,0x00000000dcf00000)
  from space 10240K, 0% used [0x00000000dcf00000,0x00000000dcf00000,0x00000000dd900000)
  to   space 26624K, 0% used [0x00000000e3d80000,0x00000000e3d80000,0x00000000e5780000)
 ParOldGen       total 105472K, used 37148K [0x0000000081200000, 0x0000000087900000, 0x00000000d5b80000)
  object space 105472K, 35% used [0x0000000081200000,0x0000000083647038,0x0000000087900000)
 Metaspace       used 26310K, capacity 26753K, committed 27136K, reserved 1073152K
  class space    used 3872K, capacity 4000K, committed 4096K, reserved 1048576K
}
Event: 11.061 GC heap before
{Heap before GC invocations=10 (full 2):
 PSYoungGen      total 128512K, used 114889K [0x00000000d5b80000, 0x00000000e5780000, 0x0000000100000000)
  eden space 118272K, 97% used [0x00000000d5b80000,0x00000000dcbb2478,0x00000000dcf00000)
  from space 10240K, 0% used [0x00000000dcf00000,0x00000000dcf00000,0x00000000dd900000)
  to   space 26624K, 0% used [0x00000000e3d80000,0x00000000e3d80000,0x00000000e5780000)
 ParOldGen       total 105472K, used 37148K [0x0000000081200000, 0x0000000087900000, 0x00000000d5b80000)
  object space 105472K, 35% used [0x0000000081200000,0x0000000083647038,0x0000000087900000)
 Metaspace       used 26400K, capacity 26817K, committed 27136K, reserved 1073152K
  class space    used 3873K, capacity 4000K, committed 4096K, reserved 1048576K
Event: 11.073 GC heap after
Heap after GC invocations=10 (full 2):
 PSYoungGen      total 225280K, used 21344K [0x00000000d5b80000, 0x00000000e5700000, 0x0000000100000000)
  eden space 199168K, 0% used [0x00000000d5b80000,0x00000000d5b80000,0x00000000e1e00000)
  from space 26112K, 81% used [0x00000000e3d80000,0x00000000e5258050,0x00000000e5700000)
  to   space 29184K, 0% used [0x00000000e1e00000,0x00000000e1e00000,0x00000000e3a80000)
 ParOldGen       total 105472K, used 37156K [0x0000000081200000, 0x0000000087900000, 0x00000000d5b80000)
  object space 105472K, 35% used [0x0000000081200000,0x0000000083649038,0x0000000087900000)
 Metaspace       used 26400K, capacity 26817K, committed 27136K, reserved 1073152K
  class space    used 3873K, capacity 4000K, committed 4096K, reserved 1048576K
}
Event: 12.653 GC heap before
{Heap before GC invocations=11 (full 2):
 PSYoungGen      total 225280K, used 219545K [0x00000000d5b80000, 0x00000000e5700000, 0x0000000100000000)
  eden space 199168K, 99% used [0x00000000d5b80000,0x00000000e1d0e500,0x00000000e1e00000)
  from space 26112K, 81% used [0x00000000e3d80000,0x00000000e5258050,0x00000000e5700000)
  to   space 29184K, 0% used [0x00000000e1e00000,0x00000000e1e00000,0x00000000e3a80000)
 ParOldGen       total 105472K, used 40240K [0x0000000081200000, 0x0000000087900000, 0x00000000d5b80000)
  object space 105472K, 38% used [0x0000000081200000,0x000000008394c330,0x0000000087900000)
 Metaspace       used 26453K, capacity 26881K, committed 27136K, reserved 1073152K
  class space    used 3873K, capacity 4000K, committed 4096K, reserved 1048576K
Event: 12.658 GC heap after
Heap after GC invocations=11 (full 2):
 PSYoungGen      total 228352K, used 1472K [0x00000000d5b80000, 0x00000000ea000000, 0x0000000100000000)
  eden space 199168K, 0% used [0x00000000d5b80000,0x00000000d5b80000,0x00000000e1e00000)
  from space 29184K, 5% used [0x00000000e1e00000,0x00000000e1f70000,0x00000000e3a80000)
  to   space 29184K, 0% used [0x00000000e8380000,0x00000000e8380000,0x00000000ea000000)
 ParOldGen       total 105472K, used 40248K [0x0000000081200000, 0x0000000087900000, 0x00000000d5b80000)
  object space 105472K, 38% used [0x0000000081200000,0x000000008394e330,0x0000000087900000)
 Metaspace       used 26453K, capacity 26881K, committed 27136K, reserved 1073152K
  class space    used 3873K, capacity 4000K, committed 4096K, reserved 1048576K
}
Event: 14.289 GC heap before
{Heap before GC invocations=12 (full 2):
 PSYoungGen      total 228352K, used 200640K [0x00000000d5b80000, 0x00000000ea000000, 0x0000000100000000)
  eden space 199168K, 100% used [0x00000000d5b80000,0x00000000e1e00000,0x00000000e1e00000)
  from space 29184K, 5% used [0x00000000e1e00000,0x00000000e1f70000,0x00000000e3a80000)
  to   space 29184K, 0% used [0x00000000e8380000,0x00000000e8380000,0x00000000ea000000)
 ParOldGen       total 105472K, used 44526K [0x0000000081200000, 0x0000000087900000, 0x00000000d5b80000)
  object space 105472K, 42% used [0x0000000081200000,0x0000000083d7b9e0,0x0000000087900000)
 Metaspace       used 26569K, capacity 26945K, committed 27136K, reserved 1073152K
  class space    used 3879K, capacity 4000K, committed 4096K, reserved 1048576K
Event: 14.302 GC heap after
Heap after GC invocations=12 (full 2):
 PSYoungGen      total 295936K, used 18216K [0x00000000d5b80000, 0x00000000e9d80000, 0x0000000100000000)
  eden space 269312K, 0% used [0x00000000d5b80000,0x00000000d5b80000,0x00000000e6280000)
  from space 26624K, 68% used [0x00000000e8380000,0x00000000e954a370,0x00000000e9d80000)
  to   space 30208K, 0% used [0x00000000e6280000,0x00000000e6280000,0x00000000e8000000)
 ParOldGen       total 105472K, used 44702K [0x0000000081200000, 0x0000000087900000, 0x00000000d5b80000)
  object space 105472K, 42% used [0x0000000081200000,0x0000000083da79e0,0x0000000087900000)
 Metaspace       used 26569K, capacity 26945K, committed 27136K, reserved 1073152K
  class space    used 3879K, capacity 4000K, committed 4096K, reserved 1048576K
}

