# JRE version: Java(TM) SE Runtime Environment (8.0_111-b14) (build 1.8.0_111-b14)
# Java VM: Java HotSpot(TM) 64-Bit Server VM (25.111-b14 mixed mode windows-amd64 compressed oops)
Heap:
 PSYoungGen      total 102912K, used 93658K [0x00000000d5b80000, 0x00000000dfd80000, 0x0000000100000000)
  eden space 89600K, 95% used [0x00000000d5b80000,0x00000000daec8140,0x00000000db300000)
  from space 13312K, 62% used [0x00000000db300000,0x00000000dbb2e7a0,0x00000000dc000000)
  to   space 12800K, 0% used [0x00000000df100000,0x00000000df100000,0x00000000dfd80000)
 ParOldGen       total 62464K, used 18676K [0x0000000081200000, 0x0000000084f00000, 0x00000000d5b80000)
  object space 62464K, 29% used [0x0000000081200000,0x000000008243d2d8,0x0000000084f00000)
 Metaspace       used 25982K, capacity 26401K, committed 26496K, reserved 1071104K
  class space    used 3857K, capacity 3968K, committed 3968K, reserved 1048576K
GC Heap History (10 events):
Event: 4.011 GC heap before
{Heap before GC invocations=4 (full 1):
 PSYoungGen      total 38400K, used 5117K [0x00000000d5b80000, 0x00000000da680000, 0x0000000100000000)
  eden space 33280K, 0% used [0x00000000d5b80000,0x00000000d5b80000,0x00000000d7c00000)
  from space 5120K, 99% used [0x00000000d7c00000,0x00000000d80ff760,0x00000000d8100000)
  to   space 5120K, 0% used [0x00000000da180000,0x00000000da180000,0x00000000da680000)
 ParOldGen       total 87552K, used 8237K [0x0000000081200000, 0x0000000086780000, 0x00000000d5b80000)
  object space 87552K, 9% used [0x0000000081200000,0x0000000081a0b6b0,0x0000000086780000)
 Metaspace       used 20784K, capacity 21122K, committed 21248K, reserved 1067008K
  class space    used 3420K, capacity 3528K, committed 3584K, reserved 1048576K
Event: 4.056 GC heap after
Heap after GC invocations=4 (full 1):
 PSYoungGen      total 38400K, used 0K [0x00000000d5b80000, 0x00000000da680000, 0x0000000100000000)
  eden space 33280K, 0% used [0x00000000d5b80000,0x00000000d5b80000,0x00000000d7c00000)
  from space 5120K, 0% used [0x00000000d7c00000,0x00000000d7c00000,0x00000000d8100000)
  to   space 5120K, 0% used [0x00000000da180000,0x00000000da180000,0x00000000da680000)
 ParOldGen       total 62464K, used 12516K [0x0000000081200000, 0x0000000084f00000, 0x00000000d5b80000)
  object space 62464K, 20% used [0x0000000081200000,0x0000000081e39158,0x0000000084f00000)
 Metaspace       used 20784K, capacity 21122K, committed 21248K, reserved 1067008K
  class space    used 3420K, capacity 3528K, committed 3584K, reserved 1048576K
}
Event: 4.461 GC heap before
{Heap before GC invocations=5 (full 1):
 PSYoungGen      total 38400K, used 33206K [0x00000000d5b80000, 0x00000000da680000, 0x0000000100000000)
  eden space 33280K, 99% used [0x00000000d5b80000,0x00000000d7beda10,0x00000000d7c00000)
  from space 5120K, 0% used [0x00000000d7c00000,0x00000000d7c00000,0x00000000d8100000)
  to   space 5120K, 0% used [0x00000000da180000,0x00000000da180000,0x00000000da680000)
 ParOldGen       total 62464K, used 12516K [0x0000000081200000, 0x0000000084f00000, 0x00000000d5b80000)
  object space 62464K, 20% used [0x0000000081200000,0x0000000081e39158,0x0000000084f00000)
 Metaspace       used 21608K, capacity 21949K, committed 22016K, reserved 1067008K
  class space    used 3446K, capacity 3560K, committed 3584K, reserved 1048576K
Event: 4.466 GC heap after
Heap after GC invocations=5 (full 1):
 PSYoungGen      total 60928K, used 4704K [0x00000000d5b80000, 0x00000000da680000, 0x0000000100000000)
  eden space 55808K, 0% used [0x00000000d5b80000,0x00000000d5b80000,0x00000000d9200000)
  from space 5120K, 91% used [0x00000000da180000,0x00000000da618398,0x00000000da680000)
  to   space 5120K, 0% used [0x00000000d9c80000,0x00000000d9c80000,0x00000000da180000)
 ParOldGen       total 62464K, used 16620K [0x0000000081200000, 0x0000000084f00000, 0x00000000d5b80000)
  object space 62464K, 26% used [0x0000000081200000,0x000000008223b198,0x0000000084f00000)
 Metaspace       used 21608K, capacity 21949K, committed 22016K, reserved 1067008K
  class space    used 3446K, capacity 3560K, committed 3584K, reserved 1048576K
}
Event: 4.998 GC heap before
{Heap before GC invocations=6 (full 1):
 PSYoungGen      total 60928K, used 60512K [0x00000000d5b80000, 0x00000000da680000, 0x0000000100000000)
  eden space 55808K, 100% used [0x00000000d5b80000,0x00000000d9200000,0x00000000d9200000)
  from space 5120K, 91% used [0x00000000da180000,0x00000000da618398,0x00000000da680000)
  to   space 5120K, 0% used [0x00000000d9c80000,0x00000000d9c80000,0x00000000da180000)
 ParOldGen       total 62464K, used 16620K [0x0000000081200000, 0x0000000084f00000, 0x00000000d5b80000)
  object space 62464K, 26% used [0x0000000081200000,0x000000008223b198,0x0000000084f00000)
 Metaspace       used 24794K, capacity 25237K, committed 25472K, reserved 1071104K
  class space    used 3794K, capacity 3902K, committed 3968K, reserved 1048576K
Event: 5.004 GC heap after
Heap after GC invocations=6 (full 1):
 PSYoungGen      total 71680K, used 5115K [0x00000000d5b80000, 0x00000000dcb00000, 0x0000000100000000)
  eden space 66560K, 0% used [0x00000000d5b80000,0x00000000d5b80000,0x00000000d9c80000)
  from space 5120K, 99% used [0x00000000d9c80000,0x00000000da17ee10,0x00000000da180000)
  to   space 11264K, 0% used [0x00000000dc000000,0x00000000dc000000,0x00000000dcb00000)
 ParOldGen       total 62464K, used 18163K [0x0000000081200000, 0x0000000084f00000, 0x00000000d5b80000)
  object space 62464K, 29% used [0x0000000081200000,0x00000000823bccd8,0x0000000084f00000)
 Metaspace       used 24794K, capacity 25237K, committed 25472K, reserved 1071104K
  class space    used 3794K, capacity 3902K, committed 3968K, reserved 1048576K
}
Event: 5.677 GC heap before
{Heap before GC invocations=7 (full 1):
 PSYoungGen      total 71680K, used 71061K [0x00000000d5b80000, 0x00000000dcb00000, 0x0000000100000000)
  eden space 66560K, 99% used [0x00000000d5b80000,0x00000000d9be6648,0x00000000d9c80000)
  from space 5120K, 99% used [0x00000000d9c80000,0x00000000da17ee10,0x00000000da180000)
  to   space 11264K, 0% used [0x00000000dc000000,0x00000000dc000000,0x00000000dcb00000)
 ParOldGen       total 62464K, used 18163K [0x0000000081200000, 0x0000000084f00000, 0x00000000d5b80000)
  object space 62464K, 29% used [0x0000000081200000,0x00000000823bccd8,0x0000000084f00000)
 Metaspace       used 25535K, capacity 25953K, committed 26240K, reserved 1071104K
  class space    used 3843K, capacity 3968K, committed 3968K, reserved 1048576K
Event: 5.682 GC heap after
Heap after GC invocations=7 (full 1):
 PSYoungGen      total 100864K, used 11239K [0x00000000d5b80000, 0x00000000ddd80000, 0x0000000100000000)
  eden space 89600K, 0% used [0x00000000d5b80000,0x00000000d5b80000,0x00000000db300000)
  from space 11264K, 99% used [0x00000000dc000000,0x00000000dcaf9e80,0x00000000dcb00000)
  to   space 13312K, 0% used [0x00000000db300000,0x00000000db300000,0x00000000dc000000)
 ParOldGen       total 62464K, used 18668K [0x0000000081200000, 0x0000000084f00000, 0x00000000d5b80000)
  object space 62464K, 29% used [0x0000000081200000,0x000000008243b2d8,0x0000000084f00000)
 Metaspace       used 25535K, capacity 25953K, committed 26240K, reserved 1071104K
  class space    used 3843K, capacity 3968K, committed 3968K, reserved 1048576K
}
Event: 6.597 GC heap before
{Heap before GC invocations=8 (full 1):
 PSYoungGen      total 100864K, used 100839K [0x00000000d5b80000, 0x00000000ddd80000, 0x0000000100000000)
  eden space 89600K, 100% used [0x00000000d5b80000,0x00000000db300000,0x00000000db300000)
  from space 11264K, 99% used [0x00000000dc000000,0x00000000dcaf9e80,0x00000000dcb00000)
  to   space 13312K, 0% used [0x00000000db300000,0x00000000db300000,0x00000000dc000000)
 ParOldGen       total 62464K, used 18668K [0x0000000081200000, 0x0000000084f00000, 0x00000000d5b80000)
  object space 62464K, 29% used [0x0000000081200000,0x000000008243b2d8,0x0000000084f00000)
 Metaspace       used 25812K, capacity 26209K, committed 26496K, reserved 1071104K
  class space    used 3852K, capacity 3968K, committed 3968K, reserved 1048576K
Event: 6.604 GC heap after
Heap after GC invocations=8 (full 1):
 PSYoungGen      total 102912K, used 8377K [0x00000000d5b80000, 0x00000000dfd80000, 0x0000000100000000)
  eden space 89600K, 0% used [0x00000000d5b80000,0x00000000d5b80000,0x00000000db300000)
  from space 13312K, 62% used [0x00000000db300000,0x00000000dbb2e7a0,0x00000000dc000000)
  to   space 12800K, 0% used [0x00000000df100000,0x00000000df100000,0x00000000dfd80000)
 ParOldGen       total 62464K, used 18676K [0x0000000081200000, 0x0000000084f00000, 0x00000000d5b80000)
  object space 62464K, 29% used [0x0000000081200000,0x000000008243d2d8,0x0000000084f00000)
 Metaspace       used 25812K, capacity 26209K, committed 26496K, reserved 1071104K
  class space    used 3852K, capacity 3968K, committed 3968K, reserved 1048576K
}

