# JRE version: Java(TM) SE Runtime Environment (8.0_111-b14) (build 1.8.0_111-b14)
# Java VM: Java HotSpot(TM) 64-Bit Server VM (25.111-b14 mixed mode windows-amd64 compressed oops)
Heap:
 PSYoungGen      total 211456K, used 152108K [0x00000000d5b80000, 0x00000000e8d80000, 0x0000000100000000)
  eden space 184832K, 82% used [0x00000000d5b80000,0x00000000df00b080,0x00000000e1000000)
  from space 26624K, 0% used [0x00000000e1000000,0x00000000e1000000,0x00000000e2a00000)
  to   space 30720K, 0% used [0x00000000e6f80000,0x00000000e6f80000,0x00000000e8d80000)
 ParOldGen       total 107520K, used 33695K [0x0000000081200000, 0x0000000087b00000, 0x00000000d5b80000)
  object space 107520K, 31% used [0x0000000081200000,0x00000000832e7f78,0x0000000087b00000)
 Metaspace       used 26620K, capacity 27009K, committed 27392K, reserved 1073152K
  class space    used 3879K, capacity 4000K, committed 4096K, reserved 1048576K
GC Heap History (10 events):
Event: 10.824 GC heap before
{Heap before GC invocations=9 (full 1):
 PSYoungGen      total 101376K, used 97487K [0x00000000d5b80000, 0x00000000e1100000, 0x0000000100000000)
  eden space 90112K, 95% used [0x00000000d5b80000,0x00000000dafb6180,0x00000000db380000)
  from space 11264K, 99% used [0x00000000db380000,0x00000000dbe7de50,0x00000000dbe80000)
  to   space 21504K, 0% used [0x00000000dfc00000,0x00000000dfc00000,0x00000000e1100000)
 ParOldGen       total 61440K, used 29943K [0x0000000081200000, 0x0000000084e00000, 0x00000000d5b80000)
  object space 61440K, 48% used [0x0000000081200000,0x0000000082f3dd38,0x0000000084e00000)
 Metaspace       used 26337K, capacity 26753K, committed 27136K, reserved 1073152K
  class space    used 3871K, capacity 4000K, committed 4096K, reserved 1048576K
Event: 10.842 GC heap after
Heap after GC invocations=9 (full 1):
 PSYoungGen      total 161280K, used 20279K [0x00000000d5b80000, 0x00000000e1880000, 0x0000000100000000)
  eden space 139776K, 0% used [0x00000000d5b80000,0x00000000d5b80000,0x00000000de400000)
  from space 21504K, 94% used [0x00000000dfc00000,0x00000000e0fcde60,0x00000000e1100000)
  to   space 24576K, 0% used [0x00000000de400000,0x00000000de400000,0x00000000dfc00000)
 ParOldGen       total 61440K, used 36674K [0x0000000081200000, 0x0000000084e00000, 0x00000000d5b80000)
  object space 61440K, 59% used [0x0000000081200000,0x00000000835d0848,0x0000000084e00000)
 Metaspace       used 26337K, capacity 26753K, committed 27136K, reserved 1073152K
  class space    used 3871K, capacity 4000K, committed 4096K, reserved 1048576K
}
Event: 12.047 GC heap before
{Heap before GC invocations=10 (full 1):
 PSYoungGen      total 161280K, used 160055K [0x00000000d5b80000, 0x00000000e1880000, 0x0000000100000000)
  eden space 139776K, 100% used [0x00000000d5b80000,0x00000000de400000,0x00000000de400000)
  from space 21504K, 94% used [0x00000000dfc00000,0x00000000e0fcde60,0x00000000e1100000)
  to   space 24576K, 0% used [0x00000000de400000,0x00000000de400000,0x00000000dfc00000)
 ParOldGen       total 61440K, used 36674K [0x0000000081200000, 0x0000000084e00000, 0x00000000d5b80000)
  object space 61440K, 59% used [0x0000000081200000,0x00000000835d0848,0x0000000084e00000)
 Metaspace       used 26391K, capacity 26817K, committed 27136K, reserved 1073152K
  class space    used 3871K, capacity 4000K, committed 4096K, reserved 1048576K
Event: 12.054 GC heap after
Heap after GC invocations=10 (full 1):
 PSYoungGen      total 164352K, used 5080K [0x00000000d5b80000, 0x00000000e4180000, 0x0000000100000000)
  eden space 139776K, 0% used [0x00000000d5b80000,0x00000000d5b80000,0x00000000de400000)
  from space 24576K, 20% used [0x00000000de400000,0x00000000de8f6020,0x00000000dfc00000)
  to   space 24064K, 0% used [0x00000000e2a00000,0x00000000e2a00000,0x00000000e4180000)
 ParOldGen       total 61440K, used 42558K [0x0000000081200000, 0x0000000084e00000, 0x00000000d5b80000)
  object space 61440K, 69% used [0x0000000081200000,0x0000000083b8f848,0x0000000084e00000)
 Metaspace       used 26391K, capacity 26817K, committed 27136K, reserved 1073152K
  class space    used 3871K, capacity 4000K, committed 4096K, reserved 1048576K
}
Event: 13.160 GC heap before
{Heap before GC invocations=11 (full 1):
 PSYoungGen      total 164352K, used 143576K [0x00000000d5b80000, 0x00000000e4180000, 0x0000000100000000)
  eden space 139776K, 99% used [0x00000000d5b80000,0x00000000de2c0270,0x00000000de400000)
  from space 24576K, 20% used [0x00000000de400000,0x00000000de8f6020,0x00000000dfc00000)
  to   space 24064K, 0% used [0x00000000e2a00000,0x00000000e2a00000,0x00000000e4180000)
 ParOldGen       total 61440K, used 42558K [0x0000000081200000, 0x0000000084e00000, 0x00000000d5b80000)
  object space 61440K, 69% used [0x0000000081200000,0x0000000083b8f848,0x0000000084e00000)
 Metaspace       used 26494K, capacity 26881K, committed 27136K, reserved 1073152K
  class space    used 3876K, capacity 4000K, committed 4096K, reserved 1048576K
Event: 13.171 GC heap after
Heap after GC invocations=11 (full 1):
 PSYoungGen      total 208896K, used 19948K [0x00000000d5b80000, 0x00000000e4580000, 0x0000000100000000)
  eden space 184832K, 0% used [0x00000000d5b80000,0x00000000d5b80000,0x00000000e1000000)
  from space 24064K, 82% used [0x00000000e2a00000,0x00000000e3d7b198,0x00000000e4180000)
  to   space 26624K, 0% used [0x00000000e1000000,0x00000000e1000000,0x00000000e2a00000)
 ParOldGen       total 61440K, used 42602K [0x0000000081200000, 0x0000000084e00000, 0x00000000d5b80000)
  object space 61440K, 69% used [0x0000000081200000,0x0000000083b9a858,0x0000000084e00000)
 Metaspace       used 26494K, capacity 26881K, committed 27136K, reserved 1073152K
  class space    used 3876K, capacity 4000K, committed 4096K, reserved 1048576K
}
Event: 14.562 GC heap before
{Heap before GC invocations=12 (full 1):
 PSYoungGen      total 208896K, used 201694K [0x00000000d5b80000, 0x00000000e4580000, 0x0000000100000000)
  eden space 184832K, 98% used [0x00000000d5b80000,0x00000000e0cfc910,0x00000000e1000000)
  from space 24064K, 82% used [0x00000000e2a00000,0x00000000e3d7b198,0x00000000e4180000)
  to   space 26624K, 0% used [0x00000000e1000000,0x00000000e1000000,0x00000000e2a00000)
 ParOldGen       total 61440K, used 42602K [0x0000000081200000, 0x0000000084e00000, 0x00000000d5b80000)
  object space 61440K, 69% used [0x0000000081200000,0x0000000083b9a858,0x0000000084e00000)
 Metaspace       used 26557K, capacity 26945K, committed 27136K, reserved 1073152K
  class space    used 3877K, capacity 4000K, committed 4096K, reserved 1048576K
Event: 14.594 GC heap after
Heap after GC invocations=12 (full 1):
 PSYoungGen      total 211456K, used 25736K [0x00000000d5b80000, 0x00000000e8d80000, 0x0000000100000000)
  eden space 184832K, 0% used [0x00000000d5b80000,0x00000000d5b80000,0x00000000e1000000)
  from space 26624K, 96% used [0x00000000e1000000,0x00000000e2922380,0x00000000e2a00000)
  to   space 30720K, 0% used [0x00000000e6f80000,0x00000000e6f80000,0x00000000e8d80000)
 ParOldGen       total 61440K, used 51306K [0x0000000081200000, 0x0000000084e00000, 0x00000000d5b80000)
  object space 61440K, 83% used [0x0000000081200000,0x000000008441a898,0x0000000084e00000)
 Metaspace       used 26557K, capacity 26945K, committed 27136K, reserved 1073152K
  class space    used 3877K, capacity 4000K, committed 4096K, reserved 1048576K
}
Event: 14.594 GC heap before
{Heap before GC invocations=13 (full 2):
 PSYoungGen      total 211456K, used 25736K [0x00000000d5b80000, 0x00000000e8d80000, 0x0000000100000000)
  eden space 184832K, 0% used [0x00000000d5b80000,0x00000000d5b80000,0x00000000e1000000)
  from space 26624K, 96% used [0x00000000e1000000,0x00000000e2922380,0x00000000e2a00000)
  to   space 30720K, 0% used [0x00000000e6f80000,0x00000000e6f80000,0x00000000e8d80000)
 ParOldGen       total 61440K, used 51306K [0x0000000081200000, 0x0000000084e00000, 0x00000000d5b80000)
  object space 61440K, 83% used [0x0000000081200000,0x000000008441a898,0x0000000084e00000)
 Metaspace       used 26557K, capacity 26945K, committed 27136K, reserved 1073152K
  class space    used 3877K, capacity 4000K, committed 4096K, reserved 1048576K
Event: 14.663 GC heap after
Heap after GC invocations=13 (full 2):
 PSYoungGen      total 211456K, used 0K [0x00000000d5b80000, 0x00000000e8d80000, 0x0000000100000000)
  eden space 184832K, 0% used [0x00000000d5b80000,0x00000000d5b80000,0x00000000e1000000)
  from space 26624K, 0% used [0x00000000e1000000,0x00000000e1000000,0x00000000e2a00000)
  to   space 30720K, 0% used [0x00000000e6f80000,0x00000000e6f80000,0x00000000e8d80000)
 ParOldGen       total 107520K, used 33695K [0x0000000081200000, 0x0000000087b00000, 0x00000000d5b80000)
  object space 107520K, 31% used [0x0000000081200000,0x00000000832e7f78,0x0000000087b00000)
 Metaspace       used 26557K, capacity 26945K, committed 27136K, reserved 1073152K
  class space    used 3877K, capacity 4000K, committed 4096K, reserved 1048576K
}

