# JRE version: Java(TM) SE Runtime Environment (8.0_111-b14) (build 1.8.0_111-b14)
# Java VM: Java HotSpot(TM) 64-Bit Server VM (25.111-b14 mixed mode windows-amd64 compressed oops)
Heap:
 PSYoungGen      total 359936K, used 14782K [0x00000000d5b80000, 0x00000000f2700000, 0x0000000100000000)
  eden space 342528K, 3% used [0x00000000d5b80000,0x00000000d6804cd8,0x00000000eaa00000)
  from space 17408K, 11% used [0x00000000eaa00000,0x00000000eabeabb0,0x00000000ebb00000)
  to   space 17408K, 0% used [0x00000000f1600000,0x00000000f1600000,0x00000000f2700000)
 ParOldGen       total 56320K, used 39308K [0x0000000081200000, 0x0000000084900000, 0x00000000d5b80000)
  object space 56320K, 69% used [0x0000000081200000,0x0000000083863370,0x0000000084900000)
 Metaspace       used 26786K, capacity 27175K, committed 27392K, reserved 1073152K
  class space    used 3875K, capacity 3969K, committed 4096K, reserved 1048576K
GC Heap History (10 events):
Event: 11.842 GC heap before
{Heap before GC invocations=10 (full 1):
 PSYoungGen      total 204800K, used 203812K [0x00000000d5b80000, 0x00000000e3500000, 0x0000000100000000)
  eden space 190976K, 100% used [0x00000000d5b80000,0x00000000e1600000,0x00000000e1600000)
  from space 13824K, 92% used [0x00000000e2780000,0x00000000e3409060,0x00000000e3500000)
  to   space 15872K, 0% used [0x00000000e1600000,0x00000000e1600000,0x00000000e2580000)
 ParOldGen       total 56320K, used 29057K [0x0000000081200000, 0x0000000084900000, 0x00000000d5b80000)
  object space 56320K, 51% used [0x0000000081200000,0x0000000082e607a0,0x0000000084900000)
 Metaspace       used 26283K, capacity 26721K, committed 27008K, reserved 1073152K
  class space    used 3861K, capacity 3968K, committed 3968K, reserved 1048576K
Event: 11.850 GC heap after
Heap after GC invocations=10 (full 1):
 PSYoungGen      total 206848K, used 9560K [0x00000000d5b80000, 0x00000000e8080000, 0x0000000100000000)
  eden space 190976K, 0% used [0x00000000d5b80000,0x00000000d5b80000,0x00000000e1600000)
  from space 15872K, 60% used [0x00000000e1600000,0x00000000e1f56030,0x00000000e2580000)
  to   space 15872K, 0% used [0x00000000e7100000,0x00000000e7100000,0x00000000e8080000)
 ParOldGen       total 56320K, used 32674K [0x0000000081200000, 0x0000000084900000, 0x00000000d5b80000)
  object space 56320K, 58% used [0x0000000081200000,0x00000000831e8980,0x0000000084900000)
 Metaspace       used 26283K, capacity 26721K, committed 27008K, reserved 1073152K
  class space    used 3861K, capacity 3968K, committed 3968K, reserved 1048576K
}
Event: 13.495 GC heap before
{Heap before GC invocations=11 (full 1):
 PSYoungGen      total 206848K, used 200536K [0x00000000d5b80000, 0x00000000e8080000, 0x0000000100000000)
  eden space 190976K, 100% used [0x00000000d5b80000,0x00000000e1600000,0x00000000e1600000)
  from space 15872K, 60% used [0x00000000e1600000,0x00000000e1f56030,0x00000000e2580000)
  to   space 15872K, 0% used [0x00000000e7100000,0x00000000e7100000,0x00000000e8080000)
 ParOldGen       total 56320K, used 32678K [0x0000000081200000, 0x0000000084900000, 0x00000000d5b80000)
  object space 56320K, 58% used [0x0000000081200000,0x00000000831e9990,0x0000000084900000)
 Metaspace       used 26309K, capacity 26721K, committed 27008K, reserved 1073152K
  class space    used 3861K, capacity 3968K, committed 3968K, reserved 1048576K
Event: 13.502 GC heap after
Heap after GC invocations=11 (full 1):
 PSYoungGen      total 276992K, used 13464K [0x00000000d5b80000, 0x00000000e7e80000, 0x0000000100000000)
  eden space 263168K, 0% used [0x00000000d5b80000,0x00000000d5b80000,0x00000000e5c80000)
  from space 13824K, 97% used [0x00000000e7100000,0x00000000e7e26040,0x00000000e7e80000)
  to   space 16896K, 0% used [0x00000000e5d80000,0x00000000e5d80000,0x00000000e6e00000)
 ParOldGen       total 56320K, used 36830K [0x0000000081200000, 0x0000000084900000, 0x00000000d5b80000)
  object space 56320K, 65% used [0x0000000081200000,0x00000000835f79a0,0x0000000084900000)
 Metaspace       used 26309K, capacity 26721K, committed 27008K, reserved 1073152K
  class space    used 3861K, capacity 3968K, committed 3968K, reserved 1048576K
}
Event: 33.853 GC heap before
{Heap before GC invocations=12 (full 1):
 PSYoungGen      total 276992K, used 276632K [0x00000000d5b80000, 0x00000000e7e80000, 0x0000000100000000)
  eden space 263168K, 100% used [0x00000000d5b80000,0x00000000e5c80000,0x00000000e5c80000)
  from space 13824K, 97% used [0x00000000e7100000,0x00000000e7e26040,0x00000000e7e80000)
  to   space 16896K, 0% used [0x00000000e5d80000,0x00000000e5d80000,0x00000000e6e00000)
 ParOldGen       total 56320K, used 36836K [0x0000000081200000, 0x0000000084900000, 0x00000000d5b80000)
  object space 56320K, 65% used [0x0000000081200000,0x00000000835f9088,0x0000000084900000)
 Metaspace       used 26559K, capacity 26977K, committed 27264K, reserved 1073152K
  class space    used 3870K, capacity 3968K, committed 3968K, reserved 1048576K
Event: 33.861 GC heap after
Heap after GC invocations=12 (full 1):
 PSYoungGen      total 281088K, used 3787K [0x00000000d5b80000, 0x00000000ed400000, 0x0000000100000000)
  eden space 264192K, 0% used [0x00000000d5b80000,0x00000000d5b80000,0x00000000e5d80000)
  from space 16896K, 22% used [0x00000000e5d80000,0x00000000e6132d68,0x00000000e6e00000)
  to   space 16896K, 0% used [0x00000000ec380000,0x00000000ec380000,0x00000000ed400000)
 ParOldGen       total 56320K, used 36884K [0x0000000081200000, 0x0000000084900000, 0x00000000d5b80000)
  object space 56320K, 65% used [0x0000000081200000,0x0000000083605088,0x0000000084900000)
 Metaspace       used 26559K, capacity 26977K, committed 27264K, reserved 1073152K
  class space    used 3870K, capacity 3968K, committed 3968K, reserved 1048576K
}
Event: 38.970 GC heap before
{Heap before GC invocations=13 (full 1):
 PSYoungGen      total 281088K, used 267580K [0x00000000d5b80000, 0x00000000ed400000, 0x0000000100000000)
  eden space 264192K, 99% used [0x00000000d5b80000,0x00000000e5d1c510,0x00000000e5d80000)
  from space 16896K, 22% used [0x00000000e5d80000,0x00000000e6132d68,0x00000000e6e00000)
  to   space 16896K, 0% used [0x00000000ec380000,0x00000000ec380000,0x00000000ed400000)
 ParOldGen       total 56320K, used 38290K [0x0000000081200000, 0x0000000084900000, 0x00000000d5b80000)
  object space 56320K, 67% used [0x0000000081200000,0x0000000083764998,0x0000000084900000)
 Metaspace       used 26607K, capacity 26977K, committed 27264K, reserved 1073152K
  class space    used 3870K, capacity 3968K, committed 3968K, reserved 1048576K
Event: 38.974 GC heap after
Heap after GC invocations=13 (full 1):
 PSYoungGen      total 351232K, used 768K [0x00000000d5b80000, 0x00000000ecc00000, 0x0000000100000000)
  eden space 342528K, 0% used [0x00000000d5b80000,0x00000000d5b80000,0x00000000eaa00000)
  from space 8704K, 8% used [0x00000000ec380000,0x00000000ec440000,0x00000000ecc00000)
  to   space 17408K, 0% used [0x00000000eaa00000,0x00000000eaa00000,0x00000000ebb00000)
 ParOldGen       total 56320K, used 39023K [0x0000000081200000, 0x0000000084900000, 0x00000000d5b80000)
  object space 56320K, 69% used [0x0000000081200000,0x000000008381bcd8,0x0000000084900000)
 Metaspace       used 26607K, capacity 26977K, committed 27264K, reserved 1073152K
  class space    used 3870K, capacity 3968K, committed 3968K, reserved 1048576K
}
Event: 43.331 GC heap before
{Heap before GC invocations=14 (full 1):
 PSYoungGen      total 351232K, used 343296K [0x00000000d5b80000, 0x00000000ecc00000, 0x0000000100000000)
  eden space 342528K, 100% used [0x00000000d5b80000,0x00000000eaa00000,0x00000000eaa00000)
  from space 8704K, 8% used [0x00000000ec380000,0x00000000ec440000,0x00000000ecc00000)
  to   space 17408K, 0% used [0x00000000eaa00000,0x00000000eaa00000,0x00000000ebb00000)
 ParOldGen       total 56320K, used 39028K [0x0000000081200000, 0x0000000084900000, 0x00000000d5b80000)
  object space 56320K, 69% used [0x0000000081200000,0x000000008381d370,0x0000000084900000)
 Metaspace       used 26784K, capacity 27175K, committed 27392K, reserved 1073152K
  class space    used 3875K, capacity 3969K, committed 4096K, reserved 1048576K
Event: 43.345 GC heap after
Heap after GC invocations=14 (full 1):
 PSYoungGen      total 359936K, used 1962K [0x00000000d5b80000, 0x00000000f2700000, 0x0000000100000000)
  eden space 342528K, 0% used [0x00000000d5b80000,0x00000000d5b80000,0x00000000eaa00000)
  from space 17408K, 11% used [0x00000000eaa00000,0x00000000eabeabb0,0x00000000ebb00000)
  to   space 17408K, 0% used [0x00000000f1600000,0x00000000f1600000,0x00000000f2700000)
 ParOldGen       total 56320K, used 39308K [0x0000000081200000, 0x0000000084900000, 0x00000000d5b80000)
  object space 56320K, 69% used [0x0000000081200000,0x0000000083863370,0x0000000084900000)
 Metaspace       used 26784K, capacity 27175K, committed 27392K, reserved 1073152K
  class space    used 3875K, capacity 3969K, committed 4096K, reserved 1048576K
}

