# JRE version: Java(TM) SE Runtime Environment (8.0_111-b14) (build 1.8.0_111-b14)
# Java VM: Java HotSpot(TM) 64-Bit Server VM (25.111-b14 mixed mode windows-amd64 compressed oops)
Heap:
 PSYoungGen      total 207872K, used 146322K [0x00000000d5b80000, 0x00000000e4000000, 0x0000000100000000)
  eden space 193024K, 74% used [0x00000000d5b80000,0x00000000de7aa690,0x00000000e1800000)
  from space 14848K, 18% used [0x00000000e3180000,0x00000000e343a550,0x00000000e4000000)
  to   space 20480K, 0% used [0x00000000e1800000,0x00000000e1800000,0x00000000e2c00000)
 ParOldGen       total 116224K, used 77636K [0x0000000081200000, 0x0000000088380000, 0x00000000d5b80000)
  object space 116224K, 66% used [0x0000000081200000,0x0000000085dd1180,0x0000000088380000)
 Metaspace       used 26803K, capacity 27207K, committed 27392K, reserved 1073152K
  class space    used 3890K, capacity 4001K, committed 4096K, reserved 1048576K
GC Heap History (10 events):
Event: 8.890 GC heap before
{Heap before GC invocations=10 (full 2):
 PSYoungGen      total 96768K, used 83456K [0x00000000d5b80000, 0x00000000df800000, 0x0000000100000000)
  eden space 83456K, 100% used [0x00000000d5b80000,0x00000000dad00000,0x00000000dad00000)
  from space 13312K, 0% used [0x00000000dad00000,0x00000000dad00000,0x00000000dba00000)
  to   space 14848K, 0% used [0x00000000de980000,0x00000000de980000,0x00000000df800000)
 ParOldGen       total 116224K, used 28452K [0x0000000081200000, 0x0000000088380000, 0x00000000d5b80000)
  object space 116224K, 24% used [0x0000000081200000,0x0000000082dc90c0,0x0000000088380000)
 Metaspace       used 26183K, capacity 26625K, committed 26880K, reserved 1073152K
  class space    used 3865K, capacity 4000K, committed 4096K, reserved 1048576K
Event: 8.899 GC heap after
Heap after GC invocations=10 (full 2):
 PSYoungGen      total 140288K, used 12864K [0x00000000d5b80000, 0x00000000df700000, 0x0000000100000000)
  eden space 126464K, 0% used [0x00000000d5b80000,0x00000000d5b80000,0x00000000dd700000)
  from space 13824K, 93% used [0x00000000de980000,0x00000000df610030,0x00000000df700000)
  to   space 16384K, 0% used [0x00000000dd700000,0x00000000dd700000,0x00000000de700000)
 ParOldGen       total 116224K, used 40748K [0x0000000081200000, 0x0000000088380000, 0x00000000d5b80000)
  object space 116224K, 35% used [0x0000000081200000,0x00000000839cb0f0,0x0000000088380000)
 Metaspace       used 26183K, capacity 26625K, committed 26880K, reserved 1073152K
  class space    used 3865K, capacity 4000K, committed 4096K, reserved 1048576K
}
Event: 10.105 GC heap before
{Heap before GC invocations=11 (full 2):
 PSYoungGen      total 140288K, used 139328K [0x00000000d5b80000, 0x00000000df700000, 0x0000000100000000)
  eden space 126464K, 100% used [0x00000000d5b80000,0x00000000dd700000,0x00000000dd700000)
  from space 13824K, 93% used [0x00000000de980000,0x00000000df610030,0x00000000df700000)
  to   space 16384K, 0% used [0x00000000dd700000,0x00000000dd700000,0x00000000de700000)
 ParOldGen       total 116224K, used 40748K [0x0000000081200000, 0x0000000088380000, 0x00000000d5b80000)
  object space 116224K, 35% used [0x0000000081200000,0x00000000839cb0f0,0x0000000088380000)
 Metaspace       used 26278K, capacity 26689K, committed 26880K, reserved 1073152K
  class space    used 3865K, capacity 4000K, committed 4096K, reserved 1048576K
Event: 10.107 GC heap after
Heap after GC invocations=11 (full 2):
 PSYoungGen      total 142848K, used 1548K [0x00000000d5b80000, 0x00000000e1a00000, 0x0000000100000000)
  eden space 126464K, 0% used [0x00000000d5b80000,0x00000000d5b80000,0x00000000dd700000)
  from space 16384K, 9% used [0x00000000dd700000,0x00000000dd8832f8,0x00000000de700000)
  to   space 16896K, 0% used [0x00000000e0980000,0x00000000e0980000,0x00000000e1a00000)
 ParOldGen       total 116224K, used 40756K [0x0000000081200000, 0x0000000088380000, 0x00000000d5b80000)
  object space 116224K, 35% used [0x0000000081200000,0x00000000839cd0f0,0x0000000088380000)
 Metaspace       used 26278K, capacity 26689K, committed 26880K, reserved 1073152K
  class space    used 3865K, capacity 4000K, committed 4096K, reserved 1048576K
}
Event: 11.233 GC heap before
{Heap before GC invocations=12 (full 2):
 PSYoungGen      total 142848K, used 128012K [0x00000000d5b80000, 0x00000000e1a00000, 0x0000000100000000)
  eden space 126464K, 100% used [0x00000000d5b80000,0x00000000dd700000,0x00000000dd700000)
  from space 16384K, 9% used [0x00000000dd700000,0x00000000dd8832f8,0x00000000de700000)
  to   space 16896K, 0% used [0x00000000e0980000,0x00000000e0980000,0x00000000e1a00000)
 ParOldGen       total 116224K, used 40756K [0x0000000081200000, 0x0000000088380000, 0x00000000d5b80000)
  object space 116224K, 35% used [0x0000000081200000,0x00000000839cd0f0,0x0000000088380000)
 Metaspace       used 26297K, capacity 26753K, committed 27136K, reserved 1073152K
  class space    used 3865K, capacity 4000K, committed 4096K, reserved 1048576K
Event: 11.240 GC heap after
Heap after GC invocations=12 (full 2):
 PSYoungGen      total 174080K, used 13400K [0x00000000d5b80000, 0x00000000e1900000, 0x0000000100000000)
  eden space 158208K, 0% used [0x00000000d5b80000,0x00000000d5b80000,0x00000000df600000)
  from space 15872K, 84% used [0x00000000e0980000,0x00000000e1696040,0x00000000e1900000)
  to   space 17920K, 0% used [0x00000000df600000,0x00000000df600000,0x00000000e0780000)
 ParOldGen       total 116224K, used 48956K [0x0000000081200000, 0x0000000088380000, 0x00000000d5b80000)
  object space 116224K, 42% used [0x0000000081200000,0x00000000841cf110,0x0000000088380000)
 Metaspace       used 26297K, capacity 26753K, committed 27136K, reserved 1073152K
  class space    used 3865K, capacity 4000K, committed 4096K, reserved 1048576K
}
Event: 12.500 GC heap before
{Heap before GC invocations=13 (full 2):
 PSYoungGen      total 174080K, used 171608K [0x00000000d5b80000, 0x00000000e1900000, 0x0000000100000000)
  eden space 158208K, 100% used [0x00000000d5b80000,0x00000000df600000,0x00000000df600000)
  from space 15872K, 84% used [0x00000000e0980000,0x00000000e1696040,0x00000000e1900000)
  to   space 17920K, 0% used [0x00000000df600000,0x00000000df600000,0x00000000e0780000)
 ParOldGen       total 116224K, used 48956K [0x0000000081200000, 0x0000000088380000, 0x00000000d5b80000)
  object space 116224K, 42% used [0x0000000081200000,0x00000000841cf110,0x0000000088380000)
 Metaspace       used 26307K, capacity 26753K, committed 27136K, reserved 1073152K
  class space    used 3865K, capacity 4000K, committed 4096K, reserved 1048576K
Event: 12.517 GC heap after
Heap after GC invocations=13 (full 2):
 PSYoungGen      total 176128K, used 17720K [0x00000000d5b80000, 0x00000000e4580000, 0x0000000100000000)
  eden space 158208K, 0% used [0x00000000d5b80000,0x00000000d5b80000,0x00000000df600000)
  from space 17920K, 98% used [0x00000000df600000,0x00000000e074e050,0x00000000e0780000)
  to   space 20480K, 0% used [0x00000000e3180000,0x00000000e3180000,0x00000000e4580000)
 ParOldGen       total 116224K, used 77628K [0x0000000081200000, 0x0000000088380000, 0x00000000d5b80000)
  object space 116224K, 66% used [0x0000000081200000,0x0000000085dcf180,0x0000000088380000)
 Metaspace       used 26307K, capacity 26753K, committed 27136K, reserved 1073152K
  class space    used 3865K, capacity 4000K, committed 4096K, reserved 1048576K
}
Event: 16.824 GC heap before
{Heap before GC invocations=14 (full 2):
 PSYoungGen      total 176128K, used 175928K [0x00000000d5b80000, 0x00000000e4580000, 0x0000000100000000)
  eden space 158208K, 100% used [0x00000000d5b80000,0x00000000df600000,0x00000000df600000)
  from space 17920K, 98% used [0x00000000df600000,0x00000000e074e050,0x00000000e0780000)
  to   space 20480K, 0% used [0x00000000e3180000,0x00000000e3180000,0x00000000e4580000)
 ParOldGen       total 116224K, used 77628K [0x0000000081200000, 0x0000000088380000, 0x00000000d5b80000)
  object space 116224K, 66% used [0x0000000081200000,0x0000000085dcf180,0x0000000088380000)
 Metaspace       used 26644K, capacity 27015K, committed 27392K, reserved 1073152K
  class space    used 3879K, capacity 4001K, committed 4096K, reserved 1048576K
Event: 16.832 GC heap after
Heap after GC invocations=14 (full 2):
 PSYoungGen      total 207872K, used 2793K [0x00000000d5b80000, 0x00000000e4000000, 0x0000000100000000)
  eden space 193024K, 0% used [0x00000000d5b80000,0x00000000d5b80000,0x00000000e1800000)
  from space 14848K, 18% used [0x00000000e3180000,0x00000000e343a550,0x00000000e4000000)
  to   space 20480K, 0% used [0x00000000e1800000,0x00000000e1800000,0x00000000e2c00000)
 ParOldGen       total 116224K, used 77636K [0x0000000081200000, 0x0000000088380000, 0x00000000d5b80000)
  object space 116224K, 66% used [0x0000000081200000,0x0000000085dd1180,0x0000000088380000)
 Metaspace       used 26644K, capacity 27015K, committed 27392K, reserved 1073152K
  class space    used 3879K, capacity 4001K, committed 4096K, reserved 1048576K
}

