# JRE version: Java(TM) SE Runtime Environment (8.0_111-b14) (build 1.8.0_111-b14)
# Java VM: Java HotSpot(TM) 64-Bit Server VM (25.111-b14 mixed mode windows-amd64 compressed oops)
Heap:
 PSYoungGen      total 210432K, used 153200K [0x00000000d5b80000, 0x00000000e8b80000, 0x0000000100000000)
  eden space 188416K, 81% used [0x00000000d5b80000,0x00000000df11c068,0x00000000e1380000)
  from space 22016K, 0% used [0x00000000e1380000,0x00000000e1380000,0x00000000e2900000)
  to   space 31744K, 0% used [0x00000000e6c80000,0x00000000e6c80000,0x00000000e8b80000)
 ParOldGen       total 119296K, used 42865K [0x0000000081200000, 0x0000000088680000, 0x00000000d5b80000)
  object space 119296K, 35% used [0x0000000081200000,0x0000000083bdc450,0x0000000088680000)
 Metaspace       used 26605K, capacity 27009K, committed 27392K, reserved 1073152K
  class space    used 3879K, capacity 4000K, committed 4096K, reserved 1048576K
GC Heap History (10 events):
Event: 8.975 GC heap before
{Heap before GC invocations=9 (full 1):
 PSYoungGen      total 104960K, used 104934K [0x00000000d5b80000, 0x00000000e0b00000, 0x0000000100000000)
  eden space 91648K, 100% used [0x00000000d5b80000,0x00000000db500000,0x00000000db500000)
  from space 13312K, 99% used [0x00000000db500000,0x00000000dc1f98f0,0x00000000dc200000)
  to   space 16896K, 0% used [0x00000000dfa80000,0x00000000dfa80000,0x00000000e0b00000)
 ParOldGen       total 61440K, used 21769K [0x0000000081200000, 0x0000000084e00000, 0x00000000d5b80000)
  object space 61440K, 35% used [0x0000000081200000,0x0000000082742528,0x0000000084e00000)
 Metaspace       used 26280K, capacity 26753K, committed 27136K, reserved 1073152K
  class space    used 3871K, capacity 4000K, committed 4096K, reserved 1048576K
Event: 8.993 GC heap after
Heap after GC invocations=9 (full 1):
 PSYoungGen      total 160256K, used 15796K [0x00000000d5b80000, 0x00000000e1080000, 0x0000000100000000)
  eden space 143360K, 0% used [0x00000000d5b80000,0x00000000d5b80000,0x00000000de780000)
  from space 16896K, 93% used [0x00000000dfa80000,0x00000000e09ed060,0x00000000e0b00000)
  to   space 19456K, 0% used [0x00000000de780000,0x00000000de780000,0x00000000dfa80000)
 ParOldGen       total 61440K, used 40751K [0x0000000081200000, 0x0000000084e00000, 0x00000000d5b80000)
  object space 61440K, 66% used [0x0000000081200000,0x00000000839cbf28,0x0000000084e00000)
 Metaspace       used 26280K, capacity 26753K, committed 27136K, reserved 1073152K
  class space    used 3871K, capacity 4000K, committed 4096K, reserved 1048576K
}
Event: 10.146 GC heap before
{Heap before GC invocations=10 (full 1):
 PSYoungGen      total 160256K, used 159156K [0x00000000d5b80000, 0x00000000e1080000, 0x0000000100000000)
  eden space 143360K, 100% used [0x00000000d5b80000,0x00000000de780000,0x00000000de780000)
  from space 16896K, 93% used [0x00000000dfa80000,0x00000000e09ed060,0x00000000e0b00000)
  to   space 19456K, 0% used [0x00000000de780000,0x00000000de780000,0x00000000dfa80000)
 ParOldGen       total 61440K, used 40751K [0x0000000081200000, 0x0000000084e00000, 0x00000000d5b80000)
  object space 61440K, 66% used [0x0000000081200000,0x00000000839cbf28,0x0000000084e00000)
 Metaspace       used 26362K, capacity 26817K, committed 27136K, reserved 1073152K
  class space    used 3871K, capacity 4000K, committed 4096K, reserved 1048576K
Event: 10.159 GC heap after
Heap after GC invocations=10 (full 1):
 PSYoungGen      total 162816K, used 17560K [0x00000000d5b80000, 0x00000000e4200000, 0x0000000100000000)
  eden space 143360K, 0% used [0x00000000d5b80000,0x00000000d5b80000,0x00000000de780000)
  from space 19456K, 90% used [0x00000000de780000,0x00000000df8a6050,0x00000000dfa80000)
  to   space 21504K, 0% used [0x00000000e2d00000,0x00000000e2d00000,0x00000000e4200000)
 ParOldGen       total 61440K, used 44368K [0x0000000081200000, 0x0000000084e00000, 0x00000000d5b80000)
  object space 61440K, 72% used [0x0000000081200000,0x0000000083d54108,0x0000000084e00000)
 Metaspace       used 26362K, capacity 26817K, committed 27136K, reserved 1073152K
  class space    used 3871K, capacity 4000K, committed 4096K, reserved 1048576K
}
Event: 11.395 GC heap before
{Heap before GC invocations=11 (full 1):
 PSYoungGen      total 162816K, used 160920K [0x00000000d5b80000, 0x00000000e4200000, 0x0000000100000000)
  eden space 143360K, 100% used [0x00000000d5b80000,0x00000000de780000,0x00000000de780000)
  from space 19456K, 90% used [0x00000000de780000,0x00000000df8a6050,0x00000000dfa80000)
  to   space 21504K, 0% used [0x00000000e2d00000,0x00000000e2d00000,0x00000000e4200000)
 ParOldGen       total 61440K, used 44368K [0x0000000081200000, 0x0000000084e00000, 0x00000000d5b80000)
  object space 61440K, 72% used [0x0000000081200000,0x0000000083d54108,0x0000000084e00000)
 Metaspace       used 26488K, capacity 26881K, committed 27136K, reserved 1073152K
  class space    used 3876K, capacity 4000K, committed 4096K, reserved 1048576K
Event: 11.398 GC heap after
Heap after GC invocations=11 (full 1):
 PSYoungGen      total 206336K, used 1250K [0x00000000d5b80000, 0x00000000e3e80000, 0x0000000100000000)
  eden space 188416K, 0% used [0x00000000d5b80000,0x00000000d5b80000,0x00000000e1380000)
  from space 17920K, 6% used [0x00000000e2d00000,0x00000000e2e38b38,0x00000000e3e80000)
  to   space 22016K, 0% used [0x00000000e1380000,0x00000000e1380000,0x00000000e2900000)
 ParOldGen       total 61440K, used 44440K [0x0000000081200000, 0x0000000084e00000, 0x00000000d5b80000)
  object space 61440K, 72% used [0x0000000081200000,0x0000000083d66118,0x0000000084e00000)
 Metaspace       used 26488K, capacity 26881K, committed 27136K, reserved 1073152K
  class space    used 3876K, capacity 4000K, committed 4096K, reserved 1048576K
}
Event: 12.786 GC heap before
{Heap before GC invocations=12 (full 1):
 PSYoungGen      total 206336K, used 186150K [0x00000000d5b80000, 0x00000000e3e80000, 0x0000000100000000)
  eden space 188416K, 98% used [0x00000000d5b80000,0x00000000e1010d60,0x00000000e1380000)
  from space 17920K, 6% used [0x00000000e2d00000,0x00000000e2e38b38,0x00000000e3e80000)
  to   space 22016K, 0% used [0x00000000e1380000,0x00000000e1380000,0x00000000e2900000)
 ParOldGen       total 61440K, used 48536K [0x0000000081200000, 0x0000000084e00000, 0x00000000d5b80000)
  object space 61440K, 78% used [0x0000000081200000,0x0000000084166128,0x0000000084e00000)
 Metaspace       used 26536K, capacity 26945K, committed 27136K, reserved 1073152K
  class space    used 3877K, capacity 4000K, committed 4096K, reserved 1048576K
Event: 12.803 GC heap after
Heap after GC invocations=12 (full 1):
 PSYoungGen      total 210432K, used 21992K [0x00000000d5b80000, 0x00000000e8b80000, 0x0000000100000000)
  eden space 188416K, 0% used [0x00000000d5b80000,0x00000000d5b80000,0x00000000e1380000)
  from space 22016K, 99% used [0x00000000e1380000,0x00000000e28fa370,0x00000000e2900000)
  to   space 31744K, 0% used [0x00000000e6c80000,0x00000000e6c80000,0x00000000e8b80000)
 ParOldGen       total 66048K, used 65248K [0x0000000081200000, 0x0000000085280000, 0x00000000d5b80000)
  object space 66048K, 98% used [0x0000000081200000,0x00000000851b8178,0x0000000085280000)
 Metaspace       used 26536K, capacity 26945K, committed 27136K, reserved 1073152K
  class space    used 3877K, capacity 4000K, committed 4096K, reserved 1048576K
}
Event: 12.803 GC heap before
{Heap before GC invocations=13 (full 2):
 PSYoungGen      total 210432K, used 21992K [0x00000000d5b80000, 0x00000000e8b80000, 0x0000000100000000)
  eden space 188416K, 0% used [0x00000000d5b80000,0x00000000d5b80000,0x00000000e1380000)
  from space 22016K, 99% used [0x00000000e1380000,0x00000000e28fa370,0x00000000e2900000)
  to   space 31744K, 0% used [0x00000000e6c80000,0x00000000e6c80000,0x00000000e8b80000)
 ParOldGen       total 66048K, used 65248K [0x0000000081200000, 0x0000000085280000, 0x00000000d5b80000)
  object space 66048K, 98% used [0x0000000081200000,0x00000000851b8178,0x0000000085280000)
 Metaspace       used 26536K, capacity 26945K, committed 27136K, reserved 1073152K
  class space    used 3877K, capacity 4000K, committed 4096K, reserved 1048576K
Event: 12.843 GC heap after
Heap after GC invocations=13 (full 2):
 PSYoungGen      total 210432K, used 0K [0x00000000d5b80000, 0x00000000e8b80000, 0x0000000100000000)
  eden space 188416K, 0% used [0x00000000d5b80000,0x00000000d5b80000,0x00000000e1380000)
  from space 22016K, 0% used [0x00000000e1380000,0x00000000e1380000,0x00000000e2900000)
  to   space 31744K, 0% used [0x00000000e6c80000,0x00000000e6c80000,0x00000000e8b80000)
 ParOldGen       total 119296K, used 42865K [0x0000000081200000, 0x0000000088680000, 0x00000000d5b80000)
  object space 119296K, 35% used [0x0000000081200000,0x0000000083bdc450,0x0000000088680000)
 Metaspace       used 26536K, capacity 26945K, committed 27136K, reserved 1073152K
  class space    used 3877K, capacity 4000K, committed 4096K, reserved 1048576K
}

