# JRE version: Java(TM) SE Runtime Environment (8.0_111-b14) (build 1.8.0_111-b14)
# Java VM: Java HotSpot(TM) 64-Bit Server VM (25.111-b14 mixed mode windows-amd64 compressed oops)
Heap:
 PSYoungGen      total 397824K, used 90111K [0x00000000d5b80000, 0x00000000f2e00000, 0x0000000100000000)
  eden space 333312K, 22% used [0x00000000d5b80000,0x00000000da441a08,0x00000000ea100000)
  from space 64512K, 24% used [0x00000000eef00000,0x00000000efe3fdc0,0x00000000f2e00000)
  to   space 72192K, 0% used [0x00000000ea100000,0x00000000ea100000,0x00000000ee780000)
 ParOldGen       total 267776K, used 102730K [0x0000000081200000, 0x0000000091780000, 0x00000000d5b80000)
  object space 267776K, 38% used [0x0000000081200000,0x0000000087652a40,0x0000000091780000)
 Metaspace       used 27698K, capacity 28107K, committed 28416K, reserved 1073152K
  class space    used 3936K, capacity 4036K, committed 4096K, reserved 1048576K
GC Heap History (10 events):
Event: 52.866 GC heap before
{Heap before GC invocations=22 (full 4):
 PSYoungGen      total 406016K, used 308554K [0x00000000d5b80000, 0x00000000f5300000, 0x0000000100000000)
  eden space 301568K, 100% used [0x00000000d5b80000,0x00000000e8200000,0x00000000e8200000)
  from space 104448K, 6% used [0x00000000e8200000,0x00000000e88d2b20,0x00000000ee800000)
  to   space 99328K, 0% used [0x00000000ef200000,0x00000000ef200000,0x00000000f5300000)
 ParOldGen       total 267776K, used 99905K [0x0000000081200000, 0x0000000091780000, 0x00000000d5b80000)
  object space 267776K, 37% used [0x0000000081200000,0x0000000087390798,0x0000000091780000)
 Metaspace       used 27476K, capacity 27851K, committed 28160K, reserved 1073152K
  class space    used 3936K, capacity 4036K, committed 4096K, reserved 1048576K
Event: 52.882 GC heap after
Heap after GC invocations=22 (full 4):
 PSYoungGen      total 400896K, used 8240K [0x00000000d5b80000, 0x00000000f4680000, 0x0000000100000000)
  eden space 314368K, 0% used [0x00000000d5b80000,0x00000000d5b80000,0x00000000e8e80000)
  from space 86528K, 9% used [0x00000000ef200000,0x00000000efa0c250,0x00000000f4680000)
  to   space 94208K, 0% used [0x00000000e8e80000,0x00000000e8e80000,0x00000000eea80000)
 ParOldGen       total 267776K, used 99905K [0x0000000081200000, 0x0000000091780000, 0x00000000d5b80000)
  object space 267776K, 37% used [0x0000000081200000,0x0000000087390798,0x0000000091780000)
 Metaspace       used 27476K, capacity 27851K, committed 28160K, reserved 1073152K
  class space    used 3936K, capacity 4036K, committed 4096K, reserved 1048576K
}
Event: 57.785 GC heap before
{Heap before GC invocations=23 (full 4):
 PSYoungGen      total 400896K, used 322366K [0x00000000d5b80000, 0x00000000f4680000, 0x0000000100000000)
  eden space 314368K, 99% used [0x00000000d5b80000,0x00000000e8e438c8,0x00000000e8e80000)
  from space 86528K, 9% used [0x00000000ef200000,0x00000000efa0c250,0x00000000f4680000)
  to   space 94208K, 0% used [0x00000000e8e80000,0x00000000e8e80000,0x00000000eea80000)
 ParOldGen       total 267776K, used 99905K [0x0000000081200000, 0x0000000091780000, 0x00000000d5b80000)
  object space 267776K, 37% used [0x0000000081200000,0x0000000087390798,0x0000000091780000)
 Metaspace       used 27535K, capacity 27979K, committed 28160K, reserved 1073152K
  class space    used 3936K, capacity 4036K, committed 4096K, reserved 1048576K
Event: 57.805 GC heap after
Heap after GC invocations=23 (full 4):
 PSYoungGen      total 408576K, used 8440K [0x00000000d5b80000, 0x00000000f4680000, 0x0000000100000000)
  eden space 314368K, 0% used [0x00000000d5b80000,0x00000000d5b80000,0x00000000e8e80000)
  from space 94208K, 8% used [0x00000000e8e80000,0x00000000e96be390,0x00000000eea80000)
  to   space 88576K, 0% used [0x00000000ef000000,0x00000000ef000000,0x00000000f4680000)
 ParOldGen       total 267776K, used 99905K [0x0000000081200000, 0x0000000091780000, 0x00000000d5b80000)
  object space 267776K, 37% used [0x0000000081200000,0x0000000087390798,0x0000000091780000)
 Metaspace       used 27535K, capacity 27979K, committed 28160K, reserved 1073152K
  class space    used 3936K, capacity 4036K, committed 4096K, reserved 1048576K
}
Event: 62.114 GC heap before
{Heap before GC invocations=24 (full 4):
 PSYoungGen      total 408576K, used 322255K [0x00000000d5b80000, 0x00000000f4680000, 0x0000000100000000)
  eden space 314368K, 99% used [0x00000000d5b80000,0x00000000e8df5b28,0x00000000e8e80000)
  from space 94208K, 8% used [0x00000000e8e80000,0x00000000e96be390,0x00000000eea80000)
  to   space 88576K, 0% used [0x00000000ef000000,0x00000000ef000000,0x00000000f4680000)
 ParOldGen       total 267776K, used 101312K [0x0000000081200000, 0x0000000091780000, 0x00000000d5b80000)
  object space 267776K, 37% used [0x0000000081200000,0x00000000874f00a8,0x0000000091780000)
 Metaspace       used 27568K, capacity 27979K, committed 28160K, reserved 1073152K
  class space    used 3936K, capacity 4036K, committed 4096K, reserved 1048576K
Event: 62.138 GC heap after
Heap after GC invocations=24 (full 4):
 PSYoungGen      total 401920K, used 11043K [0x00000000d5b80000, 0x00000000f3b80000, 0x0000000100000000)
  eden space 324608K, 0% used [0x00000000d5b80000,0x00000000d5b80000,0x00000000e9880000)
  from space 77312K, 14% used [0x00000000ef000000,0x00000000efac8e10,0x00000000f3b80000)
  to   space 83456K, 0% used [0x00000000e9880000,0x00000000e9880000,0x00000000eea00000)
 ParOldGen       total 267776K, used 101312K [0x0000000081200000, 0x0000000091780000, 0x00000000d5b80000)
  object space 267776K, 37% used [0x0000000081200000,0x00000000874f00a8,0x0000000091780000)
 Metaspace       used 27568K, capacity 27979K, committed 28160K, reserved 1073152K
  class space    used 3936K, capacity 4036K, committed 4096K, reserved 1048576K
}
Event: 66.483 GC heap before
{Heap before GC invocations=25 (full 4):
 PSYoungGen      total 401920K, used 335651K [0x00000000d5b80000, 0x00000000f3b80000, 0x0000000100000000)
  eden space 324608K, 100% used [0x00000000d5b80000,0x00000000e9880000,0x00000000e9880000)
  from space 77312K, 14% used [0x00000000ef000000,0x00000000efac8e10,0x00000000f3b80000)
  to   space 83456K, 0% used [0x00000000e9880000,0x00000000e9880000,0x00000000eea00000)
 ParOldGen       total 267776K, used 102719K [0x0000000081200000, 0x0000000091780000, 0x00000000d5b80000)
  object space 267776K, 38% used [0x0000000081200000,0x000000008764fff0,0x0000000091780000)
 Metaspace       used 27621K, capacity 27979K, committed 28160K, reserved 1073152K
  class space    used 3936K, capacity 4036K, committed 4096K, reserved 1048576K
Event: 66.515 GC heap after
Heap after GC invocations=25 (full 4):
 PSYoungGen      total 408064K, used 13502K [0x00000000d5b80000, 0x00000000f3b00000, 0x0000000100000000)
  eden space 324608K, 0% used [0x00000000d5b80000,0x00000000d5b80000,0x00000000e9880000)
  from space 83456K, 16% used [0x00000000e9880000,0x00000000ea5afab0,0x00000000eea00000)
  to   space 77824K, 0% used [0x00000000eef00000,0x00000000eef00000,0x00000000f3b00000)
 ParOldGen       total 267776K, used 102727K [0x0000000081200000, 0x0000000091780000, 0x00000000d5b80000)
  object space 267776K, 38% used [0x0000000081200000,0x0000000087651ff0,0x0000000091780000)
 Metaspace       used 27621K, capacity 27979K, committed 28160K, reserved 1073152K
  class space    used 3936K, capacity 4036K, committed 4096K, reserved 1048576K
}
Event: 71.230 GC heap before
{Heap before GC invocations=26 (full 4):
 PSYoungGen      total 408064K, used 338110K [0x00000000d5b80000, 0x00000000f3b00000, 0x0000000100000000)
  eden space 324608K, 100% used [0x00000000d5b80000,0x00000000e9880000,0x00000000e9880000)
  from space 83456K, 16% used [0x00000000e9880000,0x00000000ea5afab0,0x00000000eea00000)
  to   space 77824K, 0% used [0x00000000eef00000,0x00000000eef00000,0x00000000f3b00000)
 ParOldGen       total 267776K, used 102730K [0x0000000081200000, 0x0000000091780000, 0x00000000d5b80000)
  object space 267776K, 38% used [0x0000000081200000,0x0000000087652a40,0x0000000091780000)
 Metaspace       used 27685K, capacity 28107K, committed 28416K, reserved 1073152K
  class space    used 3936K, capacity 4036K, committed 4096K, reserved 1048576K
Event: 71.240 GC heap after
Heap after GC invocations=26 (full 4):
 PSYoungGen      total 397824K, used 15615K [0x00000000d5b80000, 0x00000000f2e00000, 0x0000000100000000)
  eden space 333312K, 0% used [0x00000000d5b80000,0x00000000d5b80000,0x00000000ea100000)
  from space 64512K, 24% used [0x00000000eef00000,0x00000000efe3fdc0,0x00000000f2e00000)
  to   space 72192K, 0% used [0x00000000ea100000,0x00000000ea100000,0x00000000ee780000)
 ParOldGen       total 267776K, used 102730K [0x0000000081200000, 0x0000000091780000, 0x00000000d5b80000)
  object space 267776K, 38% used [0x0000000081200000,0x0000000087652a40,0x0000000091780000)
 Metaspace       used 27685K, capacity 28107K, committed 28416K, reserved 1073152K
  class space    used 3936K, capacity 4036K, committed 4096K, reserved 1048576K
}

