# JRE version: Java(TM) SE Runtime Environment (8.0_111-b14) (build 1.8.0_111-b14)
# Java VM: Java HotSpot(TM) 64-Bit Server VM (25.111-b14 mixed mode windows-amd64 compressed oops)
Heap:
 PSYoungGen      total 384000K, used 66948K [0x00000000d5b80000, 0x00000000ef380000, 0x0000000100000000)
  eden space 370176K, 18% used [0x00000000d5b80000,0x00000000d9ce1008,0x00000000ec500000)
  from space 13824K, 0% used [0x00000000eda80000,0x00000000eda80000,0x00000000ee800000)
  to   space 22016K, 0% used [0x00000000ec500000,0x00000000ec500000,0x00000000eda80000)
 ParOldGen       total 83456K, used 29769K [0x0000000081200000, 0x0000000086380000, 0x00000000d5b80000)
  object space 83456K, 35% used [0x0000000081200000,0x0000000082f126f8,0x0000000086380000)
 Metaspace       used 26680K, capacity 27073K, committed 27392K, reserved 1073152K
  class space    used 3888K, capacity 4000K, committed 4096K, reserved 1048576K
GC Heap History (10 events):
Event: 11.372 GC heap before
{Heap before GC invocations=8 (full 1):
 PSYoungGen      total 143360K, used 134263K [0x00000000d5b80000, 0x00000000df700000, 0x0000000100000000)
  eden space 129536K, 100% used [0x00000000d5b80000,0x00000000dda00000,0x00000000dda00000)
  from space 13824K, 34% used [0x00000000de980000,0x00000000dee1dd68,0x00000000df700000)
  to   space 14848K, 0% used [0x00000000dda00000,0x00000000dda00000,0x00000000de880000)
 ParOldGen       total 57344K, used 17363K [0x0000000081200000, 0x0000000084a00000, 0x00000000d5b80000)
  object space 57344K, 30% used [0x0000000081200000,0x00000000822f4d30,0x0000000084a00000)
 Metaspace       used 26300K, capacity 26753K, committed 27136K, reserved 1073152K
  class space    used 3879K, capacity 4000K, committed 4096K, reserved 1048576K
Event: 11.379 GC heap after
Heap after GC invocations=8 (full 1):
 PSYoungGen      total 144384K, used 6412K [0x00000000d5b80000, 0x00000000e6a80000, 0x0000000100000000)
  eden space 129536K, 0% used [0x00000000d5b80000,0x00000000d5b80000,0x00000000dda00000)
  from space 14848K, 43% used [0x00000000dda00000,0x00000000de043050,0x00000000de880000)
  to   space 13824K, 0% used [0x00000000e5d00000,0x00000000e5d00000,0x00000000e6a80000)
 ParOldGen       total 57344K, used 17371K [0x0000000081200000, 0x0000000084a00000, 0x00000000d5b80000)
  object space 57344K, 30% used [0x0000000081200000,0x00000000822f6d30,0x0000000084a00000)
 Metaspace       used 26300K, capacity 26753K, committed 27136K, reserved 1073152K
  class space    used 3879K, capacity 4000K, committed 4096K, reserved 1048576K
}
Event: 12.902 GC heap before
{Heap before GC invocations=9 (full 1):
 PSYoungGen      total 144384K, used 135948K [0x00000000d5b80000, 0x00000000e6a80000, 0x0000000100000000)
  eden space 129536K, 100% used [0x00000000d5b80000,0x00000000dda00000,0x00000000dda00000)
  from space 14848K, 43% used [0x00000000dda00000,0x00000000de043050,0x00000000de880000)
  to   space 13824K, 0% used [0x00000000e5d00000,0x00000000e5d00000,0x00000000e6a80000)
 ParOldGen       total 57344K, used 25689K [0x0000000081200000, 0x0000000084a00000, 0x00000000d5b80000)
  object space 57344K, 44% used [0x0000000081200000,0x0000000082b16510,0x0000000084a00000)
 Metaspace       used 26447K, capacity 26881K, committed 27136K, reserved 1073152K
  class space    used 3879K, capacity 4000K, committed 4096K, reserved 1048576K
Event: 12.910 GC heap after
Heap after GC invocations=9 (full 1):
 PSYoungGen      total 258560K, used 5180K [0x00000000d5b80000, 0x00000000e6800000, 0x0000000100000000)
  eden space 247296K, 0% used [0x00000000d5b80000,0x00000000d5b80000,0x00000000e4d00000)
  from space 11264K, 45% used [0x00000000e5d00000,0x00000000e620f050,0x00000000e6800000)
  to   space 13824K, 0% used [0x00000000e4d00000,0x00000000e4d00000,0x00000000e5a80000)
 ParOldGen       total 57344K, used 25697K [0x0000000081200000, 0x0000000084a00000, 0x00000000d5b80000)
  object space 57344K, 44% used [0x0000000081200000,0x0000000082b18510,0x0000000084a00000)
 Metaspace       used 26447K, capacity 26881K, committed 27136K, reserved 1073152K
  class space    used 3879K, capacity 4000K, committed 4096K, reserved 1048576K
}
Event: 15.755 GC heap before
{Heap before GC invocations=10 (full 1):
 PSYoungGen      total 258560K, used 252476K [0x00000000d5b80000, 0x00000000e6800000, 0x0000000100000000)
  eden space 247296K, 100% used [0x00000000d5b80000,0x00000000e4d00000,0x00000000e4d00000)
  from space 11264K, 45% used [0x00000000e5d00000,0x00000000e620f050,0x00000000e6800000)
  to   space 13824K, 0% used [0x00000000e4d00000,0x00000000e4d00000,0x00000000e5a80000)
 ParOldGen       total 57344K, used 25697K [0x0000000081200000, 0x0000000084a00000, 0x00000000d5b80000)
  object space 57344K, 44% used [0x0000000081200000,0x0000000082b18510,0x0000000084a00000)
 Metaspace       used 26601K, capacity 27009K, committed 27392K, reserved 1073152K
  class space    used 3885K, capacity 4000K, committed 4096K, reserved 1048576K
Event: 15.765 GC heap after
Heap after GC invocations=10 (full 1):
 PSYoungGen      total 261120K, used 2627K [0x00000000d5b80000, 0x00000000ee800000, 0x0000000100000000)
  eden space 247296K, 0% used [0x00000000d5b80000,0x00000000d5b80000,0x00000000e4d00000)
  from space 13824K, 19% used [0x00000000e4d00000,0x00000000e4f90e90,0x00000000e5a80000)
  to   space 13824K, 0% used [0x00000000eda80000,0x00000000eda80000,0x00000000ee800000)
 ParOldGen       total 57344K, used 29834K [0x0000000081200000, 0x0000000084a00000, 0x00000000d5b80000)
  object space 57344K, 52% used [0x0000000081200000,0x0000000082f228a0,0x0000000084a00000)
 Metaspace       used 26601K, capacity 27009K, committed 27392K, reserved 1073152K
  class space    used 3885K, capacity 4000K, committed 4096K, reserved 1048576K
}
Event: 17.670 GC heap before
{Heap before GC invocations=11 (full 1):
 PSYoungGen      total 261120K, used 248197K [0x00000000d5b80000, 0x00000000ee800000, 0x0000000100000000)
  eden space 247296K, 99% used [0x00000000d5b80000,0x00000000e4b50670,0x00000000e4d00000)
  from space 13824K, 19% used [0x00000000e4d00000,0x00000000e4f90e90,0x00000000e5a80000)
  to   space 13824K, 0% used [0x00000000eda80000,0x00000000eda80000,0x00000000ee800000)
 ParOldGen       total 57344K, used 29834K [0x0000000081200000, 0x0000000084a00000, 0x00000000d5b80000)
  object space 57344K, 52% used [0x0000000081200000,0x0000000082f228a0,0x0000000084a00000)
 Metaspace       used 26609K, capacity 27009K, committed 27392K, reserved 1073152K
  class space    used 3885K, capacity 4000K, committed 4096K, reserved 1048576K
Event: 17.679 GC heap after
Heap after GC invocations=11 (full 1):
 PSYoungGen      total 384000K, used 13816K [0x00000000d5b80000, 0x00000000ef380000, 0x0000000100000000)
  eden space 370176K, 0% used [0x00000000d5b80000,0x00000000d5b80000,0x00000000ec500000)
  from space 13824K, 99% used [0x00000000eda80000,0x00000000ee7fe370,0x00000000ee800000)
  to   space 22016K, 0% used [0x00000000ec500000,0x00000000ec500000,0x00000000eda80000)
 ParOldGen       total 57344K, used 46442K [0x0000000081200000, 0x0000000084a00000, 0x00000000d5b80000)
  object space 57344K, 80% used [0x0000000081200000,0x0000000083f5a910,0x0000000084a00000)
 Metaspace       used 26609K, capacity 27009K, committed 27392K, reserved 1073152K
  class space    used 3885K, capacity 4000K, committed 4096K, reserved 1048576K
}
Event: 17.679 GC heap before
{Heap before GC invocations=12 (full 2):
 PSYoungGen      total 384000K, used 13816K [0x00000000d5b80000, 0x00000000ef380000, 0x0000000100000000)
  eden space 370176K, 0% used [0x00000000d5b80000,0x00000000d5b80000,0x00000000ec500000)
  from space 13824K, 99% used [0x00000000eda80000,0x00000000ee7fe370,0x00000000ee800000)
  to   space 22016K, 0% used [0x00000000ec500000,0x00000000ec500000,0x00000000eda80000)
 ParOldGen       total 57344K, used 46442K [0x0000000081200000, 0x0000000084a00000, 0x00000000d5b80000)
  object space 57344K, 80% used [0x0000000081200000,0x0000000083f5a910,0x0000000084a00000)
 Metaspace       used 26609K, capacity 27009K, committed 27392K, reserved 1073152K
  class space    used 3885K, capacity 4000K, committed 4096K, reserved 1048576K
Event: 17.744 GC heap after
Heap after GC invocations=12 (full 2):
 PSYoungGen      total 384000K, used 0K [0x00000000d5b80000, 0x00000000ef380000, 0x0000000100000000)
  eden space 370176K, 0% used [0x00000000d5b80000,0x00000000d5b80000,0x00000000ec500000)
  from space 13824K, 0% used [0x00000000eda80000,0x00000000eda80000,0x00000000ee800000)
  to   space 22016K, 0% used [0x00000000ec500000,0x00000000ec500000,0x00000000eda80000)
 ParOldGen       total 83456K, used 29769K [0x0000000081200000, 0x0000000086380000, 0x00000000d5b80000)
  object space 83456K, 35% used [0x0000000081200000,0x0000000082f126f8,0x0000000086380000)
 Metaspace       used 26609K, capacity 27009K, committed 27392K, reserved 1073152K
  class space    used 3885K, capacity 4000K, committed 4096K, reserved 1048576K
}

