# JRE version: Java(TM) SE Runtime Environment (8.0_111-b14) (build 1.8.0_111-b14)
# Java VM: Java HotSpot(TM) 64-Bit Server VM (25.111-b14 mixed mode windows-amd64 compressed oops)
Heap:
 PSYoungGen      total 558592K, used 156815K [0x00000000d5b80000, 0x0000000100000000, 0x0000000100000000)
  eden space 440320K, 25% used [0x00000000d5b80000,0x00000000dcb1d688,0x00000000f0980000)
  from space 118272K, 35% used [0x00000000f0980000,0x00000000f3306798,0x00000000f7d00000)
  to   space 114688K, 0% used [0x00000000f9000000,0x00000000f9000000,0x0000000100000000)
 ParOldGen       total 287232K, used 118108K [0x0000000081200000, 0x0000000092a80000, 0x00000000d5b80000)
  object space 287232K, 41% used [0x0000000081200000,0x00000000885572e0,0x0000000092a80000)
 Metaspace       used 27429K, capacity 27797K, committed 27904K, reserved 1073152K
  class space    used 3994K, capacity 4091K, committed 4096K, reserved 1048576K
GC Heap History (10 events):
Event: 49.515 GC heap before
{Heap before GC invocations=22 (full 5):
 PSYoungGen      total 549376K, used 439330K [0x00000000d5b80000, 0x00000000ff400000, 0x0000000100000000)
  eden space 434688K, 100% used [0x00000000d5b80000,0x00000000f0400000,0x00000000f0400000)
  from space 114688K, 4% used [0x00000000f8400000,0x00000000f8888980,0x00000000ff400000)
  to   space 122880K, 0% used [0x00000000f0400000,0x00000000f0400000,0x00000000f7c00000)
 ParOldGen       total 287232K, used 78461K [0x0000000081200000, 0x0000000092a80000, 0x00000000d5b80000)
  object space 287232K, 27% used [0x0000000081200000,0x0000000085e9f720,0x0000000092a80000)
 Metaspace       used 27279K, capacity 27637K, committed 27904K, reserved 1073152K
  class space    used 3976K, capacity 4059K, committed 4096K, reserved 1048576K
Event: 49.536 GC heap after
Heap after GC invocations=22 (full 5):
 PSYoungGen      total 557568K, used 6891K [0x00000000d5b80000, 0x00000000ffe00000, 0x0000000100000000)
  eden space 434688K, 0% used [0x00000000d5b80000,0x00000000d5b80000,0x00000000f0400000)
  from space 122880K, 5% used [0x00000000f0400000,0x00000000f0abad00,0x00000000f7c00000)
  to   space 117760K, 0% used [0x00000000f8b00000,0x00000000f8b00000,0x00000000ffe00000)
 ParOldGen       total 287232K, used 78469K [0x0000000081200000, 0x0000000092a80000, 0x00000000d5b80000)
  object space 287232K, 27% used [0x0000000081200000,0x0000000085ea1720,0x0000000092a80000)
 Metaspace       used 27279K, capacity 27637K, committed 27904K, reserved 1073152K
  class space    used 3976K, capacity 4059K, committed 4096K, reserved 1048576K
}
Event: 57.860 GC heap before
{Heap before GC invocations=23 (full 5):
 PSYoungGen      total 557568K, used 441579K [0x00000000d5b80000, 0x00000000ffe00000, 0x0000000100000000)
  eden space 434688K, 100% used [0x00000000d5b80000,0x00000000f0400000,0x00000000f0400000)
  from space 122880K, 5% used [0x00000000f0400000,0x00000000f0abad00,0x00000000f7c00000)
  to   space 117760K, 0% used [0x00000000f8b00000,0x00000000f8b00000,0x00000000ffe00000)
 ParOldGen       total 287232K, used 78469K [0x0000000081200000, 0x0000000092a80000, 0x00000000d5b80000)
  object space 287232K, 27% used [0x0000000081200000,0x0000000085ea1720,0x0000000092a80000)
 Metaspace       used 27403K, capacity 27797K, committed 27904K, reserved 1073152K
  class space    used 3994K, capacity 4091K, committed 4096K, reserved 1048576K
Event: 57.892 GC heap after
Heap after GC invocations=23 (full 5):
 PSYoungGen      total 553472K, used 82243K [0x00000000d5b80000, 0x0000000100000000, 0x0000000100000000)
  eden space 435712K, 0% used [0x00000000d5b80000,0x00000000d5b80000,0x00000000f0500000)
  from space 117760K, 69% used [0x00000000f8b00000,0x00000000fdb50db8,0x00000000ffe00000)
  to   space 128512K, 0% used [0x00000000f0500000,0x00000000f0500000,0x00000000f8280000)
 ParOldGen       total 287232K, used 116700K [0x0000000081200000, 0x0000000092a80000, 0x00000000d5b80000)
  object space 287232K, 40% used [0x0000000081200000,0x00000000883f7060,0x0000000092a80000)
 Metaspace       used 27403K, capacity 27797K, committed 27904K, reserved 1073152K
  class space    used 3994K, capacity 4091K, committed 4096K, reserved 1048576K
}
Event: 58.978 GC heap before
{Heap before GC invocations=24 (full 5):
 PSYoungGen      total 553472K, used 517955K [0x00000000d5b80000, 0x0000000100000000, 0x0000000100000000)
  eden space 435712K, 100% used [0x00000000d5b80000,0x00000000f0500000,0x00000000f0500000)
  from space 117760K, 69% used [0x00000000f8b00000,0x00000000fdb50db8,0x00000000ffe00000)
  to   space 128512K, 0% used [0x00000000f0500000,0x00000000f0500000,0x00000000f8280000)
 ParOldGen       total 287232K, used 116700K [0x0000000081200000, 0x0000000092a80000, 0x00000000d5b80000)
  object space 287232K, 40% used [0x0000000081200000,0x00000000883f7078,0x0000000092a80000)
 Metaspace       used 27417K, capacity 27797K, committed 27904K, reserved 1073152K
  class space    used 3994K, capacity 4091K, committed 4096K, reserved 1048576K
Event: 58.987 GC heap after
Heap after GC invocations=24 (full 5):
 PSYoungGen      total 564224K, used 7779K [0x00000000d5b80000, 0x0000000100000000, 0x0000000100000000)
  eden space 435712K, 0% used [0x00000000d5b80000,0x00000000d5b80000,0x00000000f0500000)
  from space 128512K, 6% used [0x00000000f0500000,0x00000000f0c98c40,0x00000000f8280000)
  to   space 123904K, 0% used [0x00000000f8700000,0x00000000f8700000,0x0000000100000000)
 ParOldGen       total 287232K, used 116708K [0x0000000081200000, 0x0000000092a80000, 0x00000000d5b80000)
  object space 287232K, 40% used [0x0000000081200000,0x00000000883f9078,0x0000000092a80000)
 Metaspace       used 27417K, capacity 27797K, committed 27904K, reserved 1073152K
  class space    used 3994K, capacity 4091K, committed 4096K, reserved 1048576K
}
Event: 60.056 GC heap before
{Heap before GC invocations=25 (full 5):
 PSYoungGen      total 564224K, used 443491K [0x00000000d5b80000, 0x0000000100000000, 0x0000000100000000)
  eden space 435712K, 100% used [0x00000000d5b80000,0x00000000f0500000,0x00000000f0500000)
  from space 128512K, 6% used [0x00000000f0500000,0x00000000f0c98c40,0x00000000f8280000)
  to   space 123904K, 0% used [0x00000000f8700000,0x00000000f8700000,0x0000000100000000)
 ParOldGen       total 287232K, used 118100K [0x0000000081200000, 0x0000000092a80000, 0x00000000d5b80000)
  object space 287232K, 41% used [0x0000000081200000,0x00000000885552e0,0x0000000092a80000)
 Metaspace       used 27420K, capacity 27797K, committed 27904K, reserved 1073152K
  class space    used 3994K, capacity 4091K, committed 4096K, reserved 1048576K
Event: 60.065 GC heap after
Heap after GC invocations=25 (full 5):
 PSYoungGen      total 548352K, used 8560K [0x00000000d5b80000, 0x00000000ff080000, 0x0000000100000000)
  eden space 440320K, 0% used [0x00000000d5b80000,0x00000000d5b80000,0x00000000f0980000)
  from space 108032K, 7% used [0x00000000f8700000,0x00000000f8f5c338,0x00000000ff080000)
  to   space 118272K, 0% used [0x00000000f0980000,0x00000000f0980000,0x00000000f7d00000)
 ParOldGen       total 287232K, used 118108K [0x0000000081200000, 0x0000000092a80000, 0x00000000d5b80000)
  object space 287232K, 41% used [0x0000000081200000,0x00000000885572e0,0x0000000092a80000)
 Metaspace       used 27420K, capacity 27797K, committed 27904K, reserved 1073152K
  class space    used 3994K, capacity 4091K, committed 4096K, reserved 1048576K
}
Event: 62.091 GC heap before
{Heap before GC invocations=26 (full 5):
 PSYoungGen      total 548352K, used 447657K [0x00000000d5b80000, 0x00000000ff080000, 0x0000000100000000)
  eden space 440320K, 99% used [0x00000000d5b80000,0x00000000f084e1b0,0x00000000f0980000)
  from space 108032K, 7% used [0x00000000f8700000,0x00000000f8f5c338,0x00000000ff080000)
  to   space 118272K, 0% used [0x00000000f0980000,0x00000000f0980000,0x00000000f7d00000)
 ParOldGen       total 287232K, used 118108K [0x0000000081200000, 0x0000000092a80000, 0x00000000d5b80000)
  object space 287232K, 41% used [0x0000000081200000,0x00000000885572e0,0x0000000092a80000)
 Metaspace       used 27426K, capacity 27797K, committed 27904K, reserved 1073152K
  class space    used 3994K, capacity 4091K, committed 4096K, reserved 1048576K
Event: 62.106 GC heap after
Heap after GC invocations=26 (full 5):
 PSYoungGen      total 558592K, used 42521K [0x00000000d5b80000, 0x0000000100000000, 0x0000000100000000)
  eden space 440320K, 0% used [0x00000000d5b80000,0x00000000d5b80000,0x00000000f0980000)
  from space 118272K, 35% used [0x00000000f0980000,0x00000000f3306798,0x00000000f7d00000)
  to   space 114688K, 0% used [0x00000000f9000000,0x00000000f9000000,0x0000000100000000)
 ParOldGen       total 287232K, used 118108K [0x0000000081200000, 0x0000000092a80000, 0x00000000d5b80000)
  object space 287232K, 41% used [0x0000000081200000,0x00000000885572e0,0x0000000092a80000)
 Metaspace       used 27426K, capacity 27797K, committed 27904K, reserved 1073152K
  class space    used 3994K, capacity 4091K, committed 4096K, reserved 1048576K
}

