# JRE version: Java(TM) SE Runtime Environment (8.0_111-b14) (build 1.8.0_111-b14)
# Java VM: Java HotSpot(TM) 64-Bit Server VM (25.111-b14 mixed mode windows-amd64 compressed oops)
Heap:
 PSYoungGen      total 246272K, used 102342K [0x00000000d5b80000, 0x00000000e6680000, 0x0000000100000000)
  eden space 228352K, 43% used [0x00000000d5b80000,0x00000000dbc70728,0x00000000e3a80000)
  from space 17920K, 17% used [0x00000000e5500000,0x00000000e5801430,0x00000000e6680000)
  to   space 22528K, 0% used [0x00000000e3a80000,0x00000000e3a80000,0x00000000e5080000)
 ParOldGen       total 126464K, used 53223K [0x0000000081200000, 0x0000000088d80000, 0x00000000d5b80000)
  object space 126464K, 42% used [0x0000000081200000,0x00000000845f9da8,0x0000000088d80000)
 Metaspace       used 26851K, capacity 27223K, committed 27648K, reserved 1073152K
  class space    used 3872K, capacity 3977K, committed 4096K, reserved 1048576K
GC Heap History (10 events):
Event: 11.476 GC heap before
{Heap before GC invocations=12 (full 2):
 PSYoungGen      total 153600K, used 150456K [0x00000000d5b80000, 0x00000000e2180000, 0x0000000100000000)
  eden space 137216K, 100% used [0x00000000d5b80000,0x00000000de180000,0x00000000de180000)
  from space 16384K, 80% used [0x00000000de180000,0x00000000dee6e040,0x00000000df180000)
  to   space 17920K, 0% used [0x00000000e1000000,0x00000000e1000000,0x00000000e2180000)
 ParOldGen       total 126464K, used 44911K [0x0000000081200000, 0x0000000088d80000, 0x00000000d5b80000)
  object space 126464K, 35% used [0x0000000081200000,0x0000000083ddbd88,0x0000000088d80000)
 Metaspace       used 26212K, capacity 26657K, committed 26752K, reserved 1073152K
  class space    used 3852K, capacity 3968K, committed 3968K, reserved 1048576K
Event: 11.479 GC heap after
Heap after GC invocations=12 (full 2):
 PSYoungGen      total 185344K, used 3416K [0x00000000d5b80000, 0x00000000e2280000, 0x0000000100000000)
  eden space 167424K, 0% used [0x00000000d5b80000,0x00000000d5b80000,0x00000000dff00000)
  from space 17920K, 19% used [0x00000000e1000000,0x00000000e1356030,0x00000000e2180000)
  to   space 17408K, 0% used [0x00000000dff00000,0x00000000dff00000,0x00000000e1000000)
 ParOldGen       total 126464K, used 44919K [0x0000000081200000, 0x0000000088d80000, 0x00000000d5b80000)
  object space 126464K, 35% used [0x0000000081200000,0x0000000083dddd88,0x0000000088d80000)
 Metaspace       used 26212K, capacity 26657K, committed 26752K, reserved 1073152K
  class space    used 3852K, capacity 3968K, committed 3968K, reserved 1048576K
}
Event: 12.825 GC heap before
{Heap before GC invocations=13 (full 2):
 PSYoungGen      total 185344K, used 170840K [0x00000000d5b80000, 0x00000000e2280000, 0x0000000100000000)
  eden space 167424K, 100% used [0x00000000d5b80000,0x00000000dff00000,0x00000000dff00000)
  from space 17920K, 19% used [0x00000000e1000000,0x00000000e1356030,0x00000000e2180000)
  to   space 17408K, 0% used [0x00000000dff00000,0x00000000dff00000,0x00000000e1000000)
 ParOldGen       total 126464K, used 44919K [0x0000000081200000, 0x0000000088d80000, 0x00000000d5b80000)
  object space 126464K, 35% used [0x0000000081200000,0x0000000083dddd88,0x0000000088d80000)
 Metaspace       used 26238K, capacity 26657K, committed 26752K, reserved 1073152K
  class space    used 3852K, capacity 3968K, committed 3968K, reserved 1048576K
Event: 12.835 GC heap after
Heap after GC invocations=13 (full 2):
 PSYoungGen      total 184832K, used 17400K [0x00000000d5b80000, 0x00000000e5000000, 0x0000000100000000)
  eden space 167424K, 0% used [0x00000000d5b80000,0x00000000d5b80000,0x00000000dff00000)
  from space 17408K, 99% used [0x00000000dff00000,0x00000000e0ffe050,0x00000000e1000000)
  to   space 23040K, 0% used [0x00000000e3980000,0x00000000e3980000,0x00000000e5000000)
 ParOldGen       total 126464K, used 53215K [0x0000000081200000, 0x0000000088d80000, 0x00000000d5b80000)
  object space 126464K, 42% used [0x0000000081200000,0x00000000845f7da8,0x0000000088d80000)
 Metaspace       used 26238K, capacity 26657K, committed 26752K, reserved 1073152K
  class space    used 3852K, capacity 3968K, committed 3968K, reserved 1048576K
}
Event: 17.758 GC heap before
{Heap before GC invocations=14 (full 2):
 PSYoungGen      total 184832K, used 184824K [0x00000000d5b80000, 0x00000000e5000000, 0x0000000100000000)
  eden space 167424K, 100% used [0x00000000d5b80000,0x00000000dff00000,0x00000000dff00000)
  from space 17408K, 99% used [0x00000000dff00000,0x00000000e0ffe050,0x00000000e1000000)
  to   space 23040K, 0% used [0x00000000e3980000,0x00000000e3980000,0x00000000e5000000)
 ParOldGen       total 126464K, used 53215K [0x0000000081200000, 0x0000000088d80000, 0x00000000d5b80000)
  object space 126464K, 42% used [0x0000000081200000,0x00000000845f7da8,0x0000000088d80000)
 Metaspace       used 26590K, capacity 26983K, committed 27392K, reserved 1073152K
  class space    used 3866K, capacity 3969K, committed 4096K, reserved 1048576K
Event: 17.768 GC heap after
Heap after GC invocations=14 (full 2):
 PSYoungGen      total 218112K, used 3050K [0x00000000d5b80000, 0x00000000e4b80000, 0x0000000100000000)
  eden space 199680K, 0% used [0x00000000d5b80000,0x00000000d5b80000,0x00000000e1e80000)
  from space 18432K, 16% used [0x00000000e3980000,0x00000000e3c7aba0,0x00000000e4b80000)
  to   space 23040K, 0% used [0x00000000e1e80000,0x00000000e1e80000,0x00000000e3500000)
 ParOldGen       total 126464K, used 53215K [0x0000000081200000, 0x0000000088d80000, 0x00000000d5b80000)
  object space 126464K, 42% used [0x0000000081200000,0x00000000845f7da8,0x0000000088d80000)
 Metaspace       used 26590K, capacity 26983K, committed 27392K, reserved 1073152K
  class space    used 3866K, capacity 3969K, committed 4096K, reserved 1048576K
}
Event: 21.999 GC heap before
{Heap before GC invocations=15 (full 2):
 PSYoungGen      total 218112K, used 202730K [0x00000000d5b80000, 0x00000000e4b80000, 0x0000000100000000)
  eden space 199680K, 100% used [0x00000000d5b80000,0x00000000e1e80000,0x00000000e1e80000)
  from space 18432K, 16% used [0x00000000e3980000,0x00000000e3c7aba0,0x00000000e4b80000)
  to   space 23040K, 0% used [0x00000000e1e80000,0x00000000e1e80000,0x00000000e3500000)
 ParOldGen       total 126464K, used 53215K [0x0000000081200000, 0x0000000088d80000, 0x00000000d5b80000)
  object space 126464K, 42% used [0x0000000081200000,0x00000000845f7da8,0x0000000088d80000)
 Metaspace       used 26742K, capacity 27159K, committed 27392K, reserved 1073152K
  class space    used 3871K, capacity 3977K, committed 4096K, reserved 1048576K
Event: 22.007 GC heap after
Heap after GC invocations=15 (full 2):
 PSYoungGen      total 222720K, used 2523K [0x00000000d5b80000, 0x00000000e6b80000, 0x0000000100000000)
  eden space 199680K, 0% used [0x00000000d5b80000,0x00000000d5b80000,0x00000000e1e80000)
  from space 23040K, 10% used [0x00000000e1e80000,0x00000000e20f6cc0,0x00000000e3500000)
  to   space 23040K, 0% used [0x00000000e5500000,0x00000000e5500000,0x00000000e6b80000)
 ParOldGen       total 126464K, used 53223K [0x0000000081200000, 0x0000000088d80000, 0x00000000d5b80000)
  object space 126464K, 42% used [0x0000000081200000,0x00000000845f9da8,0x0000000088d80000)
 Metaspace       used 26742K, capacity 27159K, committed 27392K, reserved 1073152K
  class space    used 3871K, capacity 3977K, committed 4096K, reserved 1048576K
}
Event: 25.212 GC heap before
{Heap before GC invocations=16 (full 2):
 PSYoungGen      total 222720K, used 202203K [0x00000000d5b80000, 0x00000000e6b80000, 0x0000000100000000)
  eden space 199680K, 100% used [0x00000000d5b80000,0x00000000e1e80000,0x00000000e1e80000)
  from space 23040K, 10% used [0x00000000e1e80000,0x00000000e20f6cc0,0x00000000e3500000)
  to   space 23040K, 0% used [0x00000000e5500000,0x00000000e5500000,0x00000000e6b80000)
 ParOldGen       total 126464K, used 53223K [0x0000000081200000, 0x0000000088d80000, 0x00000000d5b80000)
  object space 126464K, 42% used [0x0000000081200000,0x00000000845f9da8,0x0000000088d80000)
 Metaspace       used 26810K, capacity 27223K, committed 27648K, reserved 1073152K
  class space    used 3871K, capacity 3977K, committed 4096K, reserved 1048576K
Event: 25.220 GC heap after
Heap after GC invocations=16 (full 2):
 PSYoungGen      total 246272K, used 3077K [0x00000000d5b80000, 0x00000000e6680000, 0x0000000100000000)
  eden space 228352K, 0% used [0x00000000d5b80000,0x00000000d5b80000,0x00000000e3a80000)
  from space 17920K, 17% used [0x00000000e5500000,0x00000000e5801430,0x00000000e6680000)
  to   space 22528K, 0% used [0x00000000e3a80000,0x00000000e3a80000,0x00000000e5080000)
 ParOldGen       total 126464K, used 53223K [0x0000000081200000, 0x0000000088d80000, 0x00000000d5b80000)
  object space 126464K, 42% used [0x0000000081200000,0x00000000845f9da8,0x0000000088d80000)
 Metaspace       used 26810K, capacity 27223K, committed 27648K, reserved 1073152K
  class space    used 3871K, capacity 3977K, committed 4096K, reserved 1048576K
}

