# JRE version: Java(TM) SE Runtime Environment (8.0_111-b14) (build 1.8.0_111-b14)
# Java VM: Java HotSpot(TM) 64-Bit Server VM (25.111-b14 mixed mode windows-amd64 compressed oops)
Heap:
 PSYoungGen      total 316928K, used 159315K [0x00000000d5b80000, 0x00000000ea500000, 0x0000000100000000)
  eden space 299520K, 48% used [0x00000000d5b80000,0x00000000de90ac78,0x00000000e8000000)
  from space 17408K, 82% used [0x00000000e9400000,0x00000000ea20a360,0x00000000ea500000)
  to   space 18944K, 0% used [0x00000000e8000000,0x00000000e8000000,0x00000000e9280000)
 ParOldGen       total 104448K, used 65935K [0x0000000081200000, 0x0000000087800000, 0x00000000d5b80000)
  object space 104448K, 63% used [0x0000000081200000,0x0000000085263c20,0x0000000087800000)
 Metaspace       used 26534K, capacity 26913K, committed 27008K, reserved 1073152K
  class space    used 3871K, capacity 3968K, committed 3968K, reserved 1048576K
GC Heap History (10 events):
Event: 8.792 GC heap before
{Heap before GC invocations=8 (full 1):
 PSYoungGen      total 134656K, used 126902K [0x00000000d5b80000, 0x00000000def00000, 0x0000000100000000)
  eden space 122368K, 100% used [0x00000000d5b80000,0x00000000dd300000,0x00000000dd300000)
  from space 12288K, 36% used [0x00000000de300000,0x00000000de76d8e0,0x00000000def00000)
  to   space 14336K, 0% used [0x00000000dd300000,0x00000000dd300000,0x00000000de100000)
 ParOldGen       total 54272K, used 22735K [0x0000000081200000, 0x0000000084700000, 0x00000000d5b80000)
  object space 54272K, 41% used [0x0000000081200000,0x0000000082833e68,0x0000000084700000)
 Metaspace       used 26154K, capacity 26593K, committed 26752K, reserved 1073152K
  class space    used 3862K, capacity 3968K, committed 3968K, reserved 1048576K
Event: 8.809 GC heap after
Heap after GC invocations=8 (full 1):
 PSYoungGen      total 136704K, used 13292K [0x00000000d5b80000, 0x00000000e5380000, 0x0000000100000000)
  eden space 122368K, 0% used [0x00000000d5b80000,0x00000000d5b80000,0x00000000dd300000)
  from space 14336K, 92% used [0x00000000dd300000,0x00000000ddffb080,0x00000000de100000)
  to   space 16384K, 0% used [0x00000000e4380000,0x00000000e4380000,0x00000000e5380000)
 ParOldGen       total 54272K, used 51415K [0x0000000081200000, 0x0000000084700000, 0x00000000d5b80000)
  object space 54272K, 94% used [0x0000000081200000,0x0000000084435ed8,0x0000000084700000)
 Metaspace       used 26154K, capacity 26593K, committed 26752K, reserved 1073152K
  class space    used 3862K, capacity 3968K, committed 3968K, reserved 1048576K
}
Event: 8.809 GC heap before
{Heap before GC invocations=9 (full 2):
 PSYoungGen      total 136704K, used 13292K [0x00000000d5b80000, 0x00000000e5380000, 0x0000000100000000)
  eden space 122368K, 0% used [0x00000000d5b80000,0x00000000d5b80000,0x00000000dd300000)
  from space 14336K, 92% used [0x00000000dd300000,0x00000000ddffb080,0x00000000de100000)
  to   space 16384K, 0% used [0x00000000e4380000,0x00000000e4380000,0x00000000e5380000)
 ParOldGen       total 54272K, used 51415K [0x0000000081200000, 0x0000000084700000, 0x00000000d5b80000)
  object space 54272K, 94% used [0x0000000081200000,0x0000000084435ed8,0x0000000084700000)
 Metaspace       used 26154K, capacity 26593K, committed 26752K, reserved 1073152K
  class space    used 3862K, capacity 3968K, committed 3968K, reserved 1048576K
Event: 8.852 GC heap after
Heap after GC invocations=9 (full 2):
 PSYoungGen      total 136704K, used 0K [0x00000000d5b80000, 0x00000000e5380000, 0x0000000100000000)
  eden space 122368K, 0% used [0x00000000d5b80000,0x00000000d5b80000,0x00000000dd300000)
  from space 14336K, 0% used [0x00000000dd300000,0x00000000dd300000,0x00000000de100000)
  to   space 16384K, 0% used [0x00000000e4380000,0x00000000e4380000,0x00000000e5380000)
 ParOldGen       total 104448K, used 38016K [0x0000000081200000, 0x0000000087800000, 0x00000000d5b80000)
  object space 104448K, 36% used [0x0000000081200000,0x00000000837203e0,0x0000000087800000)
 Metaspace       used 26154K, capacity 26593K, committed 26752K, reserved 1073152K
  class space    used 3862K, capacity 3968K, committed 3968K, reserved 1048576K
}
Event: 10.267 GC heap before
{Heap before GC invocations=10 (full 2):
 PSYoungGen      total 136704K, used 122368K [0x00000000d5b80000, 0x00000000e5380000, 0x0000000100000000)
  eden space 122368K, 100% used [0x00000000d5b80000,0x00000000dd300000,0x00000000dd300000)
  from space 14336K, 0% used [0x00000000dd300000,0x00000000dd300000,0x00000000de100000)
  to   space 16384K, 0% used [0x00000000e4380000,0x00000000e4380000,0x00000000e5380000)
 ParOldGen       total 104448K, used 38016K [0x0000000081200000, 0x0000000087800000, 0x00000000d5b80000)
  object space 104448K, 36% used [0x0000000081200000,0x00000000837203e0,0x0000000087800000)
 Metaspace       used 26288K, capacity 26721K, committed 27008K, reserved 1073152K
  class space    used 3862K, capacity 3968K, committed 3968K, reserved 1048576K
Event: 10.277 GC heap after
Heap after GC invocations=10 (full 2):
 PSYoungGen      total 226816K, used 13152K [0x00000000d5b80000, 0x00000000e5080000, 0x0000000100000000)
  eden space 213504K, 0% used [0x00000000d5b80000,0x00000000d5b80000,0x00000000e2c00000)
  from space 13312K, 98% used [0x00000000e4380000,0x00000000e5058030,0x00000000e5080000)
  to   space 17408K, 0% used [0x00000000e2e80000,0x00000000e2e80000,0x00000000e3f80000)
 ParOldGen       total 104448K, used 58505K [0x0000000081200000, 0x0000000087800000, 0x00000000d5b80000)
  object space 104448K, 56% used [0x0000000081200000,0x0000000084b22430,0x0000000087800000)
 Metaspace       used 26288K, capacity 26721K, committed 27008K, reserved 1073152K
  class space    used 3862K, capacity 3968K, committed 3968K, reserved 1048576K
}
Event: 12.448 GC heap before
{Heap before GC invocations=11 (full 2):
 PSYoungGen      total 226816K, used 224618K [0x00000000d5b80000, 0x00000000e5080000, 0x0000000100000000)
  eden space 213504K, 99% used [0x00000000d5b80000,0x00000000e2a029c0,0x00000000e2c00000)
  from space 13312K, 98% used [0x00000000e4380000,0x00000000e5058030,0x00000000e5080000)
  to   space 17408K, 0% used [0x00000000e2e80000,0x00000000e2e80000,0x00000000e3f80000)
 ParOldGen       total 104448K, used 61577K [0x0000000081200000, 0x0000000087800000, 0x00000000d5b80000)
  object space 104448K, 58% used [0x0000000081200000,0x0000000084e22440,0x0000000087800000)
 Metaspace       used 26407K, capacity 26785K, committed 27008K, reserved 1073152K
  class space    used 3867K, capacity 3968K, committed 3968K, reserved 1048576K
Event: 12.453 GC heap after
Heap after GC invocations=11 (full 2):
 PSYoungGen      total 233472K, used 4562K [0x00000000d5b80000, 0x00000000ea500000, 0x0000000100000000)
  eden space 216064K, 0% used [0x00000000d5b80000,0x00000000d5b80000,0x00000000e2e80000)
  from space 17408K, 26% used [0x00000000e2e80000,0x00000000e32f4b38,0x00000000e3f80000)
  to   space 17408K, 0% used [0x00000000e9400000,0x00000000e9400000,0x00000000ea500000)
 ParOldGen       total 104448K, used 61585K [0x0000000081200000, 0x0000000087800000, 0x00000000d5b80000)
  object space 104448K, 58% used [0x0000000081200000,0x0000000084e24440,0x0000000087800000)
 Metaspace       used 26407K, capacity 26785K, committed 27008K, reserved 1073152K
  class space    used 3867K, capacity 3968K, committed 3968K, reserved 1048576K
}
Event: 14.679 GC heap before
{Heap before GC invocations=12 (full 2):
 PSYoungGen      total 233472K, used 220626K [0x00000000d5b80000, 0x00000000ea500000, 0x0000000100000000)
  eden space 216064K, 100% used [0x00000000d5b80000,0x00000000e2e80000,0x00000000e2e80000)
  from space 17408K, 26% used [0x00000000e2e80000,0x00000000e32f4b38,0x00000000e3f80000)
  to   space 17408K, 0% used [0x00000000e9400000,0x00000000e9400000,0x00000000ea500000)
 ParOldGen       total 104448K, used 65815K [0x0000000081200000, 0x0000000087800000, 0x00000000d5b80000)
  object space 104448K, 63% used [0x0000000081200000,0x0000000085245c20,0x0000000087800000)
 Metaspace       used 26461K, capacity 26849K, committed 27008K, reserved 1073152K
  class space    used 3868K, capacity 3968K, committed 3968K, reserved 1048576K
Event: 14.685 GC heap after
Heap after GC invocations=12 (full 2):
 PSYoungGen      total 316928K, used 14376K [0x00000000d5b80000, 0x00000000ea500000, 0x0000000100000000)
  eden space 299520K, 0% used [0x00000000d5b80000,0x00000000d5b80000,0x00000000e8000000)
  from space 17408K, 82% used [0x00000000e9400000,0x00000000ea20a360,0x00000000ea500000)
  to   space 18944K, 0% used [0x00000000e8000000,0x00000000e8000000,0x00000000e9280000)
 ParOldGen       total 104448K, used 65935K [0x0000000081200000, 0x0000000087800000, 0x00000000d5b80000)
  object space 104448K, 63% used [0x0000000081200000,0x0000000085263c20,0x0000000087800000)
 Metaspace       used 26461K, capacity 26849K, committed 27008K, reserved 1073152K
  class space    used 3868K, capacity 3968K, committed 3968K, reserved 1048576K
}

