# JRE version: Java(TM) SE Runtime Environment (8.0_111-b14) (build 1.8.0_111-b14)
# Java VM: Java HotSpot(TM) 64-Bit Server VM (25.111-b14 mixed mode windows-amd64 compressed oops)
Heap:
 PSYoungGen      total 215040K, used 166607K [0x00000000d5b80000, 0x00000000e6300000, 0x0000000100000000)
  eden space 197632K, 82% used [0x00000000d5b80000,0x00000000dfb74fb8,0x00000000e1c80000)
  from space 17408K, 16% used [0x00000000e1c80000,0x00000000e1f3edc0,0x00000000e2d80000)
  to   space 16896K, 0% used [0x00000000e5280000,0x00000000e5280000,0x00000000e6300000)
 ParOldGen       total 119808K, used 72451K [0x0000000081200000, 0x0000000088700000, 0x00000000d5b80000)
  object space 119808K, 60% used [0x0000000081200000,0x00000000858c0ce0,0x0000000088700000)
 Metaspace       used 26828K, capacity 27223K, committed 27648K, reserved 1073152K
  class space    used 3873K, capacity 3977K, committed 4096K, reserved 1048576K
GC Heap History (10 events):
Event: 10.140 GC heap before
{Heap before GC invocations=11 (full 2):
 PSYoungGen      total 139776K, used 138688K [0x00000000d5b80000, 0x00000000df780000, 0x0000000100000000)
  eden space 125952K, 100% used [0x00000000d5b80000,0x00000000dd680000,0x00000000dd680000)
  from space 13824K, 92% used [0x00000000dea00000,0x00000000df670030,0x00000000df780000)
  to   space 16896K, 0% used [0x00000000dd680000,0x00000000dd680000,0x00000000de700000)
 ParOldGen       total 119808K, used 51925K [0x0000000081200000, 0x0000000088700000, 0x00000000d5b80000)
  object space 119808K, 43% used [0x0000000081200000,0x00000000844b55e8,0x0000000088700000)
 Metaspace       used 26130K, capacity 26529K, committed 26752K, reserved 1073152K
  class space    used 3853K, capacity 3968K, committed 3968K, reserved 1048576K
Event: 10.147 GC heap after
Heap after GC invocations=11 (full 2):
 PSYoungGen      total 142848K, used 3714K [0x00000000d5b80000, 0x00000000e1a80000, 0x0000000100000000)
  eden space 125952K, 0% used [0x00000000d5b80000,0x00000000d5b80000,0x00000000dd680000)
  from space 16896K, 21% used [0x00000000dd680000,0x00000000dda20850,0x00000000de700000)
  to   space 16384K, 0% used [0x00000000e0a80000,0x00000000e0a80000,0x00000000e1a80000)
 ParOldGen       total 119808K, used 51933K [0x0000000081200000, 0x0000000088700000, 0x00000000d5b80000)
  object space 119808K, 43% used [0x0000000081200000,0x00000000844b75e8,0x0000000088700000)
 Metaspace       used 26130K, capacity 26529K, committed 26752K, reserved 1073152K
  class space    used 3853K, capacity 3968K, committed 3968K, reserved 1048576K
}
Event: 11.167 GC heap before
{Heap before GC invocations=12 (full 2):
 PSYoungGen      total 142848K, used 129666K [0x00000000d5b80000, 0x00000000e1a80000, 0x0000000100000000)
  eden space 125952K, 100% used [0x00000000d5b80000,0x00000000dd680000,0x00000000dd680000)
  from space 16896K, 21% used [0x00000000dd680000,0x00000000dda20850,0x00000000de700000)
  to   space 16384K, 0% used [0x00000000e0a80000,0x00000000e0a80000,0x00000000e1a80000)
 ParOldGen       total 119808K, used 51933K [0x0000000081200000, 0x0000000088700000, 0x00000000d5b80000)
  object space 119808K, 43% used [0x0000000081200000,0x00000000844b75e8,0x0000000088700000)
 Metaspace       used 26198K, capacity 26593K, committed 26752K, reserved 1073152K
  class space    used 3853K, capacity 3968K, committed 3968K, reserved 1048576K
Event: 11.177 GC heap after
Heap after GC invocations=12 (full 2):
 PSYoungGen      total 177664K, used 13344K [0x00000000d5b80000, 0x00000000e1c00000, 0x0000000100000000)
  eden space 161280K, 0% used [0x00000000d5b80000,0x00000000d5b80000,0x00000000df900000)
  from space 16384K, 81% used [0x00000000e0a80000,0x00000000e1788030,0x00000000e1a80000)
  to   space 17920K, 0% used [0x00000000df900000,0x00000000df900000,0x00000000e0a80000)
 ParOldGen       total 119808K, used 72421K [0x0000000081200000, 0x0000000088700000, 0x00000000d5b80000)
  object space 119808K, 60% used [0x0000000081200000,0x00000000858b9638,0x0000000088700000)
 Metaspace       used 26198K, capacity 26593K, committed 26752K, reserved 1073152K
  class space    used 3853K, capacity 3968K, committed 3968K, reserved 1048576K
}
Event: 12.467 GC heap before
{Heap before GC invocations=13 (full 2):
 PSYoungGen      total 177664K, used 174624K [0x00000000d5b80000, 0x00000000e1c00000, 0x0000000100000000)
  eden space 161280K, 100% used [0x00000000d5b80000,0x00000000df900000,0x00000000df900000)
  from space 16384K, 81% used [0x00000000e0a80000,0x00000000e1788030,0x00000000e1a80000)
  to   space 17920K, 0% used [0x00000000df900000,0x00000000df900000,0x00000000e0a80000)
 ParOldGen       total 119808K, used 72429K [0x0000000081200000, 0x0000000088700000, 0x00000000d5b80000)
  object space 119808K, 60% used [0x0000000081200000,0x00000000858bb648,0x0000000088700000)
 Metaspace       used 26224K, capacity 26657K, committed 26752K, reserved 1073152K
  class space    used 3853K, capacity 3968K, committed 3968K, reserved 1048576K
Event: 12.472 GC heap after
Heap after GC invocations=13 (full 2):
 PSYoungGen      total 179200K, used 5240K [0x00000000d5b80000, 0x00000000e4280000, 0x0000000100000000)
  eden space 161280K, 0% used [0x00000000d5b80000,0x00000000d5b80000,0x00000000df900000)
  from space 17920K, 29% used [0x00000000df900000,0x00000000dfe1e020,0x00000000e0a80000)
  to   space 17408K, 0% used [0x00000000e3180000,0x00000000e3180000,0x00000000e4280000)
 ParOldGen       total 119808K, used 72437K [0x0000000081200000, 0x0000000088700000, 0x00000000d5b80000)
  object space 119808K, 60% used [0x0000000081200000,0x00000000858bd648,0x0000000088700000)
 Metaspace       used 26224K, capacity 26657K, committed 26752K, reserved 1073152K
  class space    used 3853K, capacity 3968K, committed 3968K, reserved 1048576K
}
Event: 16.785 GC heap before
{Heap before GC invocations=14 (full 2):
 PSYoungGen      total 179200K, used 166520K [0x00000000d5b80000, 0x00000000e4280000, 0x0000000100000000)
  eden space 161280K, 100% used [0x00000000d5b80000,0x00000000df900000,0x00000000df900000)
  from space 17920K, 29% used [0x00000000df900000,0x00000000dfe1e020,0x00000000e0a80000)
  to   space 17408K, 0% used [0x00000000e3180000,0x00000000e3180000,0x00000000e4280000)
 ParOldGen       total 119808K, used 72443K [0x0000000081200000, 0x0000000088700000, 0x00000000d5b80000)
  object space 119808K, 60% used [0x0000000081200000,0x00000000858bece0,0x0000000088700000)
 Metaspace       used 26570K, capacity 26983K, committed 27392K, reserved 1073152K
  class space    used 3867K, capacity 3969K, committed 4096K, reserved 1048576K
Event: 16.799 GC heap after
Heap after GC invocations=14 (full 2):
 PSYoungGen      total 210944K, used 3242K [0x00000000d5b80000, 0x00000000e3e80000, 0x0000000100000000)
  eden space 197632K, 0% used [0x00000000d5b80000,0x00000000d5b80000,0x00000000e1c80000)
  from space 13312K, 24% used [0x00000000e3180000,0x00000000e34aaaa0,0x00000000e3e80000)
  to   space 17408K, 0% used [0x00000000e1c80000,0x00000000e1c80000,0x00000000e2d80000)
 ParOldGen       total 119808K, used 72443K [0x0000000081200000, 0x0000000088700000, 0x00000000d5b80000)
  object space 119808K, 60% used [0x0000000081200000,0x00000000858bece0,0x0000000088700000)
 Metaspace       used 26570K, capacity 26983K, committed 27392K, reserved 1073152K
  class space    used 3867K, capacity 3969K, committed 4096K, reserved 1048576K
}
Event: 21.209 GC heap before
{Heap before GC invocations=15 (full 2):
 PSYoungGen      total 210944K, used 200874K [0x00000000d5b80000, 0x00000000e3e80000, 0x0000000100000000)
  eden space 197632K, 100% used [0x00000000d5b80000,0x00000000e1c80000,0x00000000e1c80000)
  from space 13312K, 24% used [0x00000000e3180000,0x00000000e34aaaa0,0x00000000e3e80000)
  to   space 17408K, 0% used [0x00000000e1c80000,0x00000000e1c80000,0x00000000e2d80000)
 ParOldGen       total 119808K, used 72443K [0x0000000081200000, 0x0000000088700000, 0x00000000d5b80000)
  object space 119808K, 60% used [0x0000000081200000,0x00000000858bece0,0x0000000088700000)
 Metaspace       used 26718K, capacity 27141K, committed 27392K, reserved 1073152K
  class space    used 3870K, capacity 3974K, committed 4096K, reserved 1048576K
Event: 21.219 GC heap after
Heap after GC invocations=15 (full 2):
 PSYoungGen      total 215040K, used 2811K [0x00000000d5b80000, 0x00000000e6300000, 0x0000000100000000)
  eden space 197632K, 0% used [0x00000000d5b80000,0x00000000d5b80000,0x00000000e1c80000)
  from space 17408K, 16% used [0x00000000e1c80000,0x00000000e1f3edc0,0x00000000e2d80000)
  to   space 16896K, 0% used [0x00000000e5280000,0x00000000e5280000,0x00000000e6300000)
 ParOldGen       total 119808K, used 72451K [0x0000000081200000, 0x0000000088700000, 0x00000000d5b80000)
  object space 119808K, 60% used [0x0000000081200000,0x00000000858c0ce0,0x0000000088700000)
 Metaspace       used 26718K, capacity 27141K, committed 27392K, reserved 1073152K
  class space    used 3870K, capacity 3974K, committed 4096K, reserved 1048576K
}

