# JRE version: Java(TM) SE Runtime Environment (8.0_111-b14) (build 1.8.0_111-b14)
# Java VM: Java HotSpot(TM) 64-Bit Server VM (25.111-b14 mixed mode windows-amd64 compressed oops)
Heap:
 PSYoungGen      total 324096K, used 6184K [0x00000000d5b80000, 0x00000000eb980000, 0x0000000100000000)
  eden space 319488K, 1% used [0x00000000d5b80000,0x00000000d5fc3d40,0x00000000e9380000)
  from space 4608K, 39% used [0x00000000eb500000,0x00000000eb6c6330,0x00000000eb980000)
  to   space 19456K, 0% used [0x00000000e9380000,0x00000000e9380000,0x00000000ea680000)
 ParOldGen       total 121344K, used 42813K [0x0000000081200000, 0x0000000088880000, 0x00000000d5b80000)
  object space 121344K, 35% used [0x0000000081200000,0x0000000083bcf478,0x0000000088880000)
 Metaspace       used 26686K, capacity 27041K, committed 27264K, reserved 1073152K
  class space    used 3870K, capacity 3968K, committed 3968K, reserved 1048576K
GC Heap History (10 events):
Event: 78.285 GC heap before
{Heap before GC invocations=22 (full 2):
 PSYoungGen      total 331264K, used 308274K [0x00000000d5b80000, 0x00000000ece00000, 0x0000000100000000)
  eden space 306688K, 99% used [0x00000000d5b80000,0x00000000e869e7c0,0x00000000e8700000)
  from space 24576K, 8% used [0x00000000e8700000,0x00000000e88ee330,0x00000000e9f00000)
  to   space 24064K, 0% used [0x00000000eb680000,0x00000000eb680000,0x00000000ece00000)
 ParOldGen       total 121344K, used 42805K [0x0000000081200000, 0x0000000088880000, 0x00000000d5b80000)
  object space 121344K, 35% used [0x0000000081200000,0x0000000083bcd478,0x0000000088880000)
 Metaspace       used 26678K, capacity 27041K, committed 27264K, reserved 1073152K
  class space    used 3870K, capacity 3968K, committed 3968K, reserved 1048576K
Event: 78.296 GC heap after
Heap after GC invocations=22 (full 2):
 PSYoungGen      total 348160K, used 1944K [0x00000000d5b80000, 0x00000000ec980000, 0x0000000100000000)
  eden space 328704K, 0% used [0x00000000d5b80000,0x00000000d5b80000,0x00000000e9c80000)
  from space 19456K, 9% used [0x00000000eb680000,0x00000000eb866330,0x00000000ec980000)
  to   space 23040K, 0% used [0x00000000e9c80000,0x00000000e9c80000,0x00000000eb300000)
 ParOldGen       total 121344K, used 42805K [0x0000000081200000, 0x0000000088880000, 0x00000000d5b80000)
  object space 121344K, 35% used [0x0000000081200000,0x0000000083bcd478,0x0000000088880000)
 Metaspace       used 26678K, capacity 27041K, committed 27264K, reserved 1073152K
  class space    used 3870K, capacity 3968K, committed 3968K, reserved 1048576K
}
Event: 88.499 GC heap before
{Heap before GC invocations=23 (full 2):
 PSYoungGen      total 348160K, used 329511K [0x00000000d5b80000, 0x00000000ec980000, 0x0000000100000000)
  eden space 328704K, 99% used [0x00000000d5b80000,0x00000000e9b63a20,0x00000000e9c80000)
  from space 19456K, 9% used [0x00000000eb680000,0x00000000eb866330,0x00000000ec980000)
  to   space 23040K, 0% used [0x00000000e9c80000,0x00000000e9c80000,0x00000000eb300000)
 ParOldGen       total 121344K, used 42805K [0x0000000081200000, 0x0000000088880000, 0x00000000d5b80000)
  object space 121344K, 35% used [0x0000000081200000,0x0000000083bcd478,0x0000000088880000)
 Metaspace       used 26680K, capacity 27041K, committed 27264K, reserved 1073152K
  class space    used 3870K, capacity 3968K, committed 3968K, reserved 1048576K
Event: 88.511 GC heap after
Heap after GC invocations=23 (full 2):
 PSYoungGen      total 351744K, used 2008K [0x00000000d5b80000, 0x00000000edc80000, 0x0000000100000000)
  eden space 328704K, 0% used [0x00000000d5b80000,0x00000000d5b80000,0x00000000e9c80000)
  from space 23040K, 8% used [0x00000000e9c80000,0x00000000e9e76330,0x00000000eb300000)
  to   space 22016K, 0% used [0x00000000ec700000,0x00000000ec700000,0x00000000edc80000)
 ParOldGen       total 121344K, used 42805K [0x0000000081200000, 0x0000000088880000, 0x00000000d5b80000)
  object space 121344K, 35% used [0x0000000081200000,0x0000000083bcd478,0x0000000088880000)
 Metaspace       used 26680K, capacity 27041K, committed 27264K, reserved 1073152K
  class space    used 3870K, capacity 3968K, committed 3968K, reserved 1048576K
}
Event: 97.031 GC heap before
{Heap before GC invocations=24 (full 2):
 PSYoungGen      total 351744K, used 330666K [0x00000000d5b80000, 0x00000000edc80000, 0x0000000100000000)
  eden space 328704K, 99% used [0x00000000d5b80000,0x00000000e9c74668,0x00000000e9c80000)
  from space 23040K, 8% used [0x00000000e9c80000,0x00000000e9e76330,0x00000000eb300000)
  to   space 22016K, 0% used [0x00000000ec700000,0x00000000ec700000,0x00000000edc80000)
 ParOldGen       total 121344K, used 42805K [0x0000000081200000, 0x0000000088880000, 0x00000000d5b80000)
  object space 121344K, 35% used [0x0000000081200000,0x0000000083bcd478,0x0000000088880000)
 Metaspace       used 26684K, capacity 27041K, committed 27264K, reserved 1073152K
  class space    used 3870K, capacity 3968K, committed 3968K, reserved 1048576K
Event: 97.039 GC heap after
Heap after GC invocations=24 (full 2):
 PSYoungGen      total 365056K, used 1880K [0x00000000d5b80000, 0x00000000ed800000, 0x0000000100000000)
  eden space 347648K, 0% used [0x00000000d5b80000,0x00000000d5b80000,0x00000000eaf00000)
  from space 17408K, 10% used [0x00000000ec700000,0x00000000ec8d6330,0x00000000ed800000)
  to   space 20992K, 0% used [0x00000000eaf00000,0x00000000eaf00000,0x00000000ec380000)
 ParOldGen       total 121344K, used 42805K [0x0000000081200000, 0x0000000088880000, 0x00000000d5b80000)
  object space 121344K, 35% used [0x0000000081200000,0x0000000083bcd478,0x0000000088880000)
 Metaspace       used 26684K, capacity 27041K, committed 27264K, reserved 1073152K
  class space    used 3870K, capacity 3968K, committed 3968K, reserved 1048576K
}
Event: 104.729 GC heap before
{Heap before GC invocations=25 (full 2):
 PSYoungGen      total 365056K, used 348333K [0x00000000d5b80000, 0x00000000ed800000, 0x0000000100000000)
  eden space 347648K, 99% used [0x00000000d5b80000,0x00000000eadd5110,0x00000000eaf00000)
  from space 17408K, 10% used [0x00000000ec700000,0x00000000ec8d6330,0x00000000ed800000)
  to   space 20992K, 0% used [0x00000000eaf00000,0x00000000eaf00000,0x00000000ec380000)
 ParOldGen       total 121344K, used 42805K [0x0000000081200000, 0x0000000088880000, 0x00000000d5b80000)
  object space 121344K, 35% used [0x0000000081200000,0x0000000083bcd478,0x0000000088880000)
 Metaspace       used 26684K, capacity 27041K, committed 27264K, reserved 1073152K
  class space    used 3870K, capacity 3968K, committed 3968K, reserved 1048576K
Event: 104.741 GC heap after
Heap after GC invocations=25 (full 2):
 PSYoungGen      total 335360K, used 2008K [0x00000000d5b80000, 0x00000000ec900000, 0x0000000100000000)
  eden space 333312K, 0% used [0x00000000d5b80000,0x00000000d5b80000,0x00000000ea100000)
  from space 2048K, 98% used [0x00000000eaf00000,0x00000000eb0f6330,0x00000000eb100000)
  to   space 20480K, 0% used [0x00000000eb500000,0x00000000eb500000,0x00000000ec900000)
 ParOldGen       total 121344K, used 42805K [0x0000000081200000, 0x0000000088880000, 0x00000000d5b80000)
  object space 121344K, 35% used [0x0000000081200000,0x0000000083bcd478,0x0000000088880000)
 Metaspace       used 26684K, capacity 27041K, committed 27264K, reserved 1073152K
  class space    used 3870K, capacity 3968K, committed 3968K, reserved 1048576K
}
Event: 111.890 GC heap before
{Heap before GC invocations=26 (full 2):
 PSYoungGen      total 335360K, used 335320K [0x00000000d5b80000, 0x00000000ec900000, 0x0000000100000000)
  eden space 333312K, 100% used [0x00000000d5b80000,0x00000000ea100000,0x00000000ea100000)
  from space 2048K, 98% used [0x00000000eaf00000,0x00000000eb0f6330,0x00000000eb100000)
  to   space 20480K, 0% used [0x00000000eb500000,0x00000000eb500000,0x00000000ec900000)
 ParOldGen       total 121344K, used 42805K [0x0000000081200000, 0x0000000088880000, 0x00000000d5b80000)
  object space 121344K, 35% used [0x0000000081200000,0x0000000083bcd478,0x0000000088880000)
 Metaspace       used 26686K, capacity 27041K, committed 27264K, reserved 1073152K
  class space    used 3870K, capacity 3968K, committed 3968K, reserved 1048576K
Event: 111.905 GC heap after
Heap after GC invocations=26 (full 2):
 PSYoungGen      total 324096K, used 1816K [0x00000000d5b80000, 0x00000000eb980000, 0x0000000100000000)
  eden space 319488K, 0% used [0x00000000d5b80000,0x00000000d5b80000,0x00000000e9380000)
  from space 4608K, 39% used [0x00000000eb500000,0x00000000eb6c6330,0x00000000eb980000)
  to   space 19456K, 0% used [0x00000000e9380000,0x00000000e9380000,0x00000000ea680000)
 ParOldGen       total 121344K, used 42813K [0x0000000081200000, 0x0000000088880000, 0x00000000d5b80000)
  object space 121344K, 35% used [0x0000000081200000,0x0000000083bcf478,0x0000000088880000)
 Metaspace       used 26686K, capacity 27041K, committed 27264K, reserved 1073152K
  class space    used 3870K, capacity 3968K, committed 3968K, reserved 1048576K
}

