# JRE version: Java(TM) SE Runtime Environment (8.0_111-b14) (build 1.8.0_111-b14)
# Java VM: Java HotSpot(TM) 64-Bit Server VM (25.111-b14 mixed mode windows-amd64 compressed oops)
Heap:
 PSYoungGen      total 202752K, used 52075K [0x00000000d5b80000, 0x00000000e6100000, 0x0000000100000000)
  eden space 184320K, 26% used [0x00000000d5b80000,0x00000000d8bf31c8,0x00000000e0f80000)
  from space 18432K, 13% used [0x00000000e0f80000,0x00000000e11e7b28,0x00000000e2180000)
  to   space 18944K, 0% used [0x00000000e4e80000,0x00000000e4e80000,0x00000000e6100000)
 ParOldGen       total 119808K, used 74597K [0x0000000081200000, 0x0000000088700000, 0x00000000d5b80000)
  object space 119808K, 62% used [0x0000000081200000,0x0000000085ad94a0,0x0000000088700000)
 Metaspace       used 26419K, capacity 26785K, committed 27008K, reserved 1073152K
  class space    used 3863K, capacity 3968K, committed 3968K, reserved 1048576K
GC Heap History (10 events):
Event: 8.517 GC heap before
{Heap before GC invocations=9 (full 2):
 PSYoungGen      total 108544K, used 11365K [0x00000000d5b80000, 0x00000000e1500000, 0x0000000100000000)
  eden space 94720K, 0% used [0x00000000d5b80000,0x00000000d5b80000,0x00000000db800000)
  from space 13824K, 82% used [0x00000000db800000,0x00000000dc319590,0x00000000dc580000)
  to   space 14848K, 0% used [0x00000000e0680000,0x00000000e0680000,0x00000000e1500000)
 ParOldGen       total 60416K, used 54115K [0x0000000081200000, 0x0000000084d00000, 0x00000000d5b80000)
  object space 60416K, 89% used [0x0000000081200000,0x00000000846d8c48,0x0000000084d00000)
 Metaspace       used 25931K, capacity 26305K, committed 26496K, reserved 1071104K
  class space    used 3850K, capacity 3936K, committed 3968K, reserved 1048576K
Event: 8.578 GC heap after
Heap after GC invocations=9 (full 2):
 PSYoungGen      total 108544K, used 0K [0x00000000d5b80000, 0x00000000e1500000, 0x0000000100000000)
  eden space 94720K, 0% used [0x00000000d5b80000,0x00000000d5b80000,0x00000000db800000)
  from space 13824K, 0% used [0x00000000db800000,0x00000000db800000,0x00000000dc580000)
  to   space 14848K, 0% used [0x00000000e0680000,0x00000000e0680000,0x00000000e1500000)
 ParOldGen       total 119808K, used 37507K [0x0000000081200000, 0x0000000088700000, 0x00000000d5b80000)
  object space 119808K, 31% used [0x0000000081200000,0x00000000836a0e28,0x0000000088700000)
 Metaspace       used 25931K, capacity 26305K, committed 26496K, reserved 1071104K
  class space    used 3850K, capacity 3936K, committed 3968K, reserved 1048576K
}
Event: 9.469 GC heap before
{Heap before GC invocations=10 (full 2):
 PSYoungGen      total 108544K, used 94720K [0x00000000d5b80000, 0x00000000e1500000, 0x0000000100000000)
  eden space 94720K, 100% used [0x00000000d5b80000,0x00000000db800000,0x00000000db800000)
  from space 13824K, 0% used [0x00000000db800000,0x00000000db800000,0x00000000dc580000)
  to   space 14848K, 0% used [0x00000000e0680000,0x00000000e0680000,0x00000000e1500000)
 ParOldGen       total 119808K, used 37507K [0x0000000081200000, 0x0000000088700000, 0x00000000d5b80000)
  object space 119808K, 31% used [0x0000000081200000,0x00000000836a0e28,0x0000000088700000)
 Metaspace       used 26117K, capacity 26497K, committed 26752K, reserved 1073152K
  class space    used 3850K, capacity 3936K, committed 3968K, reserved 1048576K
Event: 9.476 GC heap after
Heap after GC invocations=10 (full 2):
 PSYoungGen      total 157184K, used 12864K [0x00000000d5b80000, 0x00000000e1380000, 0x0000000100000000)
  eden space 143872K, 0% used [0x00000000d5b80000,0x00000000d5b80000,0x00000000de800000)
  from space 13312K, 96% used [0x00000000e0680000,0x00000000e1310030,0x00000000e1380000)
  to   space 16384K, 0% used [0x00000000df380000,0x00000000df380000,0x00000000e0380000)
 ParOldGen       total 119808K, used 37515K [0x0000000081200000, 0x0000000088700000, 0x00000000d5b80000)
  object space 119808K, 31% used [0x0000000081200000,0x00000000836a2e28,0x0000000088700000)
 Metaspace       used 26117K, capacity 26497K, committed 26752K, reserved 1073152K
  class space    used 3850K, capacity 3936K, committed 3968K, reserved 1048576K
}
Event: 10.601 GC heap before
{Heap before GC invocations=11 (full 2):
 PSYoungGen      total 157184K, used 155181K [0x00000000d5b80000, 0x00000000e1380000, 0x0000000100000000)
  eden space 143872K, 98% used [0x00000000d5b80000,0x00000000de67b4d8,0x00000000de800000)
  from space 13312K, 96% used [0x00000000e0680000,0x00000000e1310030,0x00000000e1380000)
  to   space 16384K, 0% used [0x00000000df380000,0x00000000df380000,0x00000000e0380000)
 ParOldGen       total 119808K, used 41611K [0x0000000081200000, 0x0000000088700000, 0x00000000d5b80000)
  object space 119808K, 34% used [0x0000000081200000,0x0000000083aa2e38,0x0000000088700000)
 Metaspace       used 26189K, capacity 26561K, committed 26752K, reserved 1073152K
  class space    used 3851K, capacity 3936K, committed 3968K, reserved 1048576K
Event: 10.608 GC heap after
Heap after GC invocations=11 (full 2):
 PSYoungGen      total 172032K, used 13240K [0x00000000d5b80000, 0x00000000e3280000, 0x0000000100000000)
  eden space 155648K, 0% used [0x00000000d5b80000,0x00000000d5b80000,0x00000000df380000)
  from space 16384K, 80% used [0x00000000df380000,0x00000000e006e040,0x00000000e0380000)
  to   space 17408K, 0% used [0x00000000e2180000,0x00000000e2180000,0x00000000e3280000)
 ParOldGen       total 119808K, used 58003K [0x0000000081200000, 0x0000000088700000, 0x00000000d5b80000)
  object space 119808K, 48% used [0x0000000081200000,0x0000000084aa4e78,0x0000000088700000)
 Metaspace       used 26189K, capacity 26561K, committed 26752K, reserved 1073152K
  class space    used 3851K, capacity 3936K, committed 3968K, reserved 1048576K
}
Event: 11.768 GC heap before
{Heap before GC invocations=12 (full 2):
 PSYoungGen      total 172032K, used 168888K [0x00000000d5b80000, 0x00000000e3280000, 0x0000000100000000)
  eden space 155648K, 100% used [0x00000000d5b80000,0x00000000df380000,0x00000000df380000)
  from space 16384K, 80% used [0x00000000df380000,0x00000000e006e040,0x00000000e0380000)
  to   space 17408K, 0% used [0x00000000e2180000,0x00000000e2180000,0x00000000e3280000)
 ParOldGen       total 119808K, used 58197K [0x0000000081200000, 0x0000000088700000, 0x00000000d5b80000)
  object space 119808K, 48% used [0x0000000081200000,0x0000000084ad5460,0x0000000088700000)
 Metaspace       used 26200K, capacity 26625K, committed 26752K, reserved 1073152K
  class space    used 3851K, capacity 3936K, committed 3968K, reserved 1048576K
Event: 11.779 GC heap after
Heap after GC invocations=12 (full 2):
 PSYoungGen      total 201728K, used 13720K [0x00000000d5b80000, 0x00000000e4200000, 0x0000000100000000)
  eden space 184320K, 0% used [0x00000000d5b80000,0x00000000d5b80000,0x00000000e0f80000)
  from space 17408K, 78% used [0x00000000e2180000,0x00000000e2ee6040,0x00000000e3280000)
  to   space 18432K, 0% used [0x00000000e0f80000,0x00000000e0f80000,0x00000000e2180000)
 ParOldGen       total 119808K, used 74589K [0x0000000081200000, 0x0000000088700000, 0x00000000d5b80000)
  object space 119808K, 62% used [0x0000000081200000,0x0000000085ad74a0,0x0000000088700000)
 Metaspace       used 26200K, capacity 26625K, committed 26752K, reserved 1073152K
  class space    used 3851K, capacity 3936K, committed 3968K, reserved 1048576K
}
Event: 13.260 GC heap before
{Heap before GC invocations=13 (full 2):
 PSYoungGen      total 201728K, used 198040K [0x00000000d5b80000, 0x00000000e4200000, 0x0000000100000000)
  eden space 184320K, 100% used [0x00000000d5b80000,0x00000000e0f80000,0x00000000e0f80000)
  from space 17408K, 78% used [0x00000000e2180000,0x00000000e2ee6040,0x00000000e3280000)
  to   space 18432K, 0% used [0x00000000e0f80000,0x00000000e0f80000,0x00000000e2180000)
 ParOldGen       total 119808K, used 74589K [0x0000000081200000, 0x0000000088700000, 0x00000000d5b80000)
  object space 119808K, 62% used [0x0000000081200000,0x0000000085ad74a0,0x0000000088700000)
 Metaspace       used 26347K, capacity 26721K, committed 27008K, reserved 1073152K
  class space    used 3860K, capacity 3968K, committed 3968K, reserved 1048576K
Event: 13.264 GC heap after
Heap after GC invocations=13 (full 2):
 PSYoungGen      total 202752K, used 2462K [0x00000000d5b80000, 0x00000000e6100000, 0x0000000100000000)
  eden space 184320K, 0% used [0x00000000d5b80000,0x00000000d5b80000,0x00000000e0f80000)
  from space 18432K, 13% used [0x00000000e0f80000,0x00000000e11e7b28,0x00000000e2180000)
  to   space 18944K, 0% used [0x00000000e4e80000,0x00000000e4e80000,0x00000000e6100000)
 ParOldGen       total 119808K, used 74597K [0x0000000081200000, 0x0000000088700000, 0x00000000d5b80000)
  object space 119808K, 62% used [0x0000000081200000,0x0000000085ad94a0,0x0000000088700000)
 Metaspace       used 26347K, capacity 26721K, committed 27008K, reserved 1073152K
  class space    used 3860K, capacity 3968K, committed 3968K, reserved 1048576K
}

