# JRE version: Java(TM) SE Runtime Environment (8.0_111-b14) (build 1.8.0_111-b14)
# Java VM: Java HotSpot(TM) 64-Bit Server VM (25.111-b14 mixed mode windows-amd64 compressed oops)
Heap:
 PSYoungGen      total 439296K, used 114632K [0x00000000d5b80000, 0x00000000f9400000, 0x0000000100000000)
  eden space 352768K, 10% used [0x00000000d5b80000,0x00000000d7ee0d10,0x00000000eb400000)
  from space 86528K, 90% used [0x00000000eb400000,0x00000000f0091590,0x00000000f0880000)
  to   space 101888K, 0% used [0x00000000f3080000,0x00000000f3080000,0x00000000f9400000)
 ParOldGen       total 297472K, used 116178K [0x0000000081200000, 0x0000000093480000, 0x00000000d5b80000)
  object space 297472K, 39% used [0x0000000081200000,0x0000000088374810,0x0000000093480000)
 Metaspace       used 27296K, capacity 27681K, committed 27904K, reserved 1073152K
  class space    used 3990K, capacity 4096K, committed 4096K, reserved 1048576K
GC Heap History (10 events):
Event: 35.409 GC heap before
{Heap before GC invocations=20 (full 5):
 PSYoungGen      total 371712K, used 276512K [0x00000000d5b80000, 0x00000000f2a80000, 0x0000000100000000)
  eden space 275456K, 100% used [0x00000000d5b80000,0x00000000e6880000,0x00000000e6880000)
  from space 96256K, 1% used [0x00000000ecc80000,0x00000000ecd88000,0x00000000f2a80000)
  to   space 99328K, 0% used [0x00000000e6880000,0x00000000e6880000,0x00000000ec980000)
 ParOldGen       total 297472K, used 68066K [0x0000000081200000, 0x0000000093480000, 0x00000000d5b80000)
  object space 297472K, 22% used [0x0000000081200000,0x0000000085478a28,0x0000000093480000)
 Metaspace       used 27017K, capacity 27457K, committed 27648K, reserved 1073152K
  class space    used 3959K, capacity 4064K, committed 4096K, reserved 1048576K
Event: 35.412 GC heap after
Heap after GC invocations=20 (full 5):
 PSYoungGen      total 374784K, used 1056K [0x00000000d5b80000, 0x00000000f6100000, 0x0000000100000000)
  eden space 275456K, 0% used [0x00000000d5b80000,0x00000000d5b80000,0x00000000e6880000)
  from space 99328K, 1% used [0x00000000e6880000,0x00000000e6988000,0x00000000ec980000)
  to   space 96768K, 0% used [0x00000000f0280000,0x00000000f0280000,0x00000000f6100000)
 ParOldGen       total 297472K, used 68074K [0x0000000081200000, 0x0000000093480000, 0x00000000d5b80000)
  object space 297472K, 22% used [0x0000000081200000,0x000000008547aa28,0x0000000093480000)
 Metaspace       used 27017K, capacity 27457K, committed 27648K, reserved 1073152K
  class space    used 3959K, capacity 4064K, committed 4096K, reserved 1048576K
}
Event: 43.405 GC heap before
{Heap before GC invocations=21 (full 5):
 PSYoungGen      total 374784K, used 276232K [0x00000000d5b80000, 0x00000000f6100000, 0x0000000100000000)
  eden space 275456K, 99% used [0x00000000d5b80000,0x00000000e683a0a8,0x00000000e6880000)
  from space 99328K, 1% used [0x00000000e6880000,0x00000000e6988000,0x00000000ec980000)
  to   space 96768K, 0% used [0x00000000f0280000,0x00000000f0280000,0x00000000f6100000)
 ParOldGen       total 297472K, used 69480K [0x0000000081200000, 0x0000000093480000, 0x00000000d5b80000)
  object space 297472K, 23% used [0x0000000081200000,0x00000000855da338,0x0000000093480000)
 Metaspace       used 27048K, capacity 27457K, committed 27648K, reserved 1073152K
  class space    used 3959K, capacity 4064K, committed 4096K, reserved 1048576K
Event: 43.419 GC heap after
Heap after GC invocations=21 (full 5):
 PSYoungGen      total 406528K, used 1248K [0x00000000d5b80000, 0x00000000f5100000, 0x0000000100000000)
  eden space 326144K, 0% used [0x00000000d5b80000,0x00000000d5b80000,0x00000000e9a00000)
  from space 80384K, 1% used [0x00000000f0280000,0x00000000f03b8000,0x00000000f5100000)
  to   space 93696K, 0% used [0x00000000e9a00000,0x00000000e9a00000,0x00000000ef580000)
 ParOldGen       total 297472K, used 69488K [0x0000000081200000, 0x0000000093480000, 0x00000000d5b80000)
  object space 297472K, 23% used [0x0000000081200000,0x00000000855dc338,0x0000000093480000)
 Metaspace       used 27048K, capacity 27457K, committed 27648K, reserved 1073152K
  class space    used 3959K, capacity 4064K, committed 4096K, reserved 1048576K
}
Event: 53.764 GC heap before
{Heap before GC invocations=22 (full 5):
 PSYoungGen      total 406528K, used 327392K [0x00000000d5b80000, 0x00000000f5100000, 0x0000000100000000)
  eden space 326144K, 100% used [0x00000000d5b80000,0x00000000e9a00000,0x00000000e9a00000)
  from space 80384K, 1% used [0x00000000f0280000,0x00000000f03b8000,0x00000000f5100000)
  to   space 93696K, 0% used [0x00000000e9a00000,0x00000000e9a00000,0x00000000ef580000)
 ParOldGen       total 297472K, used 70898K [0x0000000081200000, 0x0000000093480000, 0x00000000d5b80000)
  object space 297472K, 23% used [0x0000000081200000,0x000000008573cad0,0x0000000093480000)
 Metaspace       used 27059K, capacity 27457K, committed 27648K, reserved 1073152K
  class space    used 3959K, capacity 4064K, committed 4096K, reserved 1048576K
Event: 53.775 GC heap after
Heap after GC invocations=22 (full 5):
 PSYoungGen      total 419840K, used 1376K [0x00000000d5b80000, 0x00000000f6a00000, 0x0000000100000000)
  eden space 326144K, 0% used [0x00000000d5b80000,0x00000000d5b80000,0x00000000e9a00000)
  from space 93696K, 1% used [0x00000000e9a00000,0x00000000e9b58000,0x00000000ef580000)
  to   space 90112K, 0% used [0x00000000f1200000,0x00000000f1200000,0x00000000f6a00000)
 ParOldGen       total 297472K, used 70906K [0x0000000081200000, 0x0000000093480000, 0x00000000d5b80000)
  object space 297472K, 23% used [0x0000000081200000,0x000000008573ead0,0x0000000093480000)
 Metaspace       used 27059K, capacity 27457K, committed 27648K, reserved 1073152K
  class space    used 3959K, capacity 4064K, committed 4096K, reserved 1048576K
}
Event: 64.190 GC heap before
{Heap before GC invocations=23 (full 5):
 PSYoungGen      total 419840K, used 327520K [0x00000000d5b80000, 0x00000000f6a00000, 0x0000000100000000)
  eden space 326144K, 100% used [0x00000000d5b80000,0x00000000e9a00000,0x00000000e9a00000)
  from space 93696K, 1% used [0x00000000e9a00000,0x00000000e9b58000,0x00000000ef580000)
  to   space 90112K, 0% used [0x00000000f1200000,0x00000000f1200000,0x00000000f6a00000)
 ParOldGen       total 297472K, used 77939K [0x0000000081200000, 0x0000000093480000, 0x00000000d5b80000)
  object space 297472K, 26% used [0x0000000081200000,0x0000000085e1ced0,0x0000000093480000)
 Metaspace       used 27263K, capacity 27617K, committed 27904K, reserved 1073152K
  class space    used 3989K, capacity 4096K, committed 4096K, reserved 1048576K
Event: 64.202 GC heap after
Heap after GC invocations=23 (full 5):
 PSYoungGen      total 429568K, used 1600K [0x00000000d5b80000, 0x00000000f5d00000, 0x0000000100000000)
  eden space 352768K, 0% used [0x00000000d5b80000,0x00000000d5b80000,0x00000000eb400000)
  from space 76800K, 2% used [0x00000000f1200000,0x00000000f1390000,0x00000000f5d00000)
  to   space 86528K, 0% used [0x00000000eb400000,0x00000000eb400000,0x00000000f0880000)
 ParOldGen       total 297472K, used 77947K [0x0000000081200000, 0x0000000093480000, 0x00000000d5b80000)
  object space 297472K, 26% used [0x0000000081200000,0x0000000085e1eed0,0x0000000093480000)
 Metaspace       used 27263K, capacity 27617K, committed 27904K, reserved 1073152K
  class space    used 3989K, capacity 4096K, committed 4096K, reserved 1048576K
}
Event: 69.196 GC heap before
{Heap before GC invocations=24 (full 5):
 PSYoungGen      total 429568K, used 354368K [0x00000000d5b80000, 0x00000000f5d00000, 0x0000000100000000)
  eden space 352768K, 100% used [0x00000000d5b80000,0x00000000eb400000,0x00000000eb400000)
  from space 76800K, 2% used [0x00000000f1200000,0x00000000f1390000,0x00000000f5d00000)
  to   space 86528K, 0% used [0x00000000eb400000,0x00000000eb400000,0x00000000f0880000)
 ParOldGen       total 297472K, used 77947K [0x0000000081200000, 0x0000000093480000, 0x00000000d5b80000)
  object space 297472K, 26% used [0x0000000081200000,0x0000000085e1eed0,0x0000000093480000)
 Metaspace       used 27293K, capacity 27681K, committed 27904K, reserved 1073152K
  class space    used 3990K, capacity 4096K, committed 4096K, reserved 1048576K
Event: 69.227 GC heap after
Heap after GC invocations=24 (full 5):
 PSYoungGen      total 439296K, used 78405K [0x00000000d5b80000, 0x00000000f9400000, 0x0000000100000000)
  eden space 352768K, 0% used [0x00000000d5b80000,0x00000000d5b80000,0x00000000eb400000)
  from space 86528K, 90% used [0x00000000eb400000,0x00000000f0091590,0x00000000f0880000)
  to   space 101888K, 0% used [0x00000000f3080000,0x00000000f3080000,0x00000000f9400000)
 ParOldGen       total 297472K, used 116178K [0x0000000081200000, 0x0000000093480000, 0x00000000d5b80000)
  object space 297472K, 39% used [0x0000000081200000,0x0000000088374810,0x0000000093480000)
 Metaspace       used 27293K, capacity 27681K, committed 27904K, reserved 1073152K
  class space    used 3990K, capacity 4096K, committed 4096K, reserved 1048576K
}

