# JRE version: Java(TM) SE Runtime Environment (8.0_111-b14) (build 1.8.0_111-b14)
# Java VM: Java HotSpot(TM) 64-Bit Server VM (25.111-b14 mixed mode windows-amd64 compressed oops)
Heap:
 PSYoungGen      total 373760K, used 197242K [0x00000000d5b80000, 0x00000000f9300000, 0x0000000100000000)
  eden space 201216K, 40% used [0x00000000d5b80000,0x00000000daad9d00,0x00000000e2000000)
  from space 172544K, 67% used [0x00000000e2000000,0x00000000e9144ed0,0x00000000ec880000)
  to   space 183808K, 0% used [0x00000000edf80000,0x00000000edf80000,0x00000000f9300000)
 ParOldGen       total 312832K, used 75544K [0x0000000081200000, 0x0000000094380000, 0x00000000d5b80000)
  object space 312832K, 24% used [0x0000000081200000,0x0000000085bc63e0,0x0000000094380000)
 Metaspace       used 27224K, capacity 27617K, committed 27904K, reserved 1073152K
  class space    used 3992K, capacity 4096K, committed 4096K, reserved 1048576K
GC Heap History (10 events):
Event: 16.175 GC heap before
{Heap before GC invocations=20 (full 5):
 PSYoungGen      total 293376K, used 172762K [0x00000000d5b80000, 0x00000000f2200000, 0x0000000100000000)
  eden space 173568K, 99% used [0x00000000d5b80000,0x00000000e0436898,0x00000000e0500000)
  from space 119808K, 0% used [0x00000000e8c00000,0x00000000e8c00000,0x00000000f0100000)
  to   space 138240K, 0% used [0x00000000e0500000,0x00000000e0500000,0x00000000e8c00000)
 ParOldGen       total 312832K, used 75512K [0x0000000081200000, 0x0000000094380000, 0x00000000d5b80000)
  object space 312832K, 24% used [0x0000000081200000,0x0000000085bbe3e0,0x0000000094380000)
 Metaspace       used 26832K, capacity 27265K, committed 27392K, reserved 1073152K
  class space    used 3958K, capacity 4064K, committed 4096K, reserved 1048576K
Event: 16.179 GC heap after
Heap after GC invocations=20 (full 5):
 PSYoungGen      total 311808K, used 1216K [0x00000000d5b80000, 0x00000000f2e00000, 0x0000000100000000)
  eden space 173568K, 0% used [0x00000000d5b80000,0x00000000d5b80000,0x00000000e0500000)
  from space 138240K, 0% used [0x00000000e0500000,0x00000000e0630000,0x00000000e8c00000)
  to   space 136704K, 0% used [0x00000000ea880000,0x00000000ea880000,0x00000000f2e00000)
 ParOldGen       total 312832K, used 75520K [0x0000000081200000, 0x0000000094380000, 0x00000000d5b80000)
  object space 312832K, 24% used [0x0000000081200000,0x0000000085bc03e0,0x0000000094380000)
 Metaspace       used 26832K, capacity 27265K, committed 27392K, reserved 1073152K
  class space    used 3958K, capacity 4064K, committed 4096K, reserved 1048576K
}
Event: 22.143 GC heap before
{Heap before GC invocations=21 (full 5):
 PSYoungGen      total 311808K, used 160112K [0x00000000d5b80000, 0x00000000f2e00000, 0x0000000100000000)
  eden space 173568K, 91% used [0x00000000d5b80000,0x00000000df6ac320,0x00000000e0500000)
  from space 138240K, 0% used [0x00000000e0500000,0x00000000e0630000,0x00000000e8c00000)
  to   space 136704K, 0% used [0x00000000ea880000,0x00000000ea880000,0x00000000f2e00000)
 ParOldGen       total 312832K, used 75520K [0x0000000081200000, 0x0000000094380000, 0x00000000d5b80000)
  object space 312832K, 24% used [0x0000000081200000,0x0000000085bc03e0,0x0000000094380000)
 Metaspace       used 27105K, capacity 27553K, committed 27648K, reserved 1073152K
  class space    used 3992K, capacity 4096K, committed 4096K, reserved 1048576K
Event: 22.147 GC heap after
Heap after GC invocations=21 (full 5):
 PSYoungGen      total 323584K, used 1344K [0x00000000d5b80000, 0x00000000f2280000, 0x0000000100000000)
  eden space 198656K, 0% used [0x00000000d5b80000,0x00000000d5b80000,0x00000000e1d80000)
  from space 124928K, 1% used [0x00000000ea880000,0x00000000ea9d0000,0x00000000f2280000)
  to   space 133632K, 0% used [0x00000000e1d80000,0x00000000e1d80000,0x00000000ea000000)
 ParOldGen       total 312832K, used 75528K [0x0000000081200000, 0x0000000094380000, 0x00000000d5b80000)
  object space 312832K, 24% used [0x0000000081200000,0x0000000085bc23e0,0x0000000094380000)
 Metaspace       used 27105K, capacity 27553K, committed 27648K, reserved 1073152K
  class space    used 3992K, capacity 4096K, committed 4096K, reserved 1048576K
}
Event: 23.484 GC heap before
{Heap before GC invocations=22 (full 5):
 PSYoungGen      total 323584K, used 200000K [0x00000000d5b80000, 0x00000000f2280000, 0x0000000100000000)
  eden space 198656K, 100% used [0x00000000d5b80000,0x00000000e1d80000,0x00000000e1d80000)
  from space 124928K, 1% used [0x00000000ea880000,0x00000000ea9d0000,0x00000000f2280000)
  to   space 133632K, 0% used [0x00000000e1d80000,0x00000000e1d80000,0x00000000ea000000)
 ParOldGen       total 312832K, used 75528K [0x0000000081200000, 0x0000000094380000, 0x00000000d5b80000)
  object space 312832K, 24% used [0x0000000081200000,0x0000000085bc23e0,0x0000000094380000)
 Metaspace       used 27115K, capacity 27553K, committed 27648K, reserved 1073152K
  class space    used 3992K, capacity 4096K, committed 4096K, reserved 1048576K
Event: 23.511 GC heap after
Heap after GC invocations=22 (full 5):
 PSYoungGen      total 332288K, used 128211K [0x00000000d5b80000, 0x00000000f6280000, 0x0000000100000000)
  eden space 198656K, 0% used [0x00000000d5b80000,0x00000000d5b80000,0x00000000e1d80000)
  from space 133632K, 95% used [0x00000000e1d80000,0x00000000e9ab4f00,0x00000000ea000000)
  to   space 157696K, 0% used [0x00000000ec880000,0x00000000ec880000,0x00000000f6280000)
 ParOldGen       total 312832K, used 75528K [0x0000000081200000, 0x0000000094380000, 0x00000000d5b80000)
  object space 312832K, 24% used [0x0000000081200000,0x0000000085bc23e0,0x0000000094380000)
 Metaspace       used 27115K, capacity 27553K, committed 27648K, reserved 1073152K
  class space    used 3992K, capacity 4096K, committed 4096K, reserved 1048576K
}
Event: 29.598 GC heap before
{Heap before GC invocations=23 (full 5):
 PSYoungGen      total 332288K, used 325597K [0x00000000d5b80000, 0x00000000f6280000, 0x0000000100000000)
  eden space 198656K, 99% used [0x00000000d5b80000,0x00000000e1c42660,0x00000000e1d80000)
  from space 133632K, 95% used [0x00000000e1d80000,0x00000000e9ab4f00,0x00000000ea000000)
  to   space 157696K, 0% used [0x00000000ec880000,0x00000000ec880000,0x00000000f6280000)
 ParOldGen       total 312832K, used 75528K [0x0000000081200000, 0x0000000094380000, 0x00000000d5b80000)
  object space 312832K, 24% used [0x0000000081200000,0x0000000085bc23e0,0x0000000094380000)
 Metaspace       used 27164K, capacity 27553K, committed 27648K, reserved 1073152K
  class space    used 3992K, capacity 4096K, committed 4096K, reserved 1048576K
Event: 29.636 GC heap after
Heap after GC invocations=23 (full 5):
 PSYoungGen      total 358912K, used 116083K [0x00000000d5b80000, 0x00000000f7d00000, 0x0000000100000000)
  eden space 201216K, 0% used [0x00000000d5b80000,0x00000000d5b80000,0x00000000e2000000)
  from space 157696K, 73% used [0x00000000ec880000,0x00000000f39dced0,0x00000000f6280000)
  to   space 172544K, 0% used [0x00000000e2000000,0x00000000e2000000,0x00000000ec880000)
 ParOldGen       total 312832K, used 75536K [0x0000000081200000, 0x0000000094380000, 0x00000000d5b80000)
  object space 312832K, 24% used [0x0000000081200000,0x0000000085bc43e0,0x0000000094380000)
 Metaspace       used 27164K, capacity 27553K, committed 27648K, reserved 1073152K
  class space    used 3992K, capacity 4096K, committed 4096K, reserved 1048576K
}
Event: 37.614 GC heap before
{Heap before GC invocations=24 (full 5):
 PSYoungGen      total 358912K, used 316927K [0x00000000d5b80000, 0x00000000f7d00000, 0x0000000100000000)
  eden space 201216K, 99% used [0x00000000d5b80000,0x00000000e1fa2f50,0x00000000e2000000)
  from space 157696K, 73% used [0x00000000ec880000,0x00000000f39dced0,0x00000000f6280000)
  to   space 172544K, 0% used [0x00000000e2000000,0x00000000e2000000,0x00000000ec880000)
 ParOldGen       total 312832K, used 75536K [0x0000000081200000, 0x0000000094380000, 0x00000000d5b80000)
  object space 312832K, 24% used [0x0000000081200000,0x0000000085bc43e0,0x0000000094380000)
 Metaspace       used 27213K, capacity 27617K, committed 27904K, reserved 1073152K
  class space    used 3992K, capacity 4096K, committed 4096K, reserved 1048576K
Event: 37.634 GC heap after
Heap after GC invocations=24 (full 5):
 PSYoungGen      total 373760K, used 115987K [0x00000000d5b80000, 0x00000000f9300000, 0x0000000100000000)
  eden space 201216K, 0% used [0x00000000d5b80000,0x00000000d5b80000,0x00000000e2000000)
  from space 172544K, 67% used [0x00000000e2000000,0x00000000e9144ed0,0x00000000ec880000)
  to   space 183808K, 0% used [0x00000000edf80000,0x00000000edf80000,0x00000000f9300000)
 ParOldGen       total 312832K, used 75544K [0x0000000081200000, 0x0000000094380000, 0x00000000d5b80000)
  object space 312832K, 24% used [0x0000000081200000,0x0000000085bc63e0,0x0000000094380000)
 Metaspace       used 27213K, capacity 27617K, committed 27904K, reserved 1073152K
  class space    used 3992K, capacity 4096K, committed 4096K, reserved 1048576K
}

